#
# There is insufficient memory for the Java Runtime Environment to continue.
# Native memory allocation (mmap) failed to map 65536 bytes for Failed to commit metaspace.
# Possible reasons:
#   The system is out of physical RAM or swap space
#   The process is running with CompressedOops enabled, and the Java Heap may be blocking the growth of the native heap
# Possible solutions:
#   Reduce memory load on the system
#   Increase physical memory or swap space
#   Check if swap backing store is full
#   Decrease Java heap size (-Xmx/-Xms)
#   Decrease number of Java threads
#   Decrease Java thread stack sizes (-Xss)
#   Set larger code cache with -XX:ReservedCodeCacheSize=
#   JVM is running with Unscaled Compressed Oops mode in which the Java heap is
#     placed in the first 4GB address space. The Java Heap base address is the
#     maximum limit for the native heap growth. Please use -XX:HeapBaseMinAddress
#     to set the Java Heap base and to place the Java Heap above 4GB virtual address.
# This output file may be truncated or incomplete.
#
#  Out of Memory Error (virtualSpaceNode.cpp:110), pid=3704, tid=1044
#
# JRE version: OpenJDK Runtime Environment Temurin-17.0.9+9 (17.0.9+9) (build 17.0.9+9)
# Java VM: OpenJDK 64-Bit Server VM Temurin-17.0.9+9 (17.0.9+9, mixed mode, tiered, compressed oops, compressed class ptrs, parallel gc, windows-amd64)
# No core dump will be written. Minidumps are not enabled by default on client versions of Windows
#

---------------  S U M M A R Y ------------

Command Line: --add-modules=ALL-SYSTEM --add-opens=java.base/java.util=ALL-UNNAMED --add-opens=java.base/java.lang=ALL-UNNAMED --add-opens=java.base/sun.nio.fs=ALL-UNNAMED -Declipse.application=org.eclipse.jdt.ls.core.id1 -Dosgi.bundles.defaultStartLevel=4 -Declipse.product=org.eclipse.jdt.ls.core.product -Djava.import.generatesMetadataFilesAtProjectRoot=false -DDetectVMInstallationsJob.disabled=true -Dfile.encoding=utf8 -XX:+UseParallelGC -XX:GCTimeRatio=4 -XX:AdaptiveSizePolicyWeight=90 -Dsun.zip.disableMemoryMapping=true -Xmx1G -Xms100m -Xlog:disable -javaagent:c:\Users\91993\.vscode\extensions\redhat.java-1.25.0-win32-x64\lombok\lombok-1.18.30.jar c:\Users\91993\.vscode\extensions\redhat.java-1.25.0-win32-x64\server\plugins\org.eclipse.equinox.launcher_1.6.600.v20231012-1237.jar -configuration c:\Users\91993\AppData\Roaming\Code\User\globalStorage\redhat.java\1.25.0\config_ss_win -data c:\Users\91993\AppData\Roaming\Code\User\workspaceStorage\244ba854a01daa398e900e74784e95ac\redhat.java\ss_ws --stdio

Host: Intel(R) Core(TM) i5-1035G1 CPU @ 1.00GHz, 8 cores, 7G,  Windows 11 , 64 bit Build 22621 (10.0.22621.2506)
Time: Sat Dec  2 22:02:41 2023 India Standard Time elapsed time: 0.983282 seconds (0d 0h 0m 0s)

---------------  T H R E A D  ---------------

Current thread (0x0000019ec76fa670):  JavaThread "main" [_thread_in_vm, id=1044, stack(0x00000066af900000,0x00000066afa00000)]

Stack: [0x00000066af900000,0x00000066afa00000]
Native frames: (J=compiled Java code, j=interpreted, Vv=VM code, C=native code)
V  [jvm.dll+0x67cf49]
V  [jvm.dll+0x83478a]
V  [jvm.dll+0x83624e]
V  [jvm.dll+0x8368b3]
V  [jvm.dll+0x247f1f]
V  [jvm.dll+0x83044b]
V  [jvm.dll+0x621776]
V  [jvm.dll+0x6217da]
V  [jvm.dll+0x62400a]
V  [jvm.dll+0x622116]
V  [jvm.dll+0x23d880]
V  [jvm.dll+0x1eca2b]
V  [jvm.dll+0x1e23d1]
V  [jvm.dll+0x54305e]
V  [jvm.dll+0x1f2e27]
V  [jvm.dll+0x7adb8b]
V  [jvm.dll+0x7aef5c]
V  [jvm.dll+0x7af2a8]
V  [jvm.dll+0x2401ee]
V  [jvm.dll+0x24043f]
V  [jvm.dll+0x561338]
V  [jvm.dll+0x564237]
V  [jvm.dll+0x386eb2]
V  [jvm.dll+0x38651f]
C  0x0000019ed18d9ca3

The last pc belongs to invokestatic (printed below).
Java frames: (J=compiled Java code, j=interpreted, Vv=VM code)
j  sun.security.pkcs.SignerInfo.<clinit>()V+0 java.base@17.0.9
v  ~StubRoutines::call_stub
j  sun.security.pkcs.PKCS7.parseSignedData(Lsun/security/util/DerValue;)V+619 java.base@17.0.9
j  sun.security.pkcs.PKCS7.parse(Lsun/security/util/DerInputStream;Z)V+40 java.base@17.0.9
j  sun.security.pkcs.PKCS7.parse(Lsun/security/util/DerInputStream;)V+11 java.base@17.0.9
j  sun.security.pkcs.PKCS7.<init>([B)V+50 java.base@17.0.9
j  sun.security.util.SignatureFileVerifier.<init>(Ljava/util/ArrayList;Lsun/security/util/ManifestDigester;Ljava/lang/String;[B)V+40 java.base@17.0.9
j  java.util.jar.JarVerifier.processEntry(Lsun/security/util/ManifestEntryVerifier;)V+322 java.base@17.0.9
j  java.util.jar.JarVerifier.update(I[BIILsun/security/util/ManifestEntryVerifier;)V+39 java.base@17.0.9
j  java.util.jar.JarFile.initializeVerifier()V+163 java.base@17.0.9
j  java.util.jar.JarFile.ensureInitialization()V+41 java.base@17.0.9
j  java.util.jar.JavaUtilJarAccessImpl.ensureInitialization(Ljava/util/jar/JarFile;)V+1 java.base@17.0.9
j  jdk.internal.loader.URLClassPath$JarLoader$2.getManifest()Ljava/util/jar/Manifest;+10 java.base@17.0.9
j  jdk.internal.loader.BuiltinClassLoader.defineClass(Ljava/lang/String;Ljdk/internal/loader/Resource;)Ljava/lang/Class;+29 java.base@17.0.9
j  jdk.internal.loader.BuiltinClassLoader.findClassOnClassPathOrNull(Ljava/lang/String;)Ljava/lang/Class;+37 java.base@17.0.9
j  jdk.internal.loader.BuiltinClassLoader.loadClassOrNull(Ljava/lang/String;Z)Ljava/lang/Class;+111 java.base@17.0.9
j  jdk.internal.loader.BuiltinClassLoader.loadClass(Ljava/lang/String;Z)Ljava/lang/Class;+3 java.base@17.0.9
j  jdk.internal.loader.ClassLoaders$AppClassLoader.loadClass(Ljava/lang/String;Z)Ljava/lang/Class;+36 java.base@17.0.9
j  java.lang.ClassLoader.loadClass(Ljava/lang/String;)Ljava/lang/Class;+3 java.base@17.0.9
v  ~StubRoutines::call_stub
j  java.lang.Class.forName0(Ljava/lang/String;ZLjava/lang/ClassLoader;Ljava/lang/Class;)Ljava/lang/Class;+0 java.base@17.0.9
j  java.lang.Class.forName(Ljava/lang/String;ZLjava/lang/ClassLoader;)Ljava/lang/Class;+43 java.base@17.0.9
j  sun.launcher.LauncherHelper.loadMainClass(ILjava/lang/String;)Ljava/lang/Class;+95 java.base@17.0.9
j  sun.launcher.LauncherHelper.checkAndLoadMain(ZILjava/lang/String;)Ljava/lang/Class;+42 java.base@17.0.9
v  ~StubRoutines::call_stub
invokestatic  184 invokestatic  [0x0000019ed18d9c00, 0x0000019ed18d9ec0]  704 bytes
[MachCode]
  0x0000019ed18d9c00: 4883 ec08 | c5fa 1104 | 24eb 1f48 | 83ec 10c5 | fb11 0424 | eb14 4883 | ec10 4889 | 0424 48c7 
  0x0000019ed18d9c20: 4424 0800 | 0000 00eb | 0150 4c89 | 6dc0 410f | b755 0148 | 8b4d d0c1 | e202 8b5c | d120 c1eb 
  0x0000019ed18d9c40: 1081 e3ff | 0000 0081 | fbb8 0000 | 000f 84b6 | 0000 00bb | b800 0000 | e805 0000 | 00e9 9b00 
  0x0000019ed18d9c60: 0000 488b | d348 8d44 | 2408 4c89 | 6dc0 498b | cfc5 f877 | 4989 afa8 | 0200 0049 | 8987 9802 
  0x0000019ed18d9c80: 0000 4883 | ec20 f7c4 | 0f00 0000 | 0f84 1a00 | 0000 4883 | ec08 49ba | b064 7a87 | fd7f 0000 
  0x0000019ed18d9ca0: 41ff d248 | 83c4 08e9 | 0d00 0000 | 49ba b064 | 7a87 fd7f | 0000 41ff | d248 83c4 | 2049 c787 
  0x0000019ed18d9cc0: 9802 0000 | 0000 0000 | 49c7 87a8 | 0200 0000 | 0000 0049 | c787 a002 | 0000 0000 | 0000 c5f8 
  0x0000019ed18d9ce0: 7749 817f | 0800 0000 | 000f 8405 | 0000 00e9 | 0c72 feff | 4c8b 6dc0 | 4c8b 75c8 | c341 0fb7 
  0x0000019ed18d9d00: 5501 488b | 4dd0 c1e2 | 0248 8b5c | d128 488b | 5b08 488b | 5b08 488b | 5b18 80bb | 3301 0000 
  0x0000019ed18d9d20: 040f 840d | 0000 004c | 3bbb 3801 | 0000 0f85 | 1fff ffff | 488b 5cd1 | 288b 54d1 | 38c1 ea1c 
  0x0000019ed18d9d40: 49ba a059 | fc87 fd7f | 0000 498b | 14d2 5248 | 8b45 d848 | 85c0 0f84 | 1200 0000 | 4883 4008 
  0x0000019ed18d9d60: 0148 8358 | 0800 4883 | c010 4889 | 45d8 488b | 45d8 4885 | c00f 8423 | 0100 0080 | 78f0 0a0f 
  0x0000019ed18d9d80: 8519 0100 | 0048 83c0 | 084c 8b68 | f841 83ed | 0041 83fd | 020f 8cf8 | 0000 004c | 8b6b 0845 
  0x0000019ed18d9da0: 0fb7 6d2c | 4c2b 2841 | 83ed 014e | 8b6c ec08 | 4d85 ed75 | 0748 8348 | 0801 eb4a | 458b 6d08 
  0x0000019ed18d9dc0: 49c1 e503 | 4c33 6808 | 49f7 c5fc | ffff ff74 | 3549 f7c5 | 0200 0000 | 752c 4881 | 7808 0000 
  0x0000019ed18d9de0: 0000 741e | 4881 7808 | 0100 0000 | 7414 4c33 | 6808 49f7 | c5fc ffff | ff74 0b48 | 8348 0802 
  0x0000019ed18d9e00: eb04 4c89 | 6808 4883 | c010 4c8b | 68e8 4183 | ed02 4183 | fd02 0f8c | 7700 0000 | 4c8b 6b08 
  0x0000019ed18d9e20: 450f b76d | 2c4c 2b28 | 4183 ed01 | 4e8b 6cec | 084d 85ed | 7507 4883 | 4808 01eb | 4a45 8b6d 
  0x0000019ed18d9e40: 0849 c1e5 | 034c 3368 | 0849 f7c5 | fcff ffff | 7435 49f7 | c502 0000 | 0075 2c48 | 8178 0800 
  0x0000019ed18d9e60: 0000 0074 | 1e48 8178 | 0801 0000 | 0074 144c | 3368 0849 | f7c5 fcff | ffff 740b | 4883 4808 
  0x0000019ed18d9e80: 02eb 044c | 8968 0848 | 83c0 104c | 8b68 d841 | 83ed 0441 | c1e5 0349 | 03c5 4889 | 45d8 4c8d 
  0x0000019ed18d9ea0: 6c24 084c | 896d f0ff | 6350 660f | 1f44 0000 | 0000 0000 | 0000 0000 | 0000 0000 | 0000 0000 
[/MachCode]

---------------  P R O C E S S  ---------------

Threads class SMR info:
_java_thread_list=0x0000019ee09f4010, length=12, elements={
0x0000019ec76fa670, 0x0000019edb57e020, 0x0000019edb581620, 0x0000019ee06c5040,
0x0000019ee06c62b0, 0x0000019ee06c6e70, 0x0000019ee06cb6d0, 0x0000019ee06d03e0,
0x0000019ec77aeab0, 0x0000019ee072e610, 0x0000019ee07d1d90, 0x0000019ee0971ad0
}

Java Threads: ( => current thread )
=>0x0000019ec76fa670 JavaThread "main" [_thread_in_vm, id=1044, stack(0x00000066af900000,0x00000066afa00000)]
  0x0000019edb57e020 JavaThread "Reference Handler" daemon [_thread_blocked, id=14936, stack(0x00000066afc00000,0x00000066afd00000)]
  0x0000019edb581620 JavaThread "Finalizer" daemon [_thread_blocked, id=20964, stack(0x00000066afd00000,0x00000066afe00000)]
  0x0000019ee06c5040 JavaThread "Signal Dispatcher" daemon [_thread_blocked, id=15664, stack(0x00000066afe00000,0x00000066aff00000)]
  0x0000019ee06c62b0 JavaThread "Attach Listener" daemon [_thread_blocked, id=12768, stack(0x00000066aff00000,0x00000066b0000000)]
  0x0000019ee06c6e70 JavaThread "Service Thread" daemon [_thread_blocked, id=15604, stack(0x00000066b0000000,0x00000066b0100000)]
  0x0000019ee06cb6d0 JavaThread "Monitor Deflation Thread" daemon [_thread_blocked, id=14516, stack(0x00000066b0100000,0x00000066b0200000)]
  0x0000019ee06d03e0 JavaThread "C2 CompilerThread0" daemon [_thread_blocked, id=19884, stack(0x00000066b0200000,0x00000066b0300000)]
  0x0000019ec77aeab0 JavaThread "C1 CompilerThread0" daemon [_thread_blocked, id=17264, stack(0x00000066b0300000,0x00000066b0400000)]
  0x0000019ee072e610 JavaThread "Sweeper thread" daemon [_thread_blocked, id=20792, stack(0x00000066b0400000,0x00000066b0500000)]
  0x0000019ee07d1d90 JavaThread "Common-Cleaner" daemon [_thread_blocked, id=11012, stack(0x00000066b0500000,0x00000066b0600000)]
  0x0000019ee0971ad0 JavaThread "Notification Thread" daemon [_thread_blocked, id=20700, stack(0x00000066b0600000,0x00000066b0700000)]

Other Threads:
  0x0000019ec77844e0 VMThread "VM Thread" [stack: 0x00000066afb00000,0x00000066afc00000] [id=19188]
  0x0000019ee09458f0 WatcherThread [stack: 0x00000066b0700000,0x00000066b0800000] [id=3472]
  0x0000019ec7710cd0 GCTaskThread "GC Thread#0" [stack: 0x00000066afa00000,0x00000066afb00000] [id=21280]

Threads with active compile tasks:

VM state: not at safepoint (normal execution)

VM Mutex/Monitor currently owned by a thread:  ([mutex/lock_event])
[0x0000019ec76f4e80] Metaspace_lock - owner thread: 0x0000019ec76fa670

Heap address: 0x00000000c0000000, size: 1024 MB, Compressed Oops mode: 32-bit

CDS archive(s) not mapped
Compressed class space mapped at: 0x0000000100000000-0x0000000140000000, reserved size: 1073741824
Narrow klass base: 0x0000000000000000, Narrow klass shift: 3, Narrow klass range: 0x140000000

GC Precious Log:
 CPUs: 8 total, 8 available
 Memory: 7946M
 Large Page Support: Disabled
 NUMA Support: Disabled
 Compressed Oops: Enabled (32-bit)
 Alignments: Space 512K, Generation 512K, Heap 2M
 Heap Min Capacity: 100M
 Heap Initial Capacity: 100M
 Heap Max Capacity: 1G
 Pre-touch: Disabled
 Parallel Workers: 8

Heap:
 PSYoungGen      total 29696K, used 10799K [0x00000000eab00000, 0x00000000ecc00000, 0x0000000100000000)
  eden space 25600K, 42% used [0x00000000eab00000,0x00000000eb58bf70,0x00000000ec400000)
  from space 4096K, 0% used [0x00000000ec800000,0x00000000ec800000,0x00000000ecc00000)
  to   space 4096K, 0% used [0x00000000ec400000,0x00000000ec400000,0x00000000ec800000)
 ParOldGen       total 68608K, used 0K [0x00000000c0000000, 0x00000000c4300000, 0x00000000eab00000)
  object space 68608K, 0% used [0x00000000c0000000,0x00000000c0000000,0x00000000c4300000)
 Metaspace       used 7640K, committed 7744K, reserved 1114112K
  class space    used 746K, committed 832K, reserved 1048576K

Card table byte_map: [0x0000019ec7090000,0x0000019ec72a0000] _byte_map_base: 0x0000019ec6a90000

Marking Bits: (ParMarkBitMap*) 0x00007ffd87fbd0b0
 Begin Bits: [0x0000019ed9390000, 0x0000019eda390000)
 End Bits:   [0x0000019eda390000, 0x0000019edb390000)

Polling page: 0x0000019ec5690000

Metaspace:

Usage:
  Non-class:      6.73 MB used.
      Class:    746.80 KB used.
       Both:      7.46 MB used.

Virtual space:
  Non-class space:       64.00 MB reserved,       6.75 MB ( 11%) committed,  1 nodes.
      Class space:        1.00 GB reserved,     832.00 KB ( <1%) committed,  1 nodes.
             Both:        1.06 GB reserved,       7.56 MB ( <1%) committed. 

Chunk freelists:
   Non-Class:  9.00 MB
       Class:  15.21 MB
        Both:  24.21 MB

MaxMetaspaceSize: unlimited
CompressedClassSpaceSize: 1.00 GB
Initial GC threshold: 21.00 MB
Current GC threshold: 21.00 MB
CDS: off
MetaspaceReclaimPolicy: balanced
 - commit_granule_bytes: 65536.
 - commit_granule_words: 8192.
 - virtual_space_node_default_size: 8388608.
 - enlarge_chunks_in_place: 1.
 - new_chunks_are_fully_committed: 0.
 - uncommit_free_chunks: 1.
 - use_allocation_guard: 0.
 - handle_deallocations: 1.


Internal statistics:

num_allocs_failed_limit: 0.
num_arena_births: 10.
num_arena_deaths: 0.
num_vsnodes_births: 2.
num_vsnodes_deaths: 0.
num_space_committed: 121.
num_space_uncommitted: 0.
num_chunks_returned_to_freelist: 0.
num_chunks_taken_from_freelist: 40.
num_chunk_merges: 0.
num_chunk_splits: 23.
num_chunks_enlarged: 21.
num_inconsistent_stats: 0.

CodeHeap 'non-profiled nmethods': size=120000Kb used=162Kb max_used=162Kb free=119837Kb
 bounds [0x0000019ed1e60000, 0x0000019ed20d0000, 0x0000019ed9390000]
CodeHeap 'profiled nmethods': size=120000Kb used=688Kb max_used=688Kb free=119311Kb
 bounds [0x0000019eca390000, 0x0000019eca600000, 0x0000019ed18c0000]
CodeHeap 'non-nmethods': size=5760Kb used=1131Kb max_used=1146Kb free=4629Kb
 bounds [0x0000019ed18c0000, 0x0000019ed1b30000, 0x0000019ed1e60000]
 total_blobs=897 nmethods=492 adapters=320
 compilation: enabled
              stopped_count=0, restarted_count=0
 full_count=0

Compilation events (20 events):
Event: 0.936 Thread 0x0000019ec77aeab0  483       3       sun.security.util.ObjectIdentifier::checkOtherComponent (41 bytes)
Event: 0.937 Thread 0x0000019ec77aeab0 nmethod 483 0x0000019eca436d10 code [0x0000019eca436f40, 0x0000019eca437628]
Event: 0.942 Thread 0x0000019ec77aeab0  484       3       sun.security.util.ObjectIdentifier::pack (221 bytes)
Event: 0.943 Thread 0x0000019ec77aeab0 nmethod 484 0x0000019eca437910 code [0x0000019eca437ae0, 0x0000019eca438108]
Event: 0.952 Thread 0x0000019ee06d03e0 nmethod 479 0x0000019ed1e86110 code [0x0000019ed1e862e0, 0x0000019ed1e86ab8]
Event: 0.952 Thread 0x0000019ee06d03e0  480       4       java.util.ArrayList$Itr::next (66 bytes)
Event: 0.953 Thread 0x0000019ee06d03e0 nmethod 480 0x0000019ed1e87190 code [0x0000019ed1e87320, 0x0000019ed1e87458]
Event: 0.953 Thread 0x0000019ee06d03e0  481       4       java.lang.String::replace (42 bytes)
Event: 0.955 Thread 0x0000019ec77aeab0  486       3       sun.security.util.DerInputStream::<init> (38 bytes)
Event: 0.955 Thread 0x0000019ec77aeab0 nmethod 486 0x0000019eca438390 code [0x0000019eca438520, 0x0000019eca4386b8]
Event: 0.956 Thread 0x0000019ec77aeab0  489       3       java.net.URI::match (56 bytes)
Event: 0.957 Thread 0x0000019ec77aeab0 nmethod 489 0x0000019eca438790 code [0x0000019eca438940, 0x0000019eca438c38]
Event: 0.958 Thread 0x0000019ec77aeab0  490       3       sun.security.util.DerValue::data (29 bytes)
Event: 0.958 Thread 0x0000019ec77aeab0 nmethod 490 0x0000019eca438d10 code [0x0000019eca438ec0, 0x0000019eca439088]
Event: 0.958 Thread 0x0000019ec77aeab0  491       3       sun.security.util.DerValue::<init> (445 bytes)
Event: 0.960 Thread 0x0000019ec77aeab0 nmethod 491 0x0000019eca439190 code [0x0000019eca4395a0, 0x0000019eca43af78]
Event: 0.960 Thread 0x0000019ec77aeab0  492       3       sun.security.util.DerInputStream::getDerValue (76 bytes)
Event: 0.960 Thread 0x0000019ec77aeab0 nmethod 492 0x0000019eca43b910 code [0x0000019eca43bac0, 0x0000019eca43bd28]
Event: 0.960 Thread 0x0000019ec77aeab0  493       3       sun.security.util.DerInputStream::available (10 bytes)
Event: 0.961 Thread 0x0000019ec77aeab0 nmethod 493 0x0000019eca43be90 code [0x0000019eca43c020, 0x0000019eca43c138]

GC Heap History (0 events):
No events

Dll operation events (8 events):
Event: 0.021 Loaded shared library c:\Users\91993\.vscode\extensions\redhat.java-1.25.0-win32-x64\jre\17.0.9-win32-x86_64\bin\java.dll
Event: 0.284 Loaded shared library c:\Users\91993\.vscode\extensions\redhat.java-1.25.0-win32-x64\jre\17.0.9-win32-x86_64\bin\zip.dll
Event: 0.289 Loaded shared library C:\Users\91993\.vscode\extensions\redhat.java-1.25.0-win32-x64\jre\17.0.9-win32-x86_64\bin\instrument.dll
Event: 0.316 Loaded shared library C:\Users\91993\.vscode\extensions\redhat.java-1.25.0-win32-x64\jre\17.0.9-win32-x86_64\bin\net.dll
Event: 0.319 Loaded shared library C:\Users\91993\.vscode\extensions\redhat.java-1.25.0-win32-x64\jre\17.0.9-win32-x86_64\bin\nio.dll
Event: 0.339 Loaded shared library C:\Users\91993\.vscode\extensions\redhat.java-1.25.0-win32-x64\jre\17.0.9-win32-x86_64\bin\zip.dll
Event: 0.408 Loaded shared library C:\Users\91993\.vscode\extensions\redhat.java-1.25.0-win32-x64\jre\17.0.9-win32-x86_64\bin\jimage.dll
Event: 0.571 Loaded shared library c:\Users\91993\.vscode\extensions\redhat.java-1.25.0-win32-x64\jre\17.0.9-win32-x86_64\bin\verify.dll

Deoptimization events (20 events):
Event: 0.922 Thread 0x0000019ec76fa670 Uncommon trap: trap_request=0xffffffde fr.pc=0x0000019ed1e846ac relative=0x000000000000010c
Event: 0.922 Thread 0x0000019ec76fa670 Uncommon trap: reason=class_check action=maybe_recompile pc=0x0000019ed1e846ac method=jdk.internal.misc.Unsafe.allocateUninitializedArray(Ljava/lang/Class;I)Ljava/lang/Object; @ 51 c2
Event: 0.922 Thread 0x0000019ec76fa670 DEOPT PACKING pc=0x0000019ed1e846ac sp=0x00000066af9fc370
Event: 0.922 Thread 0x0000019ec76fa670 DEOPT UNPACKING pc=0x0000019ed1919ea3 sp=0x00000066af9fc2f8 mode 2
Event: 0.922 Thread 0x0000019ec76fa670 Uncommon trap: trap_request=0xffffffde fr.pc=0x0000019ed1e846ac relative=0x000000000000010c
Event: 0.922 Thread 0x0000019ec76fa670 Uncommon trap: reason=class_check action=maybe_recompile pc=0x0000019ed1e846ac method=jdk.internal.misc.Unsafe.allocateUninitializedArray(Ljava/lang/Class;I)Ljava/lang/Object; @ 51 c2
Event: 0.922 Thread 0x0000019ec76fa670 DEOPT PACKING pc=0x0000019ed1e846ac sp=0x00000066af9fc370
Event: 0.922 Thread 0x0000019ec76fa670 DEOPT UNPACKING pc=0x0000019ed1919ea3 sp=0x00000066af9fc2f8 mode 2
Event: 0.922 Thread 0x0000019ec76fa670 Uncommon trap: trap_request=0xffffffde fr.pc=0x0000019ed1e846ac relative=0x000000000000010c
Event: 0.922 Thread 0x0000019ec76fa670 Uncommon trap: reason=class_check action=maybe_recompile pc=0x0000019ed1e846ac method=jdk.internal.misc.Unsafe.allocateUninitializedArray(Ljava/lang/Class;I)Ljava/lang/Object; @ 51 c2
Event: 0.922 Thread 0x0000019ec76fa670 DEOPT PACKING pc=0x0000019ed1e846ac sp=0x00000066af9fc370
Event: 0.922 Thread 0x0000019ec76fa670 DEOPT UNPACKING pc=0x0000019ed1919ea3 sp=0x00000066af9fc2f8 mode 2
Event: 0.922 Thread 0x0000019ec76fa670 Uncommon trap: trap_request=0xffffffde fr.pc=0x0000019ed1e846ac relative=0x000000000000010c
Event: 0.922 Thread 0x0000019ec76fa670 Uncommon trap: reason=class_check action=maybe_recompile pc=0x0000019ed1e846ac method=jdk.internal.misc.Unsafe.allocateUninitializedArray(Ljava/lang/Class;I)Ljava/lang/Object; @ 51 c2
Event: 0.922 Thread 0x0000019ec76fa670 DEOPT PACKING pc=0x0000019ed1e846ac sp=0x00000066af9fc3b0
Event: 0.922 Thread 0x0000019ec76fa670 DEOPT UNPACKING pc=0x0000019ed1919ea3 sp=0x00000066af9fc338 mode 2
Event: 0.956 Thread 0x0000019ec76fa670 Uncommon trap: trap_request=0xffffff45 fr.pc=0x0000019ed1e771c0 relative=0x00000000000000c0
Event: 0.956 Thread 0x0000019ec76fa670 Uncommon trap: reason=unstable_if action=reinterpret pc=0x0000019ed1e771c0 method=java.net.URI.match(CJJ)Z @ 45 c2
Event: 0.956 Thread 0x0000019ec76fa670 DEOPT PACKING pc=0x0000019ed1e771c0 sp=0x00000066af9fcba0
Event: 0.956 Thread 0x0000019ec76fa670 DEOPT UNPACKING pc=0x0000019ed1919ea3 sp=0x00000066af9fcb28 mode 2

Classes unloaded (0 events):
No events

Classes redefined (0 events):
No events

Internal exceptions (2 events):
Event: 0.237 Thread 0x0000019ec76fa670 Exception <a 'java/lang/NoSuchMethodError'{0x00000000eacb2a60}: 'void java.lang.invoke.DirectMethodHandle$Holder.invokeStatic(java.lang.Object, java.lang.Object, java.lang.Object)'> (0x00000000eacb2a60) 
thrown [s\src\hotspot\share\interpreter\linkResolver.cpp, line 759]
Event: 0.606 Thread 0x0000019ec76fa670 Exception <a 'java/lang/reflect/InvocationTargetException'{0x00000000eafe3218}> (0x00000000eafe3218) 
thrown [s\src\hotspot\share\runtime\reflection.cpp, line 1121]

VM Operations (4 events):
Event: 0.253 Executing VM operation: HandshakeAllThreads
Event: 0.253 Executing VM operation: HandshakeAllThreads done
Event: 0.450 Executing VM operation: HandshakeAllThreads
Event: 0.450 Executing VM operation: HandshakeAllThreads done

Events (20 events):
Event: 0.956 loading class sun/security/x509/DNSName done
Event: 0.956 loading class sun/security/x509/CRLDistributionPointsExtension
Event: 0.957 loading class sun/security/x509/CRLDistributionPointsExtension done
Event: 0.957 loading class sun/security/x509/DistributionPoint
Event: 0.957 loading class sun/security/x509/DistributionPoint done
Event: 0.957 loading class sun/security/x509/CertificatePoliciesExtension
Event: 0.957 loading class sun/security/x509/CertificatePoliciesExtension done
Event: 0.958 loading class sun/security/x509/PolicyInformation
Event: 0.958 loading class sun/security/x509/PolicyInformation done
Event: 0.958 loading class sun/security/x509/CertificatePolicyId
Event: 0.958 loading class sun/security/x509/CertificatePolicyId done
Event: 0.959 loading class sun/security/x509/SubjectAlternativeNameExtension
Event: 0.959 loading class sun/security/x509/SubjectAlternativeNameExtension done
Event: 0.959 loading class sun/security/x509/RFC822Name
Event: 0.959 loading class sun/security/x509/RFC822Name done
Event: 0.960 loading class java/security/cert/PolicyQualifierInfo
Event: 0.960 loading class java/security/cert/PolicyQualifierInfo done
Event: 0.960 loading class sun/security/pkcs/SignerInfo
Event: 0.961 loading class sun/security/pkcs/SignerInfo done
Event: 0.961 loading class sun/security/util/DisabledAlgorithmConstraints


Dynamic libraries:
0x00007ff652e20000 - 0x00007ff652e2e000 	c:\Users\91993\.vscode\extensions\redhat.java-1.25.0-win32-x64\jre\17.0.9-win32-x86_64\bin\java.exe
0x00007ffdef8d0000 - 0x00007ffdefae7000 	C:\WINDOWS\SYSTEM32\ntdll.dll
0x00007ffded650000 - 0x00007ffded714000 	C:\WINDOWS\System32\KERNEL32.DLL
0x00007ffded1d0000 - 0x00007ffded575000 	C:\WINDOWS\System32\KERNELBASE.dll
0x00007ffdecd60000 - 0x00007ffdece71000 	C:\WINDOWS\System32\ucrtbase.dll
0x00007ffdd5d30000 - 0x00007ffdd5d4b000 	c:\Users\91993\.vscode\extensions\redhat.java-1.25.0-win32-x64\jre\17.0.9-win32-x86_64\bin\VCRUNTIME140.dll
0x00007ffddbd10000 - 0x00007ffddbd27000 	c:\Users\91993\.vscode\extensions\redhat.java-1.25.0-win32-x64\jre\17.0.9-win32-x86_64\bin\jli.dll
0x00007ffdedd40000 - 0x00007ffdedeee000 	C:\WINDOWS\System32\USER32.dll
0x00007ffded5f0000 - 0x00007ffded616000 	C:\WINDOWS\System32\win32u.dll
0x00007ffdd50a0000 - 0x00007ffdd5333000 	C:\WINDOWS\WinSxS\amd64_microsoft.windows.common-controls_6595b64144ccf1df_6.0.22621.2506_none_270c5ae97388e100\COMCTL32.dll
0x00007ffded620000 - 0x00007ffded649000 	C:\WINDOWS\System32\GDI32.dll
0x00007ffdedc60000 - 0x00007ffdedd07000 	C:\WINDOWS\System32\msvcrt.dll
0x00007ffdecf40000 - 0x00007ffded059000 	C:\WINDOWS\System32\gdi32full.dll
0x00007ffdecc40000 - 0x00007ffdeccda000 	C:\WINDOWS\System32\msvcp_win.dll
0x00007ffdef850000 - 0x00007ffdef881000 	C:\WINDOWS\System32\IMM32.DLL
0x00007ffdde600000 - 0x00007ffdde60c000 	c:\Users\91993\.vscode\extensions\redhat.java-1.25.0-win32-x64\jre\17.0.9-win32-x86_64\bin\vcruntime140_1.dll
0x00007ffdc1720000 - 0x00007ffdc17ad000 	c:\Users\91993\.vscode\extensions\redhat.java-1.25.0-win32-x64\jre\17.0.9-win32-x86_64\bin\msvcp140.dll
0x00007ffd87420000 - 0x00007ffd88081000 	c:\Users\91993\.vscode\extensions\redhat.java-1.25.0-win32-x64\jre\17.0.9-win32-x86_64\bin\server\jvm.dll
0x00007ffdedf90000 - 0x00007ffdee041000 	C:\WINDOWS\System32\ADVAPI32.dll
0x00007ffdee760000 - 0x00007ffdee806000 	C:\WINDOWS\System32\sechost.dll
0x00007ffdef1a0000 - 0x00007ffdef2b7000 	C:\WINDOWS\System32\RPCRT4.dll
0x00007ffdecb10000 - 0x00007ffdecb5d000 	C:\WINDOWS\SYSTEM32\POWRPROF.dll
0x00007ffdcbe70000 - 0x00007ffdcbe79000 	C:\WINDOWS\SYSTEM32\WSOCK32.dll
0x00007ffdef120000 - 0x00007ffdef191000 	C:\WINDOWS\System32\WS2_32.dll
0x00007ffde1dc0000 - 0x00007ffde1df4000 	C:\WINDOWS\SYSTEM32\WINMM.dll
0x00007ffde1a40000 - 0x00007ffde1a4a000 	C:\WINDOWS\SYSTEM32\VERSION.dll
0x00007ffdecaf0000 - 0x00007ffdecb03000 	C:\WINDOWS\SYSTEM32\UMPDC.dll
0x00007ffdebba0000 - 0x00007ffdebbb8000 	C:\WINDOWS\SYSTEM32\kernel.appcore.dll
0x00007ffdde480000 - 0x00007ffdde48a000 	c:\Users\91993\.vscode\extensions\redhat.java-1.25.0-win32-x64\jre\17.0.9-win32-x86_64\bin\jimage.dll
0x00007ffde7210000 - 0x00007ffde7443000 	C:\WINDOWS\SYSTEM32\DBGHELP.DLL
0x00007ffdef4c0000 - 0x00007ffdef849000 	C:\WINDOWS\System32\combase.dll
0x00007ffded720000 - 0x00007ffded7f7000 	C:\WINDOWS\System32\OLEAUT32.dll
0x00007ffdc3610000 - 0x00007ffdc3642000 	C:\WINDOWS\SYSTEM32\dbgcore.DLL
0x00007ffdecce0000 - 0x00007ffdecd5a000 	C:\WINDOWS\System32\bcryptPrimitives.dll
0x00007ffdde290000 - 0x00007ffdde29e000 	c:\Users\91993\.vscode\extensions\redhat.java-1.25.0-win32-x64\jre\17.0.9-win32-x86_64\bin\instrument.dll
0x00007ffddde00000 - 0x00007ffddde25000 	c:\Users\91993\.vscode\extensions\redhat.java-1.25.0-win32-x64\jre\17.0.9-win32-x86_64\bin\java.dll
0x00007ffddcb70000 - 0x00007ffddcb88000 	c:\Users\91993\.vscode\extensions\redhat.java-1.25.0-win32-x64\jre\17.0.9-win32-x86_64\bin\zip.dll
0x00007ffdee8c0000 - 0x00007ffdef119000 	C:\WINDOWS\System32\SHELL32.dll
0x00007ffdeab10000 - 0x00007ffdeb404000 	C:\WINDOWS\SYSTEM32\windows.storage.dll
0x00007ffdea9d0000 - 0x00007ffdeab0e000 	C:\WINDOWS\SYSTEM32\wintypes.dll
0x00007ffdee660000 - 0x00007ffdee753000 	C:\WINDOWS\System32\SHCORE.dll
0x00007ffded800000 - 0x00007ffded85e000 	C:\WINDOWS\System32\shlwapi.dll
0x00007ffdecb70000 - 0x00007ffdecb96000 	C:\WINDOWS\SYSTEM32\profapi.dll
0x00007ffdd5b30000 - 0x00007ffdd5b49000 	C:\Users\91993\.vscode\extensions\redhat.java-1.25.0-win32-x64\jre\17.0.9-win32-x86_64\bin\net.dll
0x00007ffde4900000 - 0x00007ffde4a37000 	C:\WINDOWS\SYSTEM32\WINHTTP.dll
0x00007ffdec0a0000 - 0x00007ffdec109000 	C:\WINDOWS\system32\mswsock.dll
0x00007ffdd5b00000 - 0x00007ffdd5b16000 	C:\Users\91993\.vscode\extensions\redhat.java-1.25.0-win32-x64\jre\17.0.9-win32-x86_64\bin\nio.dll
0x00007ffdde1e0000 - 0x00007ffdde1f0000 	c:\Users\91993\.vscode\extensions\redhat.java-1.25.0-win32-x64\jre\17.0.9-win32-x86_64\bin\verify.dll

dbghelp: loaded successfully - version: 4.0.5 - missing functions: none
symbol engine: initialized successfully - sym options: 0x614 - pdb path: .;c:\Users\91993\.vscode\extensions\redhat.java-1.25.0-win32-x64\jre\17.0.9-win32-x86_64\bin;C:\WINDOWS\SYSTEM32;C:\WINDOWS\WinSxS\amd64_microsoft.windows.common-controls_6595b64144ccf1df_6.0.22621.2506_none_270c5ae97388e100;c:\Users\91993\.vscode\extensions\redhat.java-1.25.0-win32-x64\jre\17.0.9-win32-x86_64\bin\server

VM Arguments:
jvm_args: --add-modules=ALL-SYSTEM --add-opens=java.base/java.util=ALL-UNNAMED --add-opens=java.base/java.lang=ALL-UNNAMED --add-opens=java.base/sun.nio.fs=ALL-UNNAMED -Declipse.application=org.eclipse.jdt.ls.core.id1 -Dosgi.bundles.defaultStartLevel=4 -Declipse.product=org.eclipse.jdt.ls.core.product -Djava.import.generatesMetadataFilesAtProjectRoot=false -DDetectVMInstallationsJob.disabled=true -Dfile.encoding=utf8 -XX:+UseParallelGC -XX:GCTimeRatio=4 -XX:AdaptiveSizePolicyWeight=90 -Dsun.zip.disableMemoryMapping=true -Xmx1G -Xms100m -Xlog:disable -javaagent:c:\Users\91993\.vscode\extensions\redhat.java-1.25.0-win32-x64\lombok\lombok-1.18.30.jar 
java_command: c:\Users\91993\.vscode\extensions\redhat.java-1.25.0-win32-x64\server\plugins\org.eclipse.equinox.launcher_1.6.600.v20231012-1237.jar -configuration c:\Users\91993\AppData\Roaming\Code\User\globalStorage\redhat.java\1.25.0\config_ss_win -data c:\Users\91993\AppData\Roaming\Code\User\workspaceStorage\244ba854a01daa398e900e74784e95ac\redhat.java\ss_ws --stdio
java_class_path (initial): c:\Users\91993\.vscode\extensions\redhat.java-1.25.0-win32-x64\server\plugins\org.eclipse.equinox.launcher_1.6.600.v20231012-1237.jar
Launcher Type: SUN_STANDARD

[Global flags]
    uintx AdaptiveSizePolicyWeight                 = 90                                        {product} {command line}
     intx CICompilerCount                          = 4                                         {product} {ergonomic}
    uintx GCTimeRatio                              = 4                                         {product} {command line}
   size_t InitialHeapSize                          = 104857600                                 {product} {command line}
   size_t MaxHeapSize                              = 1073741824                                {product} {command line}
   size_t MaxNewSize                               = 357564416                                 {product} {ergonomic}
   size_t MinHeapDeltaBytes                        = 524288                                    {product} {ergonomic}
   size_t MinHeapSize                              = 104857600                                 {product} {command line}
   size_t NewSize                                  = 34603008                                  {product} {ergonomic}
    uintx NonNMethodCodeHeapSize                   = 5839372                                {pd product} {ergonomic}
    uintx NonProfiledCodeHeapSize                  = 122909434                              {pd product} {ergonomic}
   size_t OldSize                                  = 70254592                                  {product} {ergonomic}
    uintx ProfiledCodeHeapSize                     = 122909434                              {pd product} {ergonomic}
    uintx ReservedCodeCacheSize                    = 251658240                              {pd product} {ergonomic}
     bool SegmentedCodeCache                       = true                                      {product} {ergonomic}
   size_t SoftMaxHeapSize                          = 1073741824                             {manageable} {ergonomic}
     bool UseCompressedClassPointers               = true                           {product lp64_product} {ergonomic}
     bool UseCompressedOops                        = true                           {product lp64_product} {ergonomic}
     bool UseLargePagesIndividualAllocation        = false                                  {pd product} {ergonomic}
     bool UseParallelGC                            = true                                      {product} {command line}

Logging:
Log output configuration:
 #0: stdout all=off uptime,level,tags
 #1: stderr all=off uptime,level,tags

Environment Variables:
JAVA_HOME=C:\Program Files\Java\jdk-19
PATH=C:\Python311\Scripts\;C:\Python311\;C:\Program Files\Common Files\Oracle\Java\javapath;C:\Program Files (x86)\Common Files\Oracle\Java\javapath;C:\WINDOWS\system32;C:\WINDOWS;C:\WINDOWS\System32\Wbem;C:\WINDOWS\System32\WindowsPowerShell\v1.0\;C:\WINDOWS\System32\OpenSSH\;C:\msys64\mingw64\bin;C:\Users\91993\AppData\Local\Programs\Python\Python310\Scripts\;C:\Users\91993\AppData\Local\Programs\Python\Python310\;C:\Users\91993\AppData\Local\Programs\Python\Python310\Lib\site-packages;C:\Program Files\dotnet\;C:\Program Files\MySQL\MySQL Server 8.0\bin;C:\Program Files\Git\cmd;C:\ProgramData\chocolatey\bin;C:\Program Files\nodejs\;C:\Users\91993\AppData\Local\Android\Sdk\emulator;C:\Users\91993\AppData\Local\Android\Sdk\platform-tools;C:\Users\91993\AppData\Local\Android\Sdk\tools\bin;C:\Users\91993\AppData\Local\Android\Sdk\gradle-7.6\bin;C:\Program Files\PowerShell\7\;C:\Users\91993\AppData\Local\Programs\Python\Python39\Scripts\;C:\Users\91993\AppData\Local\Programs\Python\Python39\;C:\Users\91993\AppData\Local\Microsoft\WindowsApps;D:\Microsoft VS Code\bin;C:\Users\91993\AppData\Local\Programs\Microsoft VS Code\bin;C:\Program Files\Azure Data Studio\bin;C:\Users\91993\AppData\Roaming\Python\Python38\Scripts;C:\Users\91993\AppData\Roaming\Python\Python38;C:\Users\91993\AppData\Local\Programs\Python\Python38-32\Scripts;C:\msys64\mingw64\bin;C:\Users\91993\AppData\Local\Programs\Python\Python310\Lib\site-packages;C:\Users\91993\AppData\Local\Microsoft\WindowsApps;C:\Users\91993\AppData\Roaming\npm;C:\Users\91993\AppData\Roaming\Python\Python311\Scripts;D:\flutter\bin;C:\tools\dart-sdk\bin;C:\Users\91993\AppData\Local\Pub\Cache\bin;C:\Users\91993\AppData\Local\Android\Sdk\cmdline-tools\latest\bin;C:\Users\91993\AppData\Local\Android\Sdk\emulator;C:\Users\91993\AppData\Local\Android\Sdk\platform-tools;C:\Users\91993\AppData\Local\Android\Sdk\tools\bin;
USERNAME=91993
OS=Windows_NT
PROCESSOR_IDENTIFIER=Intel64 Family 6 Model 126 Stepping 5, GenuineIntel
TMP=C:\Users\91993\AppData\Local\Temp
TEMP=C:\Users\91993\AppData\Local\Temp



Periodic native trim disabled


---------------  S Y S T E M  ---------------

OS:
 Windows 11 , 64 bit Build 22621 (10.0.22621.2506)
OS uptime: 2 days 6:56 hours
Hyper-V role detected

CPU: total 8 (initial active 8) (4 cores per cpu, 2 threads per core) family 6 model 126 stepping 5 microcode 0xbc, cx8, cmov, fxsr, ht, mmx, 3dnowpref, sse, sse2, sse3, ssse3, sse4.1, sse4.2, popcnt, lzcnt, tsc, tscinvbit, avx, avx2, aes, erms, clmul, bmi1, bmi2, adx, avx512f, avx512dq, avx512cd, avx512bw, avx512vl, sha, fma, vzeroupper, avx512_vpopcntdq, avx512_vpclmulqdq, avx512_vaes, avx512_vnni, clflush, clflushopt, avx512_vbmi2, avx512_vbmi, hv
Processor Information for all 8 processors :
  Max Mhz: 1190, Current Mhz: 991, Mhz Limit: 987

Memory: 4k page, system-wide physical 7946M (553M free)
TotalPageFile size 9994M (AvailPageFile size 60M)
current process WorkingSet (physical memory assigned to process): 47M, peak: 47M
current process commit charge ("private bytes"): 189M, peak: 189M

vm_info: OpenJDK 64-Bit Server VM (17.0.9+9) for windows-amd64 JRE (17.0.9+9), built on Oct 26 2023 14:01:42 by "admin" with MS VC++ 16.10 / 16.11 (VS2019)

END.
