#
# There is insufficient memory for the Java Runtime Environment to continue.
# Native memory allocation (malloc) failed to allocate 457456 bytes for Chunk::new
# Possible reasons:
#   The system is out of physical RAM or swap space
#   The process is running with CompressedOops enabled, and the Java Heap may be blocking the growth of the native heap
# Possible solutions:
#   Reduce memory load on the system
#   Increase physical memory or swap space
#   Check if swap backing store is full
#   Decrease Java heap size (-Xmx/-Xms)
#   Decrease number of Java threads
#   Decrease Java thread stack sizes (-Xss)
#   Set larger code cache with -XX:ReservedCodeCacheSize=
#   JVM is running with Unscaled Compressed Oops mode in which the Java heap is
#     placed in the first 4GB address space. The Java Heap base address is the
#     maximum limit for the native heap growth. Please use -XX:HeapBaseMinAddress
#     to set the Java Heap base and to place the Java Heap above 4GB virtual address.
# This output file may be truncated or incomplete.
#
#  Out of Memory Error (arena.cpp:189), pid=19348, tid=16576
#
# JRE version: OpenJDK Runtime Environment Temurin-17.0.8.1+1 (17.0.8.1+1) (build 17.0.8.1+1)
# Java VM: OpenJDK 64-Bit Server VM Temurin-17.0.8.1+1 (17.0.8.1+1, mixed mode, tiered, compressed oops, compressed class ptrs, parallel gc, windows-amd64)
# No core dump will be written. Minidumps are not enabled by default on client versions of Windows
#

---------------  S U M M A R Y ------------

Command Line: --add-modules=ALL-SYSTEM --add-opens=java.base/java.util=ALL-UNNAMED --add-opens=java.base/java.lang=ALL-UNNAMED --add-opens=java.base/sun.nio.fs=ALL-UNNAMED -Declipse.application=org.eclipse.jdt.ls.core.id1 -Dosgi.bundles.defaultStartLevel=4 -Declipse.product=org.eclipse.jdt.ls.core.product -Djava.import.generatesMetadataFilesAtProjectRoot=false -DDetectVMInstallationsJob.disabled=true -Dfile.encoding=utf8 -XX:+UseParallelGC -XX:GCTimeRatio=4 -XX:AdaptiveSizePolicyWeight=90 -Dsun.zip.disableMemoryMapping=true -Xmx1G -Xms100m -Xlog:disable -javaagent:c:\Users\91993\.vscode\extensions\redhat.java-1.24.0-win32-x64\lombok\lombok-1.18.30.jar -XX:+HeapDumpOnOutOfMemoryError -XX:HeapDumpPath=c:\Users\91993\AppData\Roaming\Code\User\workspaceStorage\244ba854a01daa398e900e74784e95ac\redhat.java -Daether.dependencyCollector.impl=bf c:\Users\91993\.vscode\extensions\redhat.java-1.24.0-win32-x64\server\plugins\org.eclipse.equinox.launcher_1.6.500.v20230717-2134.jar -configuration c:\Users\91993\AppData\Roaming\Code\User\globalStorage\redhat.java\1.24.0\config_win -data c:\Users\91993\AppData\Roaming\Code\User\workspaceStorage\244ba854a01daa398e900e74784e95ac\redhat.java\jdt_ws --stdio

Host: Intel(R) Core(TM) i5-1035G1 CPU @ 1.00GHz, 8 cores, 7G,  Windows 11 , 64 bit Build 22621 (10.0.22621.2506)
Time: Thu Nov 30 17:32:07 2023 India Standard Time elapsed time: 3.553634 seconds (0d 0h 0m 3s)

---------------  T H R E A D  ---------------

Current thread (0x000001fc9eaf9c60):  JavaThread "C2 CompilerThread2" daemon [_thread_in_native, id=16576, stack(0x000000a5af300000,0x000000a5af400000)]


Current CompileTask:
C2:   3553 3965       4       jdk.internal.org.objectweb.asm.Frame::execute (2318 bytes)

Stack: [0x000000a5af300000,0x000000a5af400000]
Native frames: (J=compiled Java code, j=interpreted, Vv=VM code, C=native code)
V  [jvm.dll+0x678b0a]
V  [jvm.dll+0x835e84]
V  [jvm.dll+0x83762e]
V  [jvm.dll+0x837c93]
V  [jvm.dll+0x24746f]
V  [jvm.dll+0xac20c]
V  [jvm.dll+0xac7dc]
V  [jvm.dll+0x2ae7af]
V  [jvm.dll+0x581427]
V  [jvm.dll+0x222602]
V  [jvm.dll+0x21b2bf]
V  [jvm.dll+0x218f0b]
V  [jvm.dll+0x1a534d]
V  [jvm.dll+0x228d8a]
V  [jvm.dll+0x226dcc]
V  [jvm.dll+0x7ec09b]
V  [jvm.dll+0x7e64ca]
V  [jvm.dll+0x677955]
C  [ucrtbase.dll+0x29363]
C  [KERNEL32.DLL+0x1257d]
C  [ntdll.dll+0x5aa58]


---------------  P R O C E S S  ---------------

Threads class SMR info:
_java_thread_list=0x000001fc9e3996e0, length=27, elements={
0x000001fc82e4f2d0, 0x000001fc82ef7e90, 0x000001fc82ef9a60, 0x000001fc96cbcf00,
0x000001fc96cbd9d0, 0x000001fc9bd38000, 0x000001fc9bd3cc80, 0x000001fc9bd437f0,
0x000001fc9bd468d0, 0x000001fc9bd4ede0, 0x000001fc82eb16b0, 0x000001fc9be5f690,
0x000001fc9c0768a0, 0x000001fc9d1f3d60, 0x000001fc9d7ef090, 0x000001fc9d7ef570,
0x000001fc9dd23950, 0x000001fc9dd3e8b0, 0x000001fc9dd3fcf0, 0x000001fc9dd3f7e0,
0x000001fc9dd40200, 0x000001fc9dd3d470, 0x000001fc9dd3d980, 0x000001fc9eaf9c60,
0x000001fc9dd3edc0, 0x000001fc9dd3f2d0, 0x000001fc9dd3ca50
}

Java Threads: ( => current thread )
  0x000001fc82e4f2d0 JavaThread "main" [_thread_in_vm, id=14996, stack(0x000000a5ad200000,0x000000a5ad300000)]
  0x000001fc82ef7e90 JavaThread "Reference Handler" daemon [_thread_blocked, id=19300, stack(0x000000a5ad500000,0x000000a5ad600000)]
  0x000001fc82ef9a60 JavaThread "Finalizer" daemon [_thread_blocked, id=19340, stack(0x000000a5ad600000,0x000000a5ad700000)]
  0x000001fc96cbcf00 JavaThread "Signal Dispatcher" daemon [_thread_blocked, id=16124, stack(0x000000a5ad700000,0x000000a5ad800000)]
  0x000001fc96cbd9d0 JavaThread "Attach Listener" daemon [_thread_blocked, id=9696, stack(0x000000a5ad800000,0x000000a5ad900000)]
  0x000001fc9bd38000 JavaThread "Service Thread" daemon [_thread_blocked, id=18524, stack(0x000000a5ad900000,0x000000a5ada00000)]
  0x000001fc9bd3cc80 JavaThread "Monitor Deflation Thread" daemon [_thread_blocked, id=18804, stack(0x000000a5ada00000,0x000000a5adb00000)]
  0x000001fc9bd437f0 JavaThread "C2 CompilerThread0" daemon [_thread_in_native, id=18812, stack(0x000000a5adb00000,0x000000a5adc00000)]
  0x000001fc9bd468d0 JavaThread "C1 CompilerThread0" daemon [_thread_blocked, id=11416, stack(0x000000a5adc00000,0x000000a5add00000)]
  0x000001fc9bd4ede0 JavaThread "Sweeper thread" daemon [_thread_blocked, id=8324, stack(0x000000a5add00000,0x000000a5ade00000)]
  0x000001fc82eb16b0 JavaThread "Common-Cleaner" daemon [_thread_blocked, id=3076, stack(0x000000a5ade00000,0x000000a5adf00000)]
  0x000001fc9be5f690 JavaThread "C2 CompilerThread1" daemon [_thread_blocked, id=9448, stack(0x000000a5adf00000,0x000000a5ae000000)]
  0x000001fc9c0768a0 JavaThread "Notification Thread" daemon [_thread_blocked, id=18740, stack(0x000000a5ae000000,0x000000a5ae100000)]
  0x000001fc9d1f3d60 JavaThread "Active Thread: Equinox Container: 109ccd95-8199-4dae-8bfa-bea037e329fd" [_thread_blocked, id=18556, stack(0x000000a5ae900000,0x000000a5aea00000)]
  0x000001fc9d7ef090 JavaThread "Framework Event Dispatcher: Equinox Container: 109ccd95-8199-4dae-8bfa-bea037e329fd" daemon [_thread_blocked, id=7380, stack(0x000000a5aea00000,0x000000a5aeb00000)]
  0x000001fc9d7ef570 JavaThread "Start Level: Equinox Container: 109ccd95-8199-4dae-8bfa-bea037e329fd" daemon [_thread_blocked, id=18764, stack(0x000000a5aeb00000,0x000000a5aec00000)]
  0x000001fc9dd23950 JavaThread "Bundle File Closer" daemon [_thread_blocked, id=5116, stack(0x000000a5aed00000,0x000000a5aee00000)]
  0x000001fc9dd3e8b0 JavaThread "SCR Component Actor" daemon [_thread_blocked, id=5280, stack(0x000000a5aee00000,0x000000a5aef00000)]
  0x000001fc9dd3fcf0 JavaThread "SCR Component Registry" daemon [_thread_blocked, id=18904, stack(0x000000a5aef00000,0x000000a5af000000)]
  0x000001fc9dd3f7e0 JavaThread "Worker-JM" [_thread_blocked, id=17932, stack(0x000000a5af000000,0x000000a5af100000)]
  0x000001fc9dd40200 JavaThread "Worker-0: Updating Maven Dependencies" [_thread_in_vm, id=17320, stack(0x000000a5af100000,0x000000a5af200000)]
  0x000001fc9dd3d470 JavaThread "Worker-1: Repository registry initialization" [_thread_blocked, id=18520, stack(0x000000a5af200000,0x000000a5af300000)]
  0x000001fc9dd3d980 JavaThread "Java indexing" daemon [_thread_blocked, id=17752, stack(0x000000a5ae200000,0x000000a5ae300000)]
=>0x000001fc9eaf9c60 JavaThread "C2 CompilerThread2" daemon [_thread_in_native, id=16576, stack(0x000000a5af300000,0x000000a5af400000)]
  0x000001fc9dd3edc0 JavaThread "JNA Cleaner" daemon [_thread_blocked, id=10532, stack(0x000000a5af400000,0x000000a5af500000)]
  0x000001fc9dd3f2d0 JavaThread "pool-2-thread-1" [_thread_blocked, id=12752, stack(0x000000a5af500000,0x000000a5af600000)]
  0x000001fc9dd3ca50 JavaThread "Worker-2" [_thread_blocked, id=18404, stack(0x000000a5af600000,0x000000a5af700000)]

Other Threads:
  0x000001fc82ef7800 VMThread "VM Thread" [stack: 0x000000a5ad400000,0x000000a5ad500000] [id=16612]
  0x000001fc9cf30710 WatcherThread [stack: 0x000000a5ae100000,0x000000a5ae200000] [id=13208]
  0x000001fc82e648c0 GCTaskThread "GC Thread#0" [stack: 0x000000a5ad300000,0x000000a5ad400000] [id=18268]
  0x000001fc9c0a09c0 GCTaskThread "GC Thread#1" [stack: 0x000000a5ae300000,0x000000a5ae400000] [id=18176]
  0x000001fc9c0a0c80 GCTaskThread "GC Thread#2" [stack: 0x000000a5ae400000,0x000000a5ae500000] [id=3040]
  0x000001fc9c0a0f40 GCTaskThread "GC Thread#3" [stack: 0x000000a5ae500000,0x000000a5ae600000] [id=7508]
  0x000001fc9c0a1200 GCTaskThread "GC Thread#4" [stack: 0x000000a5ae600000,0x000000a5ae700000] [id=18856]
  0x000001fc9c0a14c0 GCTaskThread "GC Thread#5" [stack: 0x000000a5ae700000,0x000000a5ae800000] [id=17920]
  0x000001fc9d430000 GCTaskThread "GC Thread#6" [stack: 0x000000a5ae800000,0x000000a5ae900000] [id=16008]
  0x000001fc9d8af870 GCTaskThread "GC Thread#7" [stack: 0x000000a5aec00000,0x000000a5aed00000] [id=18788]

Threads with active compile tasks:
C2 CompilerThread0     3582 3959   !   4       org.eclipse.osgi.internal.loader.classpath.ClasspathManager::findClassImpl (308 bytes)
C2 CompilerThread2     3582 3965       4       jdk.internal.org.objectweb.asm.Frame::execute (2318 bytes)

VM state: not at safepoint (normal execution)

VM Mutex/Monitor currently owned by a thread:  ([mutex/lock_event])
[0x000001fc80c7e300] Metaspace_lock - owner thread: 0x000001fc82e4f2d0

Heap address: 0x00000000c0000000, size: 1024 MB, Compressed Oops mode: 32-bit

CDS archive(s) not mapped
Compressed class space mapped at: 0x0000000100000000-0x0000000140000000, reserved size: 1073741824
Narrow klass base: 0x0000000000000000, Narrow klass shift: 3, Narrow klass range: 0x140000000

GC Precious Log:
 CPUs: 8 total, 8 available
 Memory: 7946M
 Large Page Support: Disabled
 NUMA Support: Disabled
 Compressed Oops: Enabled (32-bit)
 Alignments: Space 512K, Generation 512K, Heap 2M
 Heap Min Capacity: 100M
 Heap Initial Capacity: 100M
 Heap Max Capacity: 1G
 Pre-touch: Disabled
 Parallel Workers: 8

Heap:
 PSYoungGen      total 24576K, used 17565K [0x00000000eab00000, 0x00000000ec900000, 0x0000000100000000)
  eden space 23552K, 74% used [0x00000000eab00000,0x00000000ebc277f0,0x00000000ec200000)
  from space 1024K, 0% used [0x00000000ec780000,0x00000000ec780000,0x00000000ec880000)
  to   space 3584K, 0% used [0x00000000ec200000,0x00000000ec200000,0x00000000ec580000)
 ParOldGen       total 68608K, used 13471K [0x00000000c0000000, 0x00000000c4300000, 0x00000000eab00000)
  object space 68608K, 19% used [0x00000000c0000000,0x00000000c0d27cd0,0x00000000c4300000)
 Metaspace       used 37599K, committed 38400K, reserved 1114112K
  class space    used 3762K, committed 4160K, reserved 1048576K

Card table byte_map: [0x000001fc82810000,0x000001fc82a20000] _byte_map_base: 0x000001fc82210000

Marking Bits: (ParMarkBitMap*) 0x00007ffd96f083a0
 Begin Bits: [0x000001fc94ac0000, 0x000001fc95ac0000)
 End Bits:   [0x000001fc95ac0000, 0x000001fc96ac0000)

Polling page: 0x000001fc82600000

Metaspace:

Usage:
  Non-class:     33.04 MB used.
      Class:      3.67 MB used.
       Both:     36.72 MB used.

Virtual space:
  Non-class space:       64.00 MB reserved,      33.44 MB ( 52%) committed,  1 nodes.
      Class space:        1.00 GB reserved,       4.06 MB ( <1%) committed,  1 nodes.
             Both:        1.06 GB reserved,      37.50 MB (  3%) committed. 

Chunk freelists:
   Non-Class:  14.25 MB
       Class:  11.84 MB
        Both:  26.09 MB

MaxMetaspaceSize: unlimited
CompressedClassSpaceSize: 1.00 GB
Initial GC threshold: 21.00 MB
Current GC threshold: 58.38 MB
CDS: off
MetaspaceReclaimPolicy: balanced
 - commit_granule_bytes: 65536.
 - commit_granule_words: 8192.
 - virtual_space_node_default_size: 8388608.
 - enlarge_chunks_in_place: 1.
 - new_chunks_are_fully_committed: 0.
 - uncommit_free_chunks: 1.
 - use_allocation_guard: 0.
 - handle_deallocations: 1.


Internal statistics:

num_allocs_failed_limit: 6.
num_arena_births: 378.
num_arena_deaths: 14.
num_vsnodes_births: 2.
num_vsnodes_deaths: 0.
num_space_committed: 600.
num_space_uncommitted: 0.
num_chunks_returned_to_freelist: 20.
num_chunks_taken_from_freelist: 1544.
num_chunk_merges: 4.
num_chunk_splits: 1020.
num_chunks_enlarged: 690.
num_inconsistent_stats: 0.

CodeHeap 'non-profiled nmethods': size=120000Kb used=1954Kb max_used=1954Kb free=118045Kb
 bounds [0x000001fc8d590000, 0x000001fc8d800000, 0x000001fc94ac0000]
CodeHeap 'profiled nmethods': size=120000Kb used=8391Kb max_used=8391Kb free=111609Kb
 bounds [0x000001fc85ac0000, 0x000001fc86300000, 0x000001fc8cff0000]
CodeHeap 'non-nmethods': size=5760Kb used=1281Kb max_used=1326Kb free=4478Kb
 bounds [0x000001fc8cff0000, 0x000001fc8d260000, 0x000001fc8d590000]
 total_blobs=4585 nmethods=3995 adapters=504
 compilation: enabled
              stopped_count=0, restarted_count=0
 full_count=0

Compilation events (20 events):
Event: 3.539 Thread 0x000001fc9bd468d0 3977       3       java.nio.HeapByteBuffer::getShort (29 bytes)
Event: 3.539 Thread 0x000001fc9be5f690 3979       4       sun.reflect.generics.parser.SignatureParser::current (59 bytes)
Event: 3.540 Thread 0x000001fc9bd468d0 nmethod 3977 0x000001fc862e4a90 code [0x000001fc862e4ce0, 0x000001fc862e56a8]
Event: 3.540 Thread 0x000001fc9bd468d0 3978   !   3       jdk.internal.misc.ScopedMemoryAccess::getShortUnaligned (22 bytes)
Event: 3.541 Thread 0x000001fc9bd468d0 nmethod 3978 0x000001fc862e5a90 code [0x000001fc862e5c80, 0x000001fc862e6248]
Event: 3.541 Thread 0x000001fc9bd468d0 3980       3       jdk.internal.reflect.ClassFileAssembler::emitConstantPoolMethodref (28 bytes)
Event: 3.542 Thread 0x000001fc9be5f690 nmethod 3979 0x000001fc8d775210 code [0x000001fc8d7753a0, 0x000001fc8d7754a8]
Event: 3.542 Thread 0x000001fc9bd468d0 nmethod 3980 0x000001fc862e6510 code [0x000001fc862e6740, 0x000001fc862e6dc8]
Event: 3.542 Thread 0x000001fc9bd468d0 3981       1       sun.reflect.generics.visitor.Reifier::getFactory (5 bytes)
Event: 3.542 Thread 0x000001fc9bd468d0 nmethod 3981 0x000001fc8d775610 code [0x000001fc8d7757a0, 0x000001fc8d775878]
Event: 3.542 Thread 0x000001fc9bd468d0 3982   !   3       java.lang.reflect.Executable::declaredAnnotations (85 bytes)
Event: 3.543 Thread 0x000001fc9bd468d0 nmethod 3982 0x000001fc862e7190 code [0x000001fc862e73c0, 0x000001fc862e7c48]
Event: 3.543 Thread 0x000001fc9bd468d0 3984       3       java.lang.reflect.ProxyGenerator::dotToSlash (9 bytes)
Event: 3.543 Thread 0x000001fc9bd468d0 nmethod 3984 0x000001fc862e8010 code [0x000001fc862e81a0, 0x000001fc862e82c8]
Event: 3.543 Thread 0x000001fc9bd468d0 3985       3       java.lang.Class::getConstructor0 (83 bytes)
Event: 3.544 Thread 0x000001fc9bd468d0 nmethod 3985 0x000001fc862e8390 code [0x000001fc862e8600, 0x000001fc862e9018]
Event: 3.544 Thread 0x000001fc9bd468d0 3983       1       sun.reflect.generics.tree.SimpleClassTypeSignature::getTypeArguments (5 bytes)
Event: 3.544 Thread 0x000001fc9bd468d0 nmethod 3983 0x000001fc8d775910 code [0x000001fc8d775aa0, 0x000001fc8d775b78]
Event: 3.551 Thread 0x000001fc9be5f690 3986       4       java.lang.ClassLoader::loadClass (7 bytes)
Event: 3.551 Thread 0x000001fc9be5f690 nmethod 3986 0x000001fc8d775c10 code [0x000001fc8d775d80, 0x000001fc8d775e18]

GC Heap History (20 events):
Event: 1.547 GC heap before
{Heap before GC invocations=3 (full 0):
 PSYoungGen      total 29696K, used 29666K [0x00000000eab00000, 0x00000000ecc00000, 0x0000000100000000)
  eden space 25600K, 100% used [0x00000000eab00000,0x00000000ec400000,0x00000000ec400000)
  from space 4096K, 99% used [0x00000000ec800000,0x00000000ecbf88d8,0x00000000ecc00000)
  to   space 4096K, 0% used [0x00000000ec400000,0x00000000ec400000,0x00000000ec800000)
 ParOldGen       total 68608K, used 1482K [0x00000000c0000000, 0x00000000c4300000, 0x00000000eab00000)
  object space 68608K, 2% used [0x00000000c0000000,0x00000000c0172b80,0x00000000c4300000)
 Metaspace       used 16915K, committed 17216K, reserved 1114112K
  class space    used 1715K, committed 1856K, reserved 1048576K
}
Event: 1.552 GC heap after
{Heap after GC invocations=3 (full 0):
 PSYoungGen      total 29696K, used 4095K [0x00000000eab00000, 0x00000000ecc00000, 0x0000000100000000)
  eden space 25600K, 0% used [0x00000000eab00000,0x00000000eab00000,0x00000000ec400000)
  from space 4096K, 99% used [0x00000000ec400000,0x00000000ec7ffce0,0x00000000ec800000)
  to   space 4096K, 0% used [0x00000000ec800000,0x00000000ec800000,0x00000000ecc00000)
 ParOldGen       total 68608K, used 5229K [0x00000000c0000000, 0x00000000c4300000, 0x00000000eab00000)
  object space 68608K, 7% used [0x00000000c0000000,0x00000000c051b4f0,0x00000000c4300000)
 Metaspace       used 16915K, committed 17216K, reserved 1114112K
  class space    used 1715K, committed 1856K, reserved 1048576K
}
Event: 1.872 GC heap before
{Heap before GC invocations=4 (full 0):
 PSYoungGen      total 29696K, used 29695K [0x00000000eab00000, 0x00000000ecc00000, 0x0000000100000000)
  eden space 25600K, 100% used [0x00000000eab00000,0x00000000ec400000,0x00000000ec400000)
  from space 4096K, 99% used [0x00000000ec400000,0x00000000ec7ffce0,0x00000000ec800000)
  to   space 4096K, 0% used [0x00000000ec800000,0x00000000ec800000,0x00000000ecc00000)
 ParOldGen       total 68608K, used 5229K [0x00000000c0000000, 0x00000000c4300000, 0x00000000eab00000)
  object space 68608K, 7% used [0x00000000c0000000,0x00000000c051b4f0,0x00000000c4300000)
 Metaspace       used 20500K, committed 20992K, reserved 1114112K
  class space    used 2068K, committed 2304K, reserved 1048576K
}
Event: 1.875 GC heap after
{Heap after GC invocations=4 (full 0):
 PSYoungGen      total 29696K, used 4082K [0x00000000eab00000, 0x00000000ecc00000, 0x0000000100000000)
  eden space 25600K, 0% used [0x00000000eab00000,0x00000000eab00000,0x00000000ec400000)
  from space 4096K, 99% used [0x00000000ec800000,0x00000000ecbfca08,0x00000000ecc00000)
  to   space 4096K, 0% used [0x00000000ec400000,0x00000000ec400000,0x00000000ec800000)
 ParOldGen       total 68608K, used 6394K [0x00000000c0000000, 0x00000000c4300000, 0x00000000eab00000)
  object space 68608K, 9% used [0x00000000c0000000,0x00000000c063e860,0x00000000c4300000)
 Metaspace       used 20500K, committed 20992K, reserved 1114112K
  class space    used 2068K, committed 2304K, reserved 1048576K
}
Event: 1.913 GC heap before
{Heap before GC invocations=5 (full 0):
 PSYoungGen      total 29696K, used 7522K [0x00000000eab00000, 0x00000000ecc00000, 0x0000000100000000)
  eden space 25600K, 13% used [0x00000000eab00000,0x00000000eae5bf10,0x00000000ec400000)
  from space 4096K, 99% used [0x00000000ec800000,0x00000000ecbfca08,0x00000000ecc00000)
  to   space 4096K, 0% used [0x00000000ec400000,0x00000000ec400000,0x00000000ec800000)
 ParOldGen       total 68608K, used 6394K [0x00000000c0000000, 0x00000000c4300000, 0x00000000eab00000)
  object space 68608K, 9% used [0x00000000c0000000,0x00000000c063e860,0x00000000c4300000)
 Metaspace       used 21090K, committed 21504K, reserved 1114112K
  class space    used 2131K, committed 2304K, reserved 1048576K
}
Event: 1.915 GC heap after
{Heap after GC invocations=5 (full 0):
 PSYoungGen      total 29696K, used 4077K [0x00000000eab00000, 0x00000000ece00000, 0x0000000100000000)
  eden space 25600K, 0% used [0x00000000eab00000,0x00000000eab00000,0x00000000ec400000)
  from space 4096K, 99% used [0x00000000ec400000,0x00000000ec7fb400,0x00000000ec800000)
  to   space 5120K, 0% used [0x00000000ec900000,0x00000000ec900000,0x00000000ece00000)
 ParOldGen       total 68608K, used 6764K [0x00000000c0000000, 0x00000000c4300000, 0x00000000eab00000)
  object space 68608K, 9% used [0x00000000c0000000,0x00000000c069b108,0x00000000c4300000)
 Metaspace       used 21090K, committed 21504K, reserved 1114112K
  class space    used 2131K, committed 2304K, reserved 1048576K
}
Event: 1.915 GC heap before
{Heap before GC invocations=6 (full 1):
 PSYoungGen      total 29696K, used 4077K [0x00000000eab00000, 0x00000000ece00000, 0x0000000100000000)
  eden space 25600K, 0% used [0x00000000eab00000,0x00000000eab00000,0x00000000ec400000)
  from space 4096K, 99% used [0x00000000ec400000,0x00000000ec7fb400,0x00000000ec800000)
  to   space 5120K, 0% used [0x00000000ec900000,0x00000000ec900000,0x00000000ece00000)
 ParOldGen       total 68608K, used 6764K [0x00000000c0000000, 0x00000000c4300000, 0x00000000eab00000)
  object space 68608K, 9% used [0x00000000c0000000,0x00000000c069b108,0x00000000c4300000)
 Metaspace       used 21090K, committed 21504K, reserved 1114112K
  class space    used 2131K, committed 2304K, reserved 1048576K
}
Event: 1.932 GC heap after
{Heap after GC invocations=6 (full 1):
 PSYoungGen      total 29696K, used 0K [0x00000000eab00000, 0x00000000ece00000, 0x0000000100000000)
  eden space 25600K, 0% used [0x00000000eab00000,0x00000000eab00000,0x00000000ec400000)
  from space 4096K, 0% used [0x00000000ec400000,0x00000000ec400000,0x00000000ec800000)
  to   space 5120K, 0% used [0x00000000ec900000,0x00000000ec900000,0x00000000ece00000)
 ParOldGen       total 68608K, used 10494K [0x00000000c0000000, 0x00000000c4300000, 0x00000000eab00000)
  object space 68608K, 15% used [0x00000000c0000000,0x00000000c0a3fa28,0x00000000c4300000)
 Metaspace       used 21090K, committed 21504K, reserved 1114112K
  class space    used 2131K, committed 2304K, reserved 1048576K
}
Event: 2.289 GC heap before
{Heap before GC invocations=7 (full 1):
 PSYoungGen      total 29696K, used 25600K [0x00000000eab00000, 0x00000000ece00000, 0x0000000100000000)
  eden space 25600K, 100% used [0x00000000eab00000,0x00000000ec400000,0x00000000ec400000)
  from space 4096K, 0% used [0x00000000ec400000,0x00000000ec400000,0x00000000ec800000)
  to   space 5120K, 0% used [0x00000000ec900000,0x00000000ec900000,0x00000000ece00000)
 ParOldGen       total 68608K, used 10494K [0x00000000c0000000, 0x00000000c4300000, 0x00000000eab00000)
  object space 68608K, 15% used [0x00000000c0000000,0x00000000c0a3fa28,0x00000000c4300000)
 Metaspace       used 24293K, committed 24768K, reserved 1114112K
  class space    used 2464K, committed 2688K, reserved 1048576K
}
Event: 2.291 GC heap after
{Heap after GC invocations=7 (full 1):
 PSYoungGen      total 26624K, used 1256K [0x00000000eab00000, 0x00000000eca80000, 0x0000000100000000)
  eden space 25088K, 0% used [0x00000000eab00000,0x00000000eab00000,0x00000000ec380000)
  from space 1536K, 81% used [0x00000000ec900000,0x00000000eca3a088,0x00000000eca80000)
  to   space 2560K, 0% used [0x00000000ec580000,0x00000000ec580000,0x00000000ec800000)
 ParOldGen       total 68608K, used 10502K [0x00000000c0000000, 0x00000000c4300000, 0x00000000eab00000)
  object space 68608K, 15% used [0x00000000c0000000,0x00000000c0a41a28,0x00000000c4300000)
 Metaspace       used 24293K, committed 24768K, reserved 1114112K
  class space    used 2464K, committed 2688K, reserved 1048576K
}
Event: 2.533 GC heap before
{Heap before GC invocations=8 (full 1):
 PSYoungGen      total 26624K, used 26344K [0x00000000eab00000, 0x00000000eca80000, 0x0000000100000000)
  eden space 25088K, 100% used [0x00000000eab00000,0x00000000ec380000,0x00000000ec380000)
  from space 1536K, 81% used [0x00000000ec900000,0x00000000eca3a088,0x00000000eca80000)
  to   space 2560K, 0% used [0x00000000ec580000,0x00000000ec580000,0x00000000ec800000)
 ParOldGen       total 68608K, used 10502K [0x00000000c0000000, 0x00000000c4300000, 0x00000000eab00000)
  object space 68608K, 15% used [0x00000000c0000000,0x00000000c0a41a28,0x00000000c4300000)
 Metaspace       used 27303K, committed 27904K, reserved 1114112K
  class space    used 2776K, committed 3008K, reserved 1048576K
}
Event: 2.535 GC heap after
{Heap after GC invocations=8 (full 1):
 PSYoungGen      total 27136K, used 2529K [0x00000000eab00000, 0x00000000ecc00000, 0x0000000100000000)
  eden space 24576K, 0% used [0x00000000eab00000,0x00000000eab00000,0x00000000ec300000)
  from space 2560K, 98% used [0x00000000ec580000,0x00000000ec7f87c8,0x00000000ec800000)
  to   space 4096K, 0% used [0x00000000ec800000,0x00000000ec800000,0x00000000ecc00000)
 ParOldGen       total 68608K, used 11859K [0x00000000c0000000, 0x00000000c4300000, 0x00000000eab00000)
  object space 68608K, 17% used [0x00000000c0000000,0x00000000c0b94da0,0x00000000c4300000)
 Metaspace       used 27303K, committed 27904K, reserved 1114112K
  class space    used 2776K, committed 3008K, reserved 1048576K
}
Event: 2.727 GC heap before
{Heap before GC invocations=9 (full 1):
 PSYoungGen      total 27136K, used 27105K [0x00000000eab00000, 0x00000000ecc00000, 0x0000000100000000)
  eden space 24576K, 100% used [0x00000000eab00000,0x00000000ec300000,0x00000000ec300000)
  from space 2560K, 98% used [0x00000000ec580000,0x00000000ec7f87c8,0x00000000ec800000)
  to   space 4096K, 0% used [0x00000000ec800000,0x00000000ec800000,0x00000000ecc00000)
 ParOldGen       total 68608K, used 11859K [0x00000000c0000000, 0x00000000c4300000, 0x00000000eab00000)
  object space 68608K, 17% used [0x00000000c0000000,0x00000000c0b94da0,0x00000000c4300000)
 Metaspace       used 30459K, committed 31104K, reserved 1114112K
  class space    used 3009K, committed 3264K, reserved 1048576K
}
Event: 2.729 GC heap after
{Heap after GC invocations=9 (full 1):
 PSYoungGen      total 27136K, used 2591K [0x00000000eab00000, 0x00000000ecb00000, 0x0000000100000000)
  eden space 24064K, 0% used [0x00000000eab00000,0x00000000eab00000,0x00000000ec280000)
  from space 3072K, 84% used [0x00000000ec800000,0x00000000eca87d10,0x00000000ecb00000)
  to   space 3072K, 0% used [0x00000000ec500000,0x00000000ec500000,0x00000000ec800000)
 ParOldGen       total 68608K, used 11867K [0x00000000c0000000, 0x00000000c4300000, 0x00000000eab00000)
  object space 68608K, 17% used [0x00000000c0000000,0x00000000c0b96da0,0x00000000c4300000)
 Metaspace       used 30459K, committed 31104K, reserved 1114112K
  class space    used 3009K, committed 3264K, reserved 1048576K
}
Event: 2.959 GC heap before
{Heap before GC invocations=10 (full 1):
 PSYoungGen      total 27136K, used 26655K [0x00000000eab00000, 0x00000000ecb00000, 0x0000000100000000)
  eden space 24064K, 100% used [0x00000000eab00000,0x00000000ec280000,0x00000000ec280000)
  from space 3072K, 84% used [0x00000000ec800000,0x00000000eca87d10,0x00000000ecb00000)
  to   space 3072K, 0% used [0x00000000ec500000,0x00000000ec500000,0x00000000ec800000)
 ParOldGen       total 68608K, used 11867K [0x00000000c0000000, 0x00000000c4300000, 0x00000000eab00000)
  object space 68608K, 17% used [0x00000000c0000000,0x00000000c0b96da0,0x00000000c4300000)
 Metaspace       used 32801K, committed 33408K, reserved 1114112K
  class space    used 3190K, committed 3456K, reserved 1048576K
}
Event: 2.961 GC heap after
{Heap after GC invocations=10 (full 1):
 PSYoungGen      total 26112K, used 2321K [0x00000000eab00000, 0x00000000ec880000, 0x0000000100000000)
  eden space 23552K, 0% used [0x00000000eab00000,0x00000000eab00000,0x00000000ec200000)
  from space 2560K, 90% used [0x00000000ec500000,0x00000000ec7447f0,0x00000000ec780000)
  to   space 1024K, 0% used [0x00000000ec780000,0x00000000ec780000,0x00000000ec880000)
 ParOldGen       total 68608K, used 12831K [0x00000000c0000000, 0x00000000c4300000, 0x00000000eab00000)
  object space 68608K, 18% used [0x00000000c0000000,0x00000000c0c87f30,0x00000000c4300000)
 Metaspace       used 32801K, committed 33408K, reserved 1114112K
  class space    used 3190K, committed 3456K, reserved 1048576K
}
Event: 3.361 GC heap before
{Heap before GC invocations=11 (full 1):
 PSYoungGen      total 26112K, used 16026K [0x00000000eab00000, 0x00000000ec880000, 0x0000000100000000)
  eden space 23552K, 58% used [0x00000000eab00000,0x00000000eb8620a8,0x00000000ec200000)
  from space 2560K, 90% used [0x00000000ec500000,0x00000000ec7447f0,0x00000000ec780000)
  to   space 1024K, 0% used [0x00000000ec780000,0x00000000ec780000,0x00000000ec880000)
 ParOldGen       total 68608K, used 12831K [0x00000000c0000000, 0x00000000c4300000, 0x00000000eab00000)
  object space 68608K, 18% used [0x00000000c0000000,0x00000000c0c87f30,0x00000000c4300000)
 Metaspace       used 35145K, committed 35840K, reserved 1114112K
  class space    used 3462K, committed 3776K, reserved 1048576K
}
Event: 3.364 GC heap after
{Heap after GC invocations=11 (full 1):
 PSYoungGen      total 24576K, used 1008K [0x00000000eab00000, 0x00000000ec900000, 0x0000000100000000)
  eden space 23552K, 0% used [0x00000000eab00000,0x00000000eab00000,0x00000000ec200000)
  from space 1024K, 98% used [0x00000000ec780000,0x00000000ec87c2d0,0x00000000ec880000)
  to   space 3584K, 0% used [0x00000000ec200000,0x00000000ec200000,0x00000000ec580000)
 ParOldGen       total 68608K, used 14887K [0x00000000c0000000, 0x00000000c4300000, 0x00000000eab00000)
  object space 68608K, 21% used [0x00000000c0000000,0x00000000c0e89ce0,0x00000000c4300000)
 Metaspace       used 35145K, committed 35840K, reserved 1114112K
  class space    used 3462K, committed 3776K, reserved 1048576K
}
Event: 3.364 GC heap before
{Heap before GC invocations=12 (full 2):
 PSYoungGen      total 24576K, used 1008K [0x00000000eab00000, 0x00000000ec900000, 0x0000000100000000)
  eden space 23552K, 0% used [0x00000000eab00000,0x00000000eab00000,0x00000000ec200000)
  from space 1024K, 98% used [0x00000000ec780000,0x00000000ec87c2d0,0x00000000ec880000)
  to   space 3584K, 0% used [0x00000000ec200000,0x00000000ec200000,0x00000000ec580000)
 ParOldGen       total 68608K, used 14887K [0x00000000c0000000, 0x00000000c4300000, 0x00000000eab00000)
  object space 68608K, 21% used [0x00000000c0000000,0x00000000c0e89ce0,0x00000000c4300000)
 Metaspace       used 35145K, committed 35840K, reserved 1114112K
  class space    used 3462K, committed 3776K, reserved 1048576K
}
Event: 3.386 GC heap after
{Heap after GC invocations=12 (full 2):
 PSYoungGen      total 24576K, used 0K [0x00000000eab00000, 0x00000000ec900000, 0x0000000100000000)
  eden space 23552K, 0% used [0x00000000eab00000,0x00000000eab00000,0x00000000ec200000)
  from space 1024K, 0% used [0x00000000ec780000,0x00000000ec780000,0x00000000ec880000)
  to   space 3584K, 0% used [0x00000000ec200000,0x00000000ec200000,0x00000000ec580000)
 ParOldGen       total 68608K, used 13471K [0x00000000c0000000, 0x00000000c4300000, 0x00000000eab00000)
  object space 68608K, 19% used [0x00000000c0000000,0x00000000c0d27cd0,0x00000000c4300000)
 Metaspace       used 35132K, committed 35840K, reserved 1114112K
  class space    used 3459K, committed 3776K, reserved 1048576K
}

Dll operation events (10 events):
Event: 0.014 Loaded shared library c:\Users\91993\.vscode\extensions\redhat.java-1.24.0-win32-x64\jre\17.0.8.1-win32-x86_64\bin\java.dll
Event: 0.187 Loaded shared library c:\Users\91993\.vscode\extensions\redhat.java-1.24.0-win32-x64\jre\17.0.8.1-win32-x86_64\bin\zip.dll
Event: 0.191 Loaded shared library C:\Users\91993\.vscode\extensions\redhat.java-1.24.0-win32-x64\jre\17.0.8.1-win32-x86_64\bin\instrument.dll
Event: 0.211 Loaded shared library C:\Users\91993\.vscode\extensions\redhat.java-1.24.0-win32-x64\jre\17.0.8.1-win32-x86_64\bin\net.dll
Event: 0.214 Loaded shared library C:\Users\91993\.vscode\extensions\redhat.java-1.24.0-win32-x64\jre\17.0.8.1-win32-x86_64\bin\nio.dll
Event: 0.222 Loaded shared library C:\Users\91993\.vscode\extensions\redhat.java-1.24.0-win32-x64\jre\17.0.8.1-win32-x86_64\bin\zip.dll
Event: 0.242 Loaded shared library C:\Users\91993\.vscode\extensions\redhat.java-1.24.0-win32-x64\jre\17.0.8.1-win32-x86_64\bin\jimage.dll
Event: 0.298 Loaded shared library c:\Users\91993\.vscode\extensions\redhat.java-1.24.0-win32-x64\jre\17.0.8.1-win32-x86_64\bin\verify.dll
Event: 1.042 Loaded shared library C:\Users\91993\AppData\Roaming\Code\User\globalStorage\redhat.java\1.24.0\config_win\org.eclipse.equinox.launcher\org.eclipse.equinox.launcher.win32.win32.x86_64_1.2.700.v20221108-1024\eclipse_11801.dll
Event: 3.277 Loaded shared library C:\Users\91993\AppData\Local\Temp\jna-54157051\jna10196556872943899652.dll

Deoptimization events (20 events):
Event: 3.464 Thread 0x000001fc9dd40200 Uncommon trap: trap_request=0xffffff45 fr.pc=0x000001fc8d6bd370 relative=0x0000000000000830
Event: 3.464 Thread 0x000001fc9dd40200 Uncommon trap: reason=unstable_if action=reinterpret pc=0x000001fc8d6bd370 method=java.io.BufferedInputStream.read([BII)I @ 31 c2
Event: 3.464 Thread 0x000001fc9dd40200 DEOPT PACKING pc=0x000001fc8d6bd370 sp=0x000000a5af1fe580
Event: 3.464 Thread 0x000001fc9dd40200 DEOPT UNPACKING pc=0x000001fc8d049ea3 sp=0x000000a5af1fe558 mode 2
Event: 3.464 Thread 0x000001fc9dd40200 Uncommon trap: trap_request=0xffffffde fr.pc=0x000001fc8d714fb0 relative=0x0000000000000090
Event: 3.464 Thread 0x000001fc9dd40200 Uncommon trap: reason=class_check action=maybe_recompile pc=0x000001fc8d714fb0 method=java.lang.Character.codePointAt(Ljava/lang/CharSequence;I)I @ 2 c2
Event: 3.464 Thread 0x000001fc9dd40200 DEOPT PACKING pc=0x000001fc8d714fb0 sp=0x000000a5af1fe3a0
Event: 3.464 Thread 0x000001fc9dd40200 DEOPT UNPACKING pc=0x000001fc8d049ea3 sp=0x000000a5af1fe328 mode 2
Event: 3.464 Thread 0x000001fc9dd40200 Uncommon trap: trap_request=0xffffffde fr.pc=0x000001fc8d714fb0 relative=0x0000000000000090
Event: 3.464 Thread 0x000001fc9dd40200 Uncommon trap: reason=class_check action=maybe_recompile pc=0x000001fc8d714fb0 method=java.lang.Character.codePointAt(Ljava/lang/CharSequence;I)I @ 2 c2
Event: 3.464 Thread 0x000001fc9dd40200 DEOPT PACKING pc=0x000001fc8d714fb0 sp=0x000000a5af1fe3a0
Event: 3.464 Thread 0x000001fc9dd40200 DEOPT UNPACKING pc=0x000001fc8d049ea3 sp=0x000000a5af1fe328 mode 2
Event: 3.464 Thread 0x000001fc9dd40200 Uncommon trap: trap_request=0xffffffde fr.pc=0x000001fc8d714fb0 relative=0x0000000000000090
Event: 3.464 Thread 0x000001fc9dd40200 Uncommon trap: reason=class_check action=maybe_recompile pc=0x000001fc8d714fb0 method=java.lang.Character.codePointAt(Ljava/lang/CharSequence;I)I @ 2 c2
Event: 3.464 Thread 0x000001fc9dd40200 DEOPT PACKING pc=0x000001fc8d714fb0 sp=0x000000a5af1fe3a0
Event: 3.464 Thread 0x000001fc9dd40200 DEOPT UNPACKING pc=0x000001fc8d049ea3 sp=0x000000a5af1fe328 mode 2
Event: 3.464 Thread 0x000001fc9dd40200 Uncommon trap: trap_request=0xffffffde fr.pc=0x000001fc8d714fb0 relative=0x0000000000000090
Event: 3.464 Thread 0x000001fc9dd40200 Uncommon trap: reason=class_check action=maybe_recompile pc=0x000001fc8d714fb0 method=java.lang.Character.codePointAt(Ljava/lang/CharSequence;I)I @ 2 c2
Event: 3.464 Thread 0x000001fc9dd40200 DEOPT PACKING pc=0x000001fc8d714fb0 sp=0x000000a5af1fe3a0
Event: 3.464 Thread 0x000001fc9dd40200 DEOPT UNPACKING pc=0x000001fc8d049ea3 sp=0x000000a5af1fe328 mode 2

Classes unloaded (7 events):
Event: 3.368 Thread 0x000001fc82ef7800 Unloading class 0x0000000100250000 'java/lang/invoke/LambdaForm$MH+0x0000000100250000'
Event: 3.368 Thread 0x000001fc82ef7800 Unloading class 0x000000010024fc00 'java/lang/invoke/LambdaForm$MH+0x000000010024fc00'
Event: 3.368 Thread 0x000001fc82ef7800 Unloading class 0x000000010024f800 'java/lang/invoke/LambdaForm$MH+0x000000010024f800'
Event: 3.368 Thread 0x000001fc82ef7800 Unloading class 0x000000010024f400 'java/lang/invoke/LambdaForm$MH+0x000000010024f400'
Event: 3.368 Thread 0x000001fc82ef7800 Unloading class 0x000000010024f000 'java/lang/invoke/LambdaForm$BMH+0x000000010024f000'
Event: 3.368 Thread 0x000001fc82ef7800 Unloading class 0x000000010024ec00 'java/lang/invoke/LambdaForm$DMH+0x000000010024ec00'
Event: 3.368 Thread 0x000001fc82ef7800 Unloading class 0x000000010024c000 'java/lang/invoke/LambdaForm$DMH+0x000000010024c000'

Classes redefined (0 events):
No events

Internal exceptions (20 events):
Event: 2.582 Thread 0x000001fc9d7ef570 Exception <a 'java/io/FileNotFoundException'{0x00000000eb339c50}> (0x00000000eb339c50) 
thrown [s\src\hotspot\share\prims\jni.cpp, line 516]
Event: 2.833 Thread 0x000001fc9d7ef570 Exception <a 'java/io/FileNotFoundException'{0x00000000ebc51940}> (0x00000000ebc51940) 
thrown [s\src\hotspot\share\prims\jni.cpp, line 516]
Event: 2.870 Thread 0x000001fc9d7ef570 Exception <a 'java/lang/ClassNotFoundException'{0x00000000ebe75828}: com/sun/org/apache/xerces/internal/impl/msg/spi/DOMMessagesProvider> (0x00000000ebe75828) 
thrown [s\src\hotspot\share\classfile\systemDictionary.cpp, line 256]
Event: 2.871 Thread 0x000001fc9d7ef570 Exception <a 'java/lang/ClassNotFoundException'{0x00000000ebe86fb0}: com/sun/org/apache/xerces/internal/impl/msg/spi/XMLSerializerMessagesProvider> (0x00000000ebe86fb0) 
thrown [s\src\hotspot\share\classfile\systemDictionary.cpp, line 256]
Event: 2.873 Thread 0x000001fc9d7ef570 Exception <a 'java/lang/ClassNotFoundException'{0x00000000ebe94238}: com/sun/org/apache/xerces/internal/impl/msg/spi/XMLMessagesProvider> (0x00000000ebe94238) 
thrown [s\src\hotspot\share\classfile\systemDictionary.cpp, line 256]
Event: 2.905 Thread 0x000001fc9d7ef570 Exception <a 'java/lang/NoSuchMethodError'{0x00000000ebfbd9d0}: 'void java.lang.invoke.DirectMethodHandle$Holder.invokeVirtual(java.lang.Object, java.lang.Object)'> (0x00000000ebfbd9d0) 
thrown [s\src\hotspot\share\interpreter\linkResolver.cpp, line 759]
Event: 2.944 Thread 0x000001fc9d7ef570 Exception <a 'java/lang/NoSuchMethodError'{0x00000000ec23b878}: 'java.lang.Object java.lang.invoke.DirectMethodHandle$Holder.invokeStaticInit(java.lang.Object, int, int, int, int)'> (0x00000000ec23b878) 
thrown [s\src\hotspot\share\interpreter\linkResolver.cpp, line 759]
Event: 3.072 Thread 0x000001fc9d7ef570 Exception <a 'java/lang/NoSuchMethodError'{0x00000000eab87d10}: 'java.lang.Object java.lang.invoke.DirectMethodHandle$Holder.invokeStaticInit(java.lang.Object, java.lang.Object, int, int, int, int)'> (0x00000000eab87d10) 
thrown [s\src\hotspot\share\interpreter\linkResolver.cpp, line 759]
Event: 3.138 Thread 0x000001fc9d7ef570 Exception <a 'java/lang/ClassNotFoundException'{0x00000000eaf15b88}: com/sun/org/apache/xml/internal/serializer/spi/XMLEntitiesProvider> (0x00000000eaf15b88) 
thrown [s\src\hotspot\share\classfile\systemDictionary.cpp, line 256]
Event: 3.233 Thread 0x000001fc9d7ef570 Exception <a 'java/io/FileNotFoundException'{0x00000000eb300950}> (0x00000000eb300950) 
thrown [s\src\hotspot\share\prims\jni.cpp, line 516]
Event: 3.308 Thread 0x000001fc9d7ef570 Exception <a 'java/lang/UnsatisfiedLinkError'{0x00000000eb5fe2f8}: The specified procedure could not be found.
> (0x00000000eb5fe2f8) 
thrown [s\src\hotspot\share\prims\jni.cpp, line 535]
Event: 3.315 Thread 0x000001fc9d7ef570 Exception <a 'java/io/FileNotFoundException'{0x00000000eb623d88}> (0x00000000eb623d88) 
thrown [s\src\hotspot\share\prims\jni.cpp, line 516]
Event: 3.325 Thread 0x000001fc9d7ef570 Exception <a 'java/io/FileNotFoundException'{0x00000000eb6a64b0}> (0x00000000eb6a64b0) 
thrown [s\src\hotspot\share\prims\jni.cpp, line 516]
Event: 3.334 Thread 0x000001fc9d7ef570 Exception <a 'java/lang/UnsatisfiedLinkError'{0x00000000eb734860}: The specified procedure could not be found.
> (0x00000000eb734860) 
thrown [s\src\hotspot\share\prims\jni.cpp, line 535]
Event: 3.358 Thread 0x000001fc82e4f2d0 Exception <a 'sun/nio/fs/WindowsException'{0x00000000eb814c78}> (0x00000000eb814c78) 
thrown [s\src\hotspot\share\prims\jni.cpp, line 516]
Event: 3.446 Thread 0x000001fc9dd40200 Exception <a 'java/lang/NoSuchMethodError'{0x00000000eaeb2a30}: 'void java.lang.invoke.DirectMethodHandle$Holder.invokeStatic(java.lang.Object, java.lang.Object, java.lang.Object, java.lang.Object)'> (0x00000000eaeb2a30) 
thrown [s\src\hotspot\share\interpreter\linkResolver.cpp, line 759]
Event: 3.465 Thread 0x000001fc82e4f2d0 Exception <a 'java/lang/NoSuchMethodError'{0x00000000eb18ba20}: 'java.lang.Object java.lang.invoke.DirectMethodHandle$Holder.invokeStatic(java.lang.Object, java.lang.Object, long, java.lang.Object)'> (0x00000000eb18ba20) 
thrown [s\src\hotspot\share\interpreter\linkResolver.cpp, line 759]
Event: 3.466 Thread 0x000001fc82e4f2d0 Exception <a 'java/lang/NoSuchMethodError'{0x00000000eb196ba8}: 'java.lang.Object java.lang.invoke.DirectMethodHandle$Holder.invokeStaticInit(java.lang.Object, java.lang.Object, long, java.lang.Object)'> (0x00000000eb196ba8) 
thrown [s\src\hotspot\share\interpreter\linkResolver.cpp, line 759]
Event: 3.466 Thread 0x000001fc82e4f2d0 Exception <a 'java/lang/NoSuchMethodError'{0x00000000eb1a6448}: 'java.lang.Object java.lang.invoke.DirectMethodHandle$Holder.newInvokeSpecial(java.lang.Object, java.lang.Object, long)'> (0x00000000eb1a6448) 
thrown [s\src\hotspot\share\interpreter\linkResolver.cpp, line 759]
Event: 3.490 Thread 0x000001fc9dd40200 Exception <a 'java/lang/NoSuchMethodError'{0x00000000eb276fe8}: 'java.lang.Object java.lang.invoke.DirectMethodHandle$Holder.invokeSpecialIFC(java.lang.Object, java.lang.Object, java.lang.Object, java.lang.Object)'> (0x00000000eb276fe8) 
thrown [s\src\hotspot\share\interpreter\linkResolver.cpp, line 759]

VM Operations (20 events):
Event: 2.929 Executing VM operation: HandshakeAllThreads
Event: 2.929 Executing VM operation: HandshakeAllThreads done
Event: 2.959 Executing VM operation: ParallelGCFailedAllocation
Event: 2.961 Executing VM operation: ParallelGCFailedAllocation done
Event: 3.044 Executing VM operation: HandshakeAllThreads
Event: 3.044 Executing VM operation: HandshakeAllThreads done
Event: 3.114 Executing VM operation: HandshakeAllThreads
Event: 3.114 Executing VM operation: HandshakeAllThreads done
Event: 3.137 Executing VM operation: HandshakeAllThreads
Event: 3.137 Executing VM operation: HandshakeAllThreads done
Event: 3.169 Executing VM operation: HandshakeAllThreads
Event: 3.169 Executing VM operation: HandshakeAllThreads done
Event: 3.291 Executing VM operation: HandshakeAllThreads
Event: 3.291 Executing VM operation: HandshakeAllThreads done
Event: 3.361 Executing VM operation: CollectForMetadataAllocation
Event: 3.386 Executing VM operation: CollectForMetadataAllocation done
Event: 3.459 Executing VM operation: HandshakeAllThreads
Event: 3.459 Executing VM operation: HandshakeAllThreads done
Event: 3.506 Executing VM operation: HandshakeAllThreads
Event: 3.506 Executing VM operation: HandshakeAllThreads done

Events (20 events):
Event: 3.516 loading class sun/reflect/generics/reflectiveObjects/ParameterizedTypeImpl
Event: 3.516 loading class java/lang/reflect/ParameterizedType
Event: 3.516 loading class java/lang/reflect/ParameterizedType done
Event: 3.516 loading class sun/reflect/generics/reflectiveObjects/ParameterizedTypeImpl done
Event: 3.516 loading class sun/reflect/generics/repository/ClassRepository
Event: 3.517 loading class sun/reflect/generics/repository/ClassRepository done
Event: 3.517 loading class sun/reflect/generics/tree/ClassSignature
Event: 3.517 loading class sun/reflect/generics/tree/ClassSignature done
Event: 3.517 loading class sun/reflect/generics/tree/TypeVariableSignature
Event: 3.517 loading class sun/reflect/generics/tree/TypeVariableSignature done
Event: 3.517 loading class sun/reflect/generics/reflectiveObjects/TypeVariableImpl
Event: 3.517 loading class sun/reflect/generics/reflectiveObjects/LazyReflectiveObjectGenerator
Event: 3.517 loading class sun/reflect/generics/reflectiveObjects/LazyReflectiveObjectGenerator done
Event: 3.517 loading class sun/reflect/generics/reflectiveObjects/TypeVariableImpl done
Event: 3.531 loading class java/lang/Deprecated
Event: 3.532 loading class java/lang/Deprecated done
Event: 3.533 loading class jdk/internal/vm/annotation/IntrinsicCandidate
Event: 3.533 loading class jdk/internal/vm/annotation/IntrinsicCandidate done
Event: 3.543 loading class java/io/FilterReader
Event: 3.543 loading class java/io/FilterReader done


Dynamic libraries:
0x00007ff650d50000 - 0x00007ff650d5e000 	c:\Users\91993\.vscode\extensions\redhat.java-1.24.0-win32-x64\jre\17.0.8.1-win32-x86_64\bin\java.exe
0x00007ffdef8d0000 - 0x00007ffdefae7000 	C:\WINDOWS\SYSTEM32\ntdll.dll
0x00007ffded650000 - 0x00007ffded714000 	C:\WINDOWS\System32\KERNEL32.DLL
0x00007ffded1d0000 - 0x00007ffded575000 	C:\WINDOWS\System32\KERNELBASE.dll
0x00007ffdecd60000 - 0x00007ffdece71000 	C:\WINDOWS\System32\ucrtbase.dll
0x00007ffdd4240000 - 0x00007ffdd4259000 	c:\Users\91993\.vscode\extensions\redhat.java-1.24.0-win32-x64\jre\17.0.8.1-win32-x86_64\bin\VCRUNTIME140.dll
0x00007ffdd1610000 - 0x00007ffdd1627000 	c:\Users\91993\.vscode\extensions\redhat.java-1.24.0-win32-x64\jre\17.0.8.1-win32-x86_64\bin\jli.dll
0x00007ffdedd40000 - 0x00007ffdedeee000 	C:\WINDOWS\System32\USER32.dll
0x00007ffded5f0000 - 0x00007ffded616000 	C:\WINDOWS\System32\win32u.dll
0x00007ffdd50a0000 - 0x00007ffdd5333000 	C:\WINDOWS\WinSxS\amd64_microsoft.windows.common-controls_6595b64144ccf1df_6.0.22621.2506_none_270c5ae97388e100\COMCTL32.dll
0x00007ffded620000 - 0x00007ffded649000 	C:\WINDOWS\System32\GDI32.dll
0x00007ffdedc60000 - 0x00007ffdedd07000 	C:\WINDOWS\System32\msvcrt.dll
0x00007ffdecf40000 - 0x00007ffded059000 	C:\WINDOWS\System32\gdi32full.dll
0x00007ffdecc40000 - 0x00007ffdeccda000 	C:\WINDOWS\System32\msvcp_win.dll
0x00007ffdef850000 - 0x00007ffdef881000 	C:\WINDOWS\System32\IMM32.DLL
0x00007ffdded30000 - 0x00007ffdded3c000 	c:\Users\91993\.vscode\extensions\redhat.java-1.24.0-win32-x64\jre\17.0.8.1-win32-x86_64\bin\vcruntime140_1.dll
0x00007ffdb8e80000 - 0x00007ffdb8f11000 	c:\Users\91993\.vscode\extensions\redhat.java-1.24.0-win32-x64\jre\17.0.8.1-win32-x86_64\bin\msvcp140.dll
0x00007ffd96380000 - 0x00007ffd96fcc000 	c:\Users\91993\.vscode\extensions\redhat.java-1.24.0-win32-x64\jre\17.0.8.1-win32-x86_64\bin\server\jvm.dll
0x00007ffdedf90000 - 0x00007ffdee041000 	C:\WINDOWS\System32\ADVAPI32.dll
0x00007ffdee760000 - 0x00007ffdee806000 	C:\WINDOWS\System32\sechost.dll
0x00007ffdef1a0000 - 0x00007ffdef2b7000 	C:\WINDOWS\System32\RPCRT4.dll
0x00007ffde1dc0000 - 0x00007ffde1df4000 	C:\WINDOWS\SYSTEM32\WINMM.dll
0x00007ffdecb10000 - 0x00007ffdecb5d000 	C:\WINDOWS\SYSTEM32\POWRPROF.dll
0x00007ffdcbe70000 - 0x00007ffdcbe79000 	C:\WINDOWS\SYSTEM32\WSOCK32.dll
0x00007ffdef120000 - 0x00007ffdef191000 	C:\WINDOWS\System32\WS2_32.dll
0x00007ffde1a40000 - 0x00007ffde1a4a000 	C:\WINDOWS\SYSTEM32\VERSION.dll
0x00007ffdecaf0000 - 0x00007ffdecb03000 	C:\WINDOWS\SYSTEM32\UMPDC.dll
0x00007ffdebba0000 - 0x00007ffdebbb8000 	C:\WINDOWS\SYSTEM32\kernel.appcore.dll
0x00007ffdde3e0000 - 0x00007ffdde3ea000 	c:\Users\91993\.vscode\extensions\redhat.java-1.24.0-win32-x64\jre\17.0.8.1-win32-x86_64\bin\jimage.dll
0x00007ffde7210000 - 0x00007ffde7443000 	C:\WINDOWS\SYSTEM32\DBGHELP.DLL
0x00007ffdef4c0000 - 0x00007ffdef849000 	C:\WINDOWS\System32\combase.dll
0x00007ffded720000 - 0x00007ffded7f7000 	C:\WINDOWS\System32\OLEAUT32.dll
0x00007ffdc3610000 - 0x00007ffdc3642000 	C:\WINDOWS\SYSTEM32\dbgcore.DLL
0x00007ffdecce0000 - 0x00007ffdecd5a000 	C:\WINDOWS\System32\bcryptPrimitives.dll
0x00007ffdd4fb0000 - 0x00007ffdd4fbe000 	c:\Users\91993\.vscode\extensions\redhat.java-1.24.0-win32-x64\jre\17.0.8.1-win32-x86_64\bin\instrument.dll
0x00007ffdd15c0000 - 0x00007ffdd15e5000 	c:\Users\91993\.vscode\extensions\redhat.java-1.24.0-win32-x64\jre\17.0.8.1-win32-x86_64\bin\java.dll
0x00007ffdd0af0000 - 0x00007ffdd0b08000 	c:\Users\91993\.vscode\extensions\redhat.java-1.24.0-win32-x64\jre\17.0.8.1-win32-x86_64\bin\zip.dll
0x00007ffdee8c0000 - 0x00007ffdef119000 	C:\WINDOWS\System32\SHELL32.dll
0x00007ffdeab10000 - 0x00007ffdeb404000 	C:\WINDOWS\SYSTEM32\windows.storage.dll
0x00007ffdea9d0000 - 0x00007ffdeab0e000 	C:\WINDOWS\SYSTEM32\wintypes.dll
0x00007ffdee660000 - 0x00007ffdee753000 	C:\WINDOWS\System32\SHCORE.dll
0x00007ffded800000 - 0x00007ffded85e000 	C:\WINDOWS\System32\shlwapi.dll
0x00007ffdecb70000 - 0x00007ffdecb96000 	C:\WINDOWS\SYSTEM32\profapi.dll
0x00007ffdcbbd0000 - 0x00007ffdcbbe9000 	C:\Users\91993\.vscode\extensions\redhat.java-1.24.0-win32-x64\jre\17.0.8.1-win32-x86_64\bin\net.dll
0x00007ffde4900000 - 0x00007ffde4a37000 	C:\WINDOWS\SYSTEM32\WINHTTP.dll
0x00007ffdec0a0000 - 0x00007ffdec109000 	C:\WINDOWS\system32\mswsock.dll
0x00007ffdc3570000 - 0x00007ffdc3585000 	C:\Users\91993\.vscode\extensions\redhat.java-1.24.0-win32-x64\jre\17.0.8.1-win32-x86_64\bin\nio.dll
0x00007ffdd3e50000 - 0x00007ffdd3e60000 	c:\Users\91993\.vscode\extensions\redhat.java-1.24.0-win32-x64\jre\17.0.8.1-win32-x86_64\bin\verify.dll
0x00007ffdc16c0000 - 0x00007ffdc16fe000 	C:\Users\91993\AppData\Roaming\Code\User\globalStorage\redhat.java\1.24.0\config_win\org.eclipse.equinox.launcher\org.eclipse.equinox.launcher.win32.win32.x86_64_1.2.700.v20221108-1024\eclipse_11801.dll
0x00007ffdedac0000 - 0x00007ffdedc60000 	C:\WINDOWS\System32\ole32.dll
0x00007ffdec320000 - 0x00007ffdec33b000 	C:\WINDOWS\SYSTEM32\CRYPTSP.dll
0x00007ffdebb60000 - 0x00007ffdebb95000 	C:\WINDOWS\system32\rsaenh.dll
0x00007ffdec1b0000 - 0x00007ffdec1dc000 	C:\WINDOWS\SYSTEM32\USERENV.dll
0x00007ffdec4e0000 - 0x00007ffdec508000 	C:\WINDOWS\SYSTEM32\bcrypt.dll
0x00007ffdec310000 - 0x00007ffdec31c000 	C:\WINDOWS\SYSTEM32\CRYPTBASE.dll
0x00007ffdeb670000 - 0x00007ffdeb69d000 	C:\WINDOWS\SYSTEM32\IPHLPAPI.DLL
0x00007ffdee1d0000 - 0x00007ffdee1d9000 	C:\WINDOWS\System32\NSI.dll
0x00007ffde1200000 - 0x00007ffde1219000 	C:\WINDOWS\SYSTEM32\dhcpcsvc6.DLL
0x00007ffde11e0000 - 0x00007ffde11ff000 	C:\WINDOWS\SYSTEM32\dhcpcsvc.DLL
0x00007ffdeb6e0000 - 0x00007ffdeb7d9000 	C:\WINDOWS\SYSTEM32\DNSAPI.dll
0x00007ffdc08d0000 - 0x00007ffdc0915000 	C:\Users\91993\AppData\Local\Temp\jna-54157051\jna10196556872943899652.dll
0x00007ffdedd10000 - 0x00007ffdedd18000 	C:\WINDOWS\System32\PSAPI.DLL

dbghelp: loaded successfully - version: 4.0.5 - missing functions: none
symbol engine: initialized successfully - sym options: 0x614 - pdb path: .;c:\Users\91993\.vscode\extensions\redhat.java-1.24.0-win32-x64\jre\17.0.8.1-win32-x86_64\bin;C:\WINDOWS\SYSTEM32;C:\WINDOWS\WinSxS\amd64_microsoft.windows.common-controls_6595b64144ccf1df_6.0.22621.2506_none_270c5ae97388e100;c:\Users\91993\.vscode\extensions\redhat.java-1.24.0-win32-x64\jre\17.0.8.1-win32-x86_64\bin\server;C:\Users\91993\AppData\Roaming\Code\User\globalStorage\redhat.java\1.24.0\config_win\org.eclipse.equinox.launcher\org.eclipse.equinox.launcher.win32.win32.x86_64_1.2.700.v20221108-1024;C:\Users\91993\AppData\Local\Temp\jna-54157051

VM Arguments:
jvm_args: --add-modules=ALL-SYSTEM --add-opens=java.base/java.util=ALL-UNNAMED --add-opens=java.base/java.lang=ALL-UNNAMED --add-opens=java.base/sun.nio.fs=ALL-UNNAMED -Declipse.application=org.eclipse.jdt.ls.core.id1 -Dosgi.bundles.defaultStartLevel=4 -Declipse.product=org.eclipse.jdt.ls.core.product -Djava.import.generatesMetadataFilesAtProjectRoot=false -DDetectVMInstallationsJob.disabled=true -Dfile.encoding=utf8 -XX:+UseParallelGC -XX:GCTimeRatio=4 -XX:AdaptiveSizePolicyWeight=90 -Dsun.zip.disableMemoryMapping=true -Xmx1G -Xms100m -Xlog:disable -javaagent:c:\Users\91993\.vscode\extensions\redhat.java-1.24.0-win32-x64\lombok\lombok-1.18.30.jar -XX:+HeapDumpOnOutOfMemoryError -XX:HeapDumpPath=c:\Users\91993\AppData\Roaming\Code\User\workspaceStorage\244ba854a01daa398e900e74784e95ac\redhat.java -Daether.dependencyCollector.impl=bf 
java_command: c:\Users\91993\.vscode\extensions\redhat.java-1.24.0-win32-x64\server\plugins\org.eclipse.equinox.launcher_1.6.500.v20230717-2134.jar -configuration c:\Users\91993\AppData\Roaming\Code\User\globalStorage\redhat.java\1.24.0\config_win -data c:\Users\91993\AppData\Roaming\Code\User\workspaceStorage\244ba854a01daa398e900e74784e95ac\redhat.java\jdt_ws --stdio
java_class_path (initial): c:\Users\91993\.vscode\extensions\redhat.java-1.24.0-win32-x64\server\plugins\org.eclipse.equinox.launcher_1.6.500.v20230717-2134.jar
Launcher Type: SUN_STANDARD

[Global flags]
    uintx AdaptiveSizePolicyWeight                 = 90                                        {product} {command line}
     intx CICompilerCount                          = 4                                         {product} {ergonomic}
    uintx GCTimeRatio                              = 4                                         {product} {command line}
     bool HeapDumpOnOutOfMemoryError               = true                                   {manageable} {command line}
    ccstr HeapDumpPath                             = c:\Users\91993\AppData\Roaming\Code\User\workspaceStorage\244ba854a01daa398e900e74784e95ac\redhat.java         {manageable} {command line}
   size_t InitialHeapSize                          = 104857600                                 {product} {command line}
   size_t MaxHeapSize                              = 1073741824                                {product} {command line}
   size_t MaxNewSize                               = 357564416                                 {product} {ergonomic}
   size_t MinHeapDeltaBytes                        = 524288                                    {product} {ergonomic}
   size_t MinHeapSize                              = 104857600                                 {product} {command line}
   size_t NewSize                                  = 34603008                                  {product} {ergonomic}
    uintx NonNMethodCodeHeapSize                   = 5839372                                {pd product} {ergonomic}
    uintx NonProfiledCodeHeapSize                  = 122909434                              {pd product} {ergonomic}
   size_t OldSize                                  = 70254592                                  {product} {ergonomic}
    uintx ProfiledCodeHeapSize                     = 122909434                              {pd product} {ergonomic}
    uintx ReservedCodeCacheSize                    = 251658240                              {pd product} {ergonomic}
     bool SegmentedCodeCache                       = true                                      {product} {ergonomic}
   size_t SoftMaxHeapSize                          = 1073741824                             {manageable} {ergonomic}
     bool UseCompressedClassPointers               = true                           {product lp64_product} {ergonomic}
     bool UseCompressedOops                        = true                           {product lp64_product} {ergonomic}
     bool UseLargePagesIndividualAllocation        = false                                  {pd product} {ergonomic}
     bool UseParallelGC                            = true                                      {product} {command line}

Logging:
Log output configuration:
 #0: stdout all=off uptime,level,tags
 #1: stderr all=off uptime,level,tags

Environment Variables:
JAVA_HOME=C:\Program Files\Java\jdk-19
PATH=C:\Python311\Scripts\;C:\Python311\;C:\Program Files\Common Files\Oracle\Java\javapath;C:\Program Files (x86)\Common Files\Oracle\Java\javapath;C:\WINDOWS\system32;C:\WINDOWS;C:\WINDOWS\System32\Wbem;C:\WINDOWS\System32\WindowsPowerShell\v1.0\;C:\WINDOWS\System32\OpenSSH\;C:\msys64\mingw64\bin;C:\Users\91993\AppData\Local\Programs\Python\Python310\Scripts\;C:\Users\91993\AppData\Local\Programs\Python\Python310\;C:\Users\91993\AppData\Local\Programs\Python\Python310\Lib\site-packages;C:\Program Files\dotnet\;C:\Program Files\MySQL\MySQL Server 8.0\bin;C:\Program Files\Git\cmd;C:\ProgramData\chocolatey\bin;C:\Program Files\nodejs\;C:\Users\91993\AppData\Local\Android\Sdk\emulator;C:\Users\91993\AppData\Local\Android\Sdk\platform-tools;C:\Users\91993\AppData\Local\Android\Sdk\tools\bin;C:\Users\91993\AppData\Local\Android\Sdk\gradle-7.6\bin;C:\Program Files\PowerShell\7\;C:\Users\91993\AppData\Local\Programs\Python\Python39\Scripts\;C:\Users\91993\AppData\Local\Programs\Python\Python39\;C:\Users\91993\AppData\Local\Microsoft\WindowsApps;D:\Microsoft VS Code\bin;C:\Users\91993\AppData\Local\Programs\Microsoft VS Code\bin;C:\Program Files\Azure Data Studio\bin;C:\Users\91993\AppData\Roaming\Python\Python38\Scripts;C:\Users\91993\AppData\Roaming\Python\Python38;C:\Users\91993\AppData\Local\Programs\Python\Python38-32\Scripts;C:\msys64\mingw64\bin;C:\Users\91993\AppData\Local\Programs\Python\Python310\Lib\site-packages;C:\Users\91993\AppData\Local\Microsoft\WindowsApps;C:\Users\91993\AppData\Roaming\npm;C:\Users\91993\AppData\Roaming\Python\Python311\Scripts;D:\flutter\bin;C:\tools\dart-sdk\bin;C:\Users\91993\AppData\Local\Pub\Cache\bin;C:\Users\91993\AppData\Local\Android\Sdk\cmdline-tools\latest\bin;C:\Users\91993\AppData\Local\Android\Sdk\emulator;C:\Users\91993\AppData\Local\Android\Sdk\platform-tools;C:\Users\91993\AppData\Local\Android\Sdk\tools\bin;
USERNAME=91993
OS=Windows_NT
PROCESSOR_IDENTIFIER=Intel64 Family 6 Model 126 Stepping 5, GenuineIntel
TMP=C:\Users\91993\AppData\Local\Temp
TEMP=C:\Users\91993\AppData\Local\Temp



---------------  S Y S T E M  ---------------

OS:
 Windows 11 , 64 bit Build 22621 (10.0.22621.2506)
OS uptime: 0 days 2:25 hours
Hyper-V role detected

CPU: total 8 (initial active 8) (4 cores per cpu, 2 threads per core) family 6 model 126 stepping 5 microcode 0xbc, cx8, cmov, fxsr, ht, mmx, 3dnowpref, sse, sse2, sse3, ssse3, sse4.1, sse4.2, popcnt, lzcnt, tsc, tscinvbit, avx, avx2, aes, erms, clmul, bmi1, bmi2, adx, avx512f, avx512dq, avx512cd, avx512bw, avx512vl, sha, fma, vzeroupper, avx512_vpopcntdq, avx512_vpclmulqdq, avx512_vaes, avx512_vnni, clflush, clflushopt, avx512_vbmi2, avx512_vbmi, hv
Processor Information for all 8 processors :
  Max Mhz: 1190, Current Mhz: 991, Mhz Limit: 987

Memory: 4k page, system-wide physical 7946M (680M free)
TotalPageFile size 9994M (AvailPageFile size 7M)
current process WorkingSet (physical memory assigned to process): 167M, peak: 167M
current process commit charge ("private bytes"): 264M, peak: 264M

vm_info: OpenJDK 64-Bit Server VM (17.0.8.1+1) for windows-amd64 JRE (17.0.8.1+1), built on Aug 23 2023 15:29:17 by "admin" with MS VC++ 16.7 (VS2019)

END.
