#
# There is insufficient memory for the Java Runtime Environment to continue.
# Native memory allocation (mmap) failed to map 65536 bytes for Failed to commit metaspace.
# Possible reasons:
#   The system is out of physical RAM or swap space
#   The process is running with CompressedOops enabled, and the Java Heap may be blocking the growth of the native heap
# Possible solutions:
#   Reduce memory load on the system
#   Increase physical memory or swap space
#   Check if swap backing store is full
#   Decrease Java heap size (-Xmx/-Xms)
#   Decrease number of Java threads
#   Decrease Java thread stack sizes (-Xss)
#   Set larger code cache with -XX:ReservedCodeCacheSize=
#   JVM is running with Unscaled Compressed Oops mode in which the Java heap is
#     placed in the first 4GB address space. The Java Heap base address is the
#     maximum limit for the native heap growth. Please use -XX:HeapBaseMinAddress
#     to set the Java Heap base and to place the Java Heap above 4GB virtual address.
# This output file may be truncated or incomplete.
#
#  Out of Memory Error (virtualSpaceNode.cpp:110), pid=14532, tid=18304
#
# JRE version: OpenJDK Runtime Environment Temurin-17.0.9+9 (17.0.9+9) (build 17.0.9+9)
# Java VM: OpenJDK 64-Bit Server VM Temurin-17.0.9+9 (17.0.9+9, mixed mode, tiered, compressed oops, compressed class ptrs, parallel gc, windows-amd64)
# No core dump will be written. Minidumps are not enabled by default on client versions of Windows
#

---------------  S U M M A R Y ------------

Command Line: --add-modules=ALL-SYSTEM --add-opens=java.base/java.util=ALL-UNNAMED --add-opens=java.base/java.lang=ALL-UNNAMED --add-opens=java.base/sun.nio.fs=ALL-UNNAMED -Declipse.application=org.eclipse.jdt.ls.core.id1 -Dosgi.bundles.defaultStartLevel=4 -Declipse.product=org.eclipse.jdt.ls.core.product -Djava.import.generatesMetadataFilesAtProjectRoot=false -DDetectVMInstallationsJob.disabled=true -Dfile.encoding=utf8 -XX:+UseParallelGC -XX:GCTimeRatio=4 -XX:AdaptiveSizePolicyWeight=90 -Dsun.zip.disableMemoryMapping=true -Xmx1G -Xms100m -Xlog:disable -javaagent:c:\Users\91993\.vscode\extensions\redhat.java-1.25.0-win32-x64\lombok\lombok-1.18.30.jar -XX:+HeapDumpOnOutOfMemoryError -XX:HeapDumpPath=c:\Users\91993\AppData\Roaming\Code\User\workspaceStorage\244ba854a01daa398e900e74784e95ac\redhat.java -Daether.dependencyCollector.impl=bf c:\Users\91993\.vscode\extensions\redhat.java-1.25.0-win32-x64\server\plugins\org.eclipse.equinox.launcher_1.6.600.v20231012-1237.jar -configuration c:\Users\91993\AppData\Roaming\Code\User\globalStorage\redhat.java\1.25.0\config_win -data c:\Users\91993\AppData\Roaming\Code\User\workspaceStorage\244ba854a01daa398e900e74784e95ac\redhat.java\jdt_ws --stdio

Host: Intel(R) Core(TM) i5-1035G1 CPU @ 1.00GHz, 8 cores, 7G,  Windows 11 , 64 bit Build 22621 (10.0.22621.2506)
Time: Sat Dec  2 22:01:34 2023 India Standard Time elapsed time: 2.300085 seconds (0d 0h 0m 2s)

---------------  T H R E A D  ---------------

Current thread (0x000002367e4efac0):  JavaThread "main" [_thread_in_vm, id=18304, stack(0x00000059dcb00000,0x00000059dcc00000)]

Stack: [0x00000059dcb00000,0x00000059dcc00000]
Native frames: (J=compiled Java code, j=interpreted, Vv=VM code, C=native code)
V  [jvm.dll+0x67cf49]
V  [jvm.dll+0x83478a]
V  [jvm.dll+0x83624e]
V  [jvm.dll+0x8368b3]
V  [jvm.dll+0x247f1f]
V  [jvm.dll+0x83044b]
V  [jvm.dll+0x621776]
V  [jvm.dll+0x1c1fee]
V  [jvm.dll+0x6240d1]
V  [jvm.dll+0x622116]
V  [jvm.dll+0x23c46f]
V  [jvm.dll+0x62bfc5]
V  [jvm.dll+0x1ebfdb]
V  [jvm.dll+0x1ec515]
V  [jvm.dll+0x1ecfd0]
V  [jvm.dll+0x1e23d1]
V  [jvm.dll+0x54305e]
V  [jvm.dll+0x7ae778]
V  [jvm.dll+0x7ae864]
V  [jvm.dll+0x411165]
V  [jvm.dll+0x4172e9]
C  [java.dll+0x17ec]

Java frames: (J=compiled Java code, j=interpreted, Vv=VM code)
j  java.lang.ClassLoader.defineClass1(Ljava/lang/ClassLoader;Ljava/lang/String;[BIILjava/security/ProtectionDomain;Ljava/lang/String;)Ljava/lang/Class;+0 java.base@17.0.9
j  java.lang.ClassLoader.defineClass(Ljava/lang/String;[BIILjava/security/ProtectionDomain;)Ljava/lang/Class;+27 java.base@17.0.9
j  java.security.SecureClassLoader.defineClass(Ljava/lang/String;[BIILjava/security/CodeSource;)Ljava/lang/Class;+12 java.base@17.0.9
j  java.net.URLClassLoader.defineClass(Ljava/lang/String;Ljdk/internal/loader/Resource;)Ljava/lang/Class;+221 java.base@17.0.9
j  java.net.URLClassLoader$1.run()Ljava/lang/Class;+43 java.base@17.0.9
j  java.net.URLClassLoader$1.run()Ljava/lang/Object;+1 java.base@17.0.9
J 862 c1 java.security.AccessController.executePrivileged(Ljava/security/PrivilegedExceptionAction;Ljava/security/AccessControlContext;Ljava/lang/Class;)Ljava/lang/Object; java.base@17.0.9 (65 bytes) @ 0x0000023602d428b4 [0x0000023602d42760+0x0000000000000154]
j  java.security.AccessController.doPrivileged(Ljava/security/PrivilegedExceptionAction;Ljava/security/AccessControlContext;)Ljava/lang/Object;+13 java.base@17.0.9
j  java.net.URLClassLoader.findClass(Ljava/lang/String;)Ljava/lang/Class;+13 java.base@17.0.9
j  java.lang.ClassLoader.loadClass(Ljava/lang/String;Z)Ljava/lang/Class;+69 java.base@17.0.9
J 750 c1 java.lang.ClassLoader.loadClass(Ljava/lang/String;)Ljava/lang/Class; java.base@17.0.9 (7 bytes) @ 0x0000023602d1003c [0x0000023602d0ff40+0x00000000000000fc]
v  ~StubRoutines::call_stub
j  org.eclipse.osgi.container.ModuleRevisionBuilder.<init>()V+25
j  org.eclipse.osgi.container.builders.OSGiManifestBuilderFactory.createBuilder(Ljava/util/Map;Ljava/lang/String;Ljava/lang/String;Ljava/lang/String;)Lorg/eclipse/osgi/container/ModuleRevisionBuilder;+4
j  org.eclipse.osgi.storage.Storage.getBuilder(Lorg/eclipse/osgi/storage/BundleInfo$Generation;Ljava/lang/String;Ljava/lang/String;)Lorg/eclipse/osgi/container/ModuleRevisionBuilder;+241
j  org.eclipse.osgi.storage.Storage.checkSystemBundle([Ljava/lang/String;)V+74
j  org.eclipse.osgi.storage.Storage.createStorage(Lorg/eclipse/osgi/internal/framework/EquinoxContainer;)Lorg/eclipse/osgi/storage/Storage;+17
j  org.eclipse.osgi.internal.framework.EquinoxContainer.<init>(Ljava/util/Map;Lorg/osgi/framework/connect/ModuleConnector;)V+145
j  org.eclipse.osgi.launch.Equinox.<init>(Ljava/util/Map;Lorg/osgi/framework/connect/ModuleConnector;)V+10
j  org.eclipse.osgi.launch.Equinox.<init>(Ljava/util/Map;)V+3
j  org.eclipse.core.runtime.adaptor.EclipseStarter.startup([Ljava/lang/String;Ljava/lang/Runnable;)Lorg/osgi/framework/BundleContext;+28
j  org.eclipse.core.runtime.adaptor.EclipseStarter.run([Ljava/lang/String;Ljava/lang/Runnable;)Ljava/lang/Object;+21
v  ~StubRoutines::call_stub
j  jdk.internal.reflect.NativeMethodAccessorImpl.invoke0(Ljava/lang/reflect/Method;Ljava/lang/Object;[Ljava/lang/Object;)Ljava/lang/Object;+0 java.base@17.0.9
j  jdk.internal.reflect.NativeMethodAccessorImpl.invoke(Ljava/lang/Object;[Ljava/lang/Object;)Ljava/lang/Object;+133 java.base@17.0.9
j  jdk.internal.reflect.DelegatingMethodAccessorImpl.invoke(Ljava/lang/Object;[Ljava/lang/Object;)Ljava/lang/Object;+6 java.base@17.0.9
j  java.lang.reflect.Method.invoke(Ljava/lang/Object;[Ljava/lang/Object;)Ljava/lang/Object;+59 java.base@17.0.9
j  org.eclipse.equinox.launcher.Main.invokeFramework([Ljava/lang/String;[Ljava/net/URL;)V+201
j  org.eclipse.equinox.launcher.Main.basicRun([Ljava/lang/String;)V+159
j  org.eclipse.equinox.launcher.Main.run([Ljava/lang/String;)I+4
j  org.eclipse.equinox.launcher.Main.main([Ljava/lang/String;)V+10
v  ~StubRoutines::call_stub

Compiled method (c1)    2343  862       3       java.security.AccessController::executePrivileged (65 bytes)
 total in heap  [0x0000023602d42590,0x0000023602d42b78] = 1512
 relocation     [0x0000023602d426e8,0x0000023602d42748] = 96
 main code      [0x0000023602d42760,0x0000023602d42a00] = 672
 stub code      [0x0000023602d42a00,0x0000023602d42a58] = 88
 metadata       [0x0000023602d42a58,0x0000023602d42a68] = 16
 scopes data    [0x0000023602d42a68,0x0000023602d42ae0] = 120
 scopes pcs     [0x0000023602d42ae0,0x0000023602d42b60] = 128
 dependencies   [0x0000023602d42b60,0x0000023602d42b68] = 8
 nul chk table  [0x0000023602d42b68,0x0000023602d42b78] = 16

[Constant Pool (empty)]

[MachCode]
[Verified Entry Point]
  # {method} {0x0000023614030fe8} 'executePrivileged' '(Ljava/security/PrivilegedExceptionAction;Ljava/security/AccessControlContext;Ljava/lang/Class;)Ljava/lang/Object;' in 'java/security/AccessController'
  # parm0:    rdx:rdx   = 'java/security/PrivilegedExceptionAction'
  # parm1:    r8:r8     = 'java/security/AccessControlContext'
  # parm2:    r9:r9     = 'java/lang/Class'
  #           [sp+0x50]  (sp of caller)
  0x0000023602d42760: 8984 2400 | 90ff ff55 | 4883 ec40 | 4c89 4424 

  0x0000023602d42770: ;   {metadata(method data for {method} {0x0000023614030fe8} 'executePrivileged' '(Ljava/security/PrivilegedExceptionAction;Ljava/security/AccessControlContext;Ljava/lang/Class;)Ljava/lang/Object;' in 'java/security/AccessController')}
  0x0000023602d42770: 3048 be90 | 089b 1436 | 0200 008b | becc 0000 | 0083 c702 | 89be cc00 | 0000 81e7 | fe07 0000 
  0x0000023602d42790: 83ff 000f | 84b7 0100 | 0049 83f8 

  0x0000023602d4279c: ;   {metadata(method data for {method} {0x0000023614030fe8} 'executePrivileged' '(Ljava/security/PrivilegedExceptionAction;Ljava/security/AccessControlContext;Ljava/lang/Class;)Ljava/lang/Object;' in 'java/security/AccessController')}
  0x0000023602d4279c: 0048 be90 | 089b 1436 | 0200 0048 | bf10 0100 | 0000 0000 | 000f 840a | 0000 0048 | bf20 0100 
  0x0000023602d427bc: 0000 0000 | 0048 8b1c | 3e48 8d5b | 0148 891c | 3e4c 894c | 2428 4889 | 5424 200f | 841f 0000 
  0x0000023602d427dc: ;   {metadata(method data for {method} {0x0000023614030fe8} 'executePrivileged' '(Ljava/security/PrivilegedExceptionAction;Ljava/security/AccessControlContext;Ljava/lang/Class;)Ljava/lang/Object;' in 'java/security/AccessController')}
  0x0000023602d427dc: 0048 be90 | 089b 1436 | 0200 0048 | 8386 3001 | 0000 0149 | 8bd0 0f1f 

  0x0000023602d427f4: ;   {static_call}
  0x0000023602d427f4: 4400 00e8 

  0x0000023602d427f8: ; ImmutableOopMap {[32]=Oop [40]=Oop [48]=Oop }
                      ;*invokestatic ensureMaterializedForStackWalk {reexecute=0 rethrow=0 return_oop=0}
                      ; - java.security.AccessController::executePrivileged@5
  0x0000023602d427f8: 0902 0000 

  0x0000023602d427fc: ;   {metadata(method data for {method} {0x0000023614030fe8} 'executePrivileged' '(Ljava/security/PrivilegedExceptionAction;Ljava/security/AccessControlContext;Ljava/lang/Class;)Ljava/lang/Object;' in 'java/security/AccessController')}
  0x0000023602d427fc: 48ba 9008 | 9b14 3602 | 0000 ff82 | 4001 0000 | 488b 5424 | 2048 3b02 

  0x0000023602d42814: ;   {metadata(method data for {method} {0x0000023614030fe8} 'executePrivileged' '(Ljava/security/PrivilegedExceptionAction;Ljava/security/AccessControlContext;Ljava/lang/Class;)Ljava/lang/Object;' in 'java/security/AccessController')}
  0x0000023602d42814: 488b f248 | bf90 089b | 1436 0200 | 008b 7608 | 48c1 e603 | 483b b7b0 | 0100 0075 | 0d48 8387 
  0x0000023602d42834: b801 0000 | 01e9 6600 | 0000 483b | b7c0 0100 | 0075 0d48 | 8387 c801 | 0000 01e9 | 5000 0000 
  0x0000023602d42854: 4881 bfb0 | 0100 0000 | 0000 0075 | 1748 89b7 | b001 0000 | 48c7 87b8 | 0100 0001 | 0000 00e9 
  0x0000023602d42874: 2c00 0000 | 4881 bfc0 | 0100 0000 | 0000 0075 | 1748 89b7 | c001 0000 | 48c7 87c8 | 0100 0001 
  0x0000023602d42894: 0000 00e9 | 0800 0000 | 4883 87a0 | 0100 0001 | 9048 b8c0 | 3832 1a36 

  0x0000023602d428ac: ;   {virtual_call}
  0x0000023602d428ac: 0200 00e8 

  0x0000023602d428b0: ; ImmutableOopMap {[40]=Oop [48]=Oop }
                      ;*invokeinterface run {reexecute=0 rethrow=0 return_oop=0}
                      ; - java.security.AccessController::executePrivileged@29
  0x0000023602d428b0: 94e7 4c07 

  0x0000023602d428b4: ;   {metadata(method data for {method} {0x0000023614030fe8} 'executePrivileged' '(Ljava/security/PrivilegedExceptionAction;Ljava/security/AccessControlContext;Ljava/lang/Class;)Ljava/lang/Object;' in 'java/security/AccessController')}
  0x0000023602d428b4: 48be 9008 | 9b14 3602 | 0000 ff86 | d801 0000 | 4c8b 4c24 

  0x0000023602d428c8: ;   {metadata(method data for {method} {0x0000023614030fe8} 'executePrivileged' '(Ljava/security/PrivilegedExceptionAction;Ljava/security/AccessControlContext;Ljava/lang/Class;)Ljava/lang/Object;' in 'java/security/AccessController')}
  0x0000023602d428c8: 2848 be90 | 089b 1436 | 0200 0048 | 8386 3802 

  0x0000023602d428d8: ;   {metadata(method data for {method} {0x0000023614035da8} 'reachabilityFence' '(Ljava/lang/Object;)V' in 'java/lang/ref/Reference')}
  0x0000023602d428d8: 0000 0148 | be00 875e | 1436 0200 | 008b becc | 0000 0083 | c702 89be | cc00 0000 | 81e7 feff 
  0x0000023602d428f8: 1f00 83ff | 000f 8473 

  0x0000023602d42900: ;   {metadata(method data for {method} {0x0000023614030fe8} 'executePrivileged' '(Ljava/security/PrivilegedExceptionAction;Ljava/security/AccessControlContext;Ljava/lang/Class;)Ljava/lang/Object;' in 'java/security/AccessController')}
  0x0000023602d42900: 0000 0048 | be90 089b | 1436 0200 | 0048 8386 | 4802 0000 

  0x0000023602d42914: ;   {metadata(method data for {method} {0x0000023614035da8} 'reachabilityFence' '(Ljava/lang/Object;)V' in 'java/lang/ref/Reference')}
  0x0000023602d42914: 0148 be00 | 875e 1436 | 0200 008b | becc 0000 | 0083 c702 | 89be cc00 | 0000 81e7 | feff 1f00 
  0x0000023602d42934: 83ff 000f | 845a 0000 | 0048 83c4 

  0x0000023602d42940: ;   {poll_return}
  0x0000023602d42940: 405d 493b | a750 0300 | 000f 8766 | 0000 00c3 

  0x0000023602d42950: ;   {metadata({method} {0x0000023614030fe8} 'executePrivileged' '(Ljava/security/PrivilegedExceptionAction;Ljava/security/AccessControlContext;Ljava/lang/Class;)Ljava/lang/Object;' in 'java/security/AccessController')}
  0x0000023602d42950: 49ba e00f | 0314 3602 | 0000 4c89 | 5424 0848 | c704 24ff 

  0x0000023602d42964: ;   {runtime_call counter_overflow Runtime1 stub}
  0x0000023602d42964: ffff ffe8 

  0x0000023602d42968: ; ImmutableOopMap {rdx=Oop r8=Oop [48]=Oop r9=Oop }
                      ;*synchronization entry
                      ; - java.security.AccessController::executePrivileged@-1
  0x0000023602d42968: 147b 4c07 | e928 feff 

  0x0000023602d42970: ;   {runtime_call throw_null_pointer_exception Runtime1 stub}
  0x0000023602d42970: ffe8 aa18 

  0x0000023602d42974: ; ImmutableOopMap {[40]=Oop rdx=Oop [48]=Oop }
                      ;*invokeinterface run {reexecute=0 rethrow=0 return_oop=0}
                      ; - java.security.AccessController::executePrivileged@29
                      ;   {metadata({method} {0x0000023614035da8} 'reachabilityFence' '(Ljava/lang/Object;)V' in 'java/lang/ref/Reference')}
  0x0000023602d42974: 4c07 49ba | a05d 0314 | 3602 0000 | 4c89 5424 | 0848 c704 | 24ff ffff 

  0x0000023602d4298c: ;   {runtime_call counter_overflow Runtime1 stub}
  0x0000023602d4298c: ffe8 ee7a 

  0x0000023602d42990: ; ImmutableOopMap {rax=Oop r9=Oop }
                      ;*synchronization entry
                      ; - java.lang.ref.Reference::reachabilityFence@-1
                      ; - java.security.AccessController::executePrivileged@56
  0x0000023602d42990: 4c07 e96c 

  0x0000023602d42994: ;   {metadata({method} {0x0000023614035da8} 'reachabilityFence' '(Ljava/lang/Object;)V' in 'java/lang/ref/Reference')}
  0x0000023602d42994: ffff ff49 | baa0 5d03 | 1436 0200 | 004c 8954 | 2408 48c7 | 0424 ffff 

  0x0000023602d429ac: ;   {runtime_call counter_overflow Runtime1 stub}
  0x0000023602d429ac: ffff e8cd 

  0x0000023602d429b0: ; ImmutableOopMap {rax=Oop }
                      ;*synchronization entry
                      ; - java.lang.ref.Reference::reachabilityFence@-1
                      ; - java.security.AccessController::executePrivileged@60
  0x0000023602d429b0: 7a4c 07eb 

  0x0000023602d429b4: ;   {internal_word}
  0x0000023602d429b4: 8849 ba42 | 29d4 0236 | 0200 004d | 8997 6803 

  0x0000023602d429c4: ;   {runtime_call SafepointBlob}
  0x0000023602d429c4: 0000 e9b5 | 6242 0790 | 9049 8b87 | e003 0000 | 49c7 87e0 | 0300 0000 | 0000 0049 | c787 e803 
  0x0000023602d429e4: 0000 0000 | 0000 4883 

  0x0000023602d429ec: ;   {runtime_call unwind_exception Runtime1 stub}
  0x0000023602d429ec: c440 5de9 | 0c38 4307 | f4f4 f4f4 | f4f4 f4f4 | f4f4 f4f4 
[Stub Code]
  0x0000023602d42a00: ;   {no_reloc}
  0x0000023602d42a00: 0f1f 4400 

  0x0000023602d42a04: ;   {static_stub}
  0x0000023602d42a04: 0048 bb58 | 0d03 1436 

  0x0000023602d42a0c: ;   {runtime_call I2C/C2I adapters}
  0x0000023602d42a0c: 0200 00e9 | 3cdb 4107 

  0x0000023602d42a14: ;   {static_stub}
  0x0000023602d42a14: 9048 bb00 | 0000 0000 

  0x0000023602d42a1c: ;   {runtime_call}
  0x0000023602d42a1c: 0000 00e9 | fbff ffff 
[Exception Handler]
  0x0000023602d42a24: ;   {runtime_call handle_exception_from_callee Runtime1 stub}
  0x0000023602d42a24: e8d7 3d4c 

  0x0000023602d42a28: ;   {external_word}
  0x0000023602d42a28: 0748 b940 | 9ad4 87fd | 7f00 0048 

  0x0000023602d42a34: ;   {runtime_call}
  0x0000023602d42a34: 83e4 f049 | ba60 2f9d | 87fd 7f00 | 0041 ffd2 

  0x0000023602d42a44: ;   {section_word}
  0x0000023602d42a44: f449 ba45 | 2ad4 0236 | 0200 0041 

  0x0000023602d42a50: ;   {runtime_call DeoptimizationBlob}
  0x0000023602d42a50: 52e9 ca76 | 4207 f4f4 
[/MachCode]


Compiled method (c1)    2363  750       3       java.lang.ClassLoader::loadClass (7 bytes)
 total in heap  [0x0000023602d0fd90,0x0000023602d10170] = 992
 relocation     [0x0000023602d0fee8,0x0000023602d0ff28] = 64
 main code      [0x0000023602d0ff40,0x0000023602d100c0] = 384
 stub code      [0x0000023602d100c0,0x0000023602d10108] = 72
 metadata       [0x0000023602d10108,0x0000023602d10110] = 8
 scopes data    [0x0000023602d10110,0x0000023602d10128] = 24
 scopes pcs     [0x0000023602d10128,0x0000023602d10168] = 64
 dependencies   [0x0000023602d10168,0x0000023602d10170] = 8

[Constant Pool (empty)]

[MachCode]
[Entry Point]
  # {method} {0x000002361401d380} 'loadClass' '(Ljava/lang/String;)Ljava/lang/Class;' in 'java/lang/ClassLoader'
  # this:     rdx:rdx   = 'java/lang/ClassLoader'
  # parm0:    r8:r8     = 'java/lang/String'
  #           [sp+0x40]  (sp of caller)
  0x0000023602d0ff40: 448b 5208 | 49c1 e203 

  0x0000023602d0ff48: ;   {runtime_call ic_miss_stub}
  0x0000023602d0ff48: 4c3b d00f | 852f 1645 | 0766 6666 | 0f1f 8400 | 0000 0000 | 6666 6690 
[Verified Entry Point]
  0x0000023602d0ff60: 8984 2400 | 90ff ff55 | 4883 ec30 

  0x0000023602d0ff6c: ;   {metadata(method data for {method} {0x000002361401d380} 'loadClass' '(Ljava/lang/String;)Ljava/lang/Class;' in 'java/lang/ClassLoader')}
  0x0000023602d0ff6c: 49b9 5868 | 9614 3602 | 0000 418b | b1cc 0000 | 0083 c602 | 4189 b1cc | 0000 0081 | e6fe 0700 
  0x0000023602d0ff8c: 0083 fe00 | 0f84 b900 | 0000 4c8b 

  0x0000023602d0ff98: ;   {metadata(method data for {method} {0x000002361401d380} 'loadClass' '(Ljava/lang/String;)Ljava/lang/Class;' in 'java/lang/ClassLoader')}
  0x0000023602d0ff98: ca48 be58 | 6896 1436 | 0200 0045 | 8b49 0849 | c1e1 034c | 3b8e 2001 | 0000 750d | 4883 8628 
  0x0000023602d0ffb8: 0100 0001 | e966 0000 | 004c 3b8e | 3001 0000 | 750d 4883 | 8638 0100 | 0001 e950 | 0000 0048 
  0x0000023602d0ffd8: 81be 2001 | 0000 0000 | 0000 7517 | 4c89 8e20 | 0100 0048 | c786 2801 | 0000 0100 | 0000 e92c 
  0x0000023602d0fff8: 0000 0048 | 81be 3001 | 0000 0000 | 0000 7517 | 4c89 8e30 | 0100 0048 | c786 3801 | 0000 0100 
  0x0000023602d10018: 0000 e908 | 0000 0048 | 8386 1001 | 0000 0141 | b900 0000 | 0048 b8a0 | 9933 1a36 

  0x0000023602d10034: ;   {virtual_call}
  0x0000023602d10034: 0200 00e8 

  0x0000023602d10038: ; ImmutableOopMap {}
                      ;*invokevirtual loadClass {reexecute=0 rethrow=0 return_oop=0}
                      ; - java.lang.ClassLoader::loadClass@3
  0x0000023602d10038: 70b5 4407 | 4883 c430 

  0x0000023602d10040: ;   {poll_return}
  0x0000023602d10040: 5d49 3ba7 | 5003 0000 | 0f87 2200 

  0x0000023602d1004c: ;   {metadata({method} {0x000002361401d380} 'loadClass' '(Ljava/lang/String;)Ljava/lang/Class;' in 'java/lang/ClassLoader')}
  0x0000023602d1004c: 0000 c349 | ba78 d301 | 1436 0200 | 004c 8954 | 2408 48c7 | 0424 ffff 

  0x0000023602d10064: ;   {runtime_call counter_overflow Runtime1 stub}
  0x0000023602d10064: ffff e815 

  0x0000023602d10068: ; ImmutableOopMap {rdx=Oop r8=Oop }
                      ;*synchronization entry
                      ; - java.lang.ClassLoader::loadClass@-1
  0x0000023602d10068: a44f 07e9 | 26ff ffff 

  0x0000023602d10070: ;   {internal_word}
  0x0000023602d10070: 49ba 4100 | d102 3602 | 0000 4d89 | 9768 0300 

  0x0000023602d10080: ;   {runtime_call SafepointBlob}
  0x0000023602d10080: 00e9 fa8b | 4507 9090 | 498b 87e0 | 0300 0049 | c787 e003 | 0000 0000 | 0000 49c7 | 87e8 0300 
  0x0000023602d100a0: 0000 0000 | 0048 83c4 

  0x0000023602d100a8: ;   {runtime_call unwind_exception Runtime1 stub}
  0x0000023602d100a8: 305d e951 | 6146 07f4 | f4f4 f4f4 | f4f4 f4f4 | f4f4 f4f4 | f4f4 f4f4 
[Stub Code]
  0x0000023602d100c0: ;   {no_reloc}
  0x0000023602d100c0: 0f1f 4400 

  0x0000023602d100c4: ;   {static_stub}
  0x0000023602d100c4: 0048 bb00 | 0000 0000 

  0x0000023602d100cc: ;   {runtime_call}
  0x0000023602d100cc: 0000 00e9 | fbff ffff 
[Exception Handler]
  0x0000023602d100d4: ;   {runtime_call handle_exception_from_callee Runtime1 stub}
  0x0000023602d100d4: e827 674f 

  0x0000023602d100d8: ;   {external_word}
  0x0000023602d100d8: 0748 b940 | 9ad4 87fd | 7f00 0048 

  0x0000023602d100e4: ;   {runtime_call}
  0x0000023602d100e4: 83e4 f049 | ba60 2f9d | 87fd 7f00 | 0041 ffd2 

  0x0000023602d100f4: ;   {section_word}
  0x0000023602d100f4: f449 baf5 | 00d1 0236 | 0200 0041 

  0x0000023602d10100: ;   {runtime_call DeoptimizationBlob}
  0x0000023602d10100: 52e9 1aa0 | 4507 f4f4 
[/MachCode]


---------------  P R O C E S S  ---------------

Threads class SMR info:
_java_thread_list=0x00000236190b0ae0, length=12, elements={
0x000002367e4efac0, 0x000002367e794020, 0x000002367e7954a0, 0x000002367e79e2c0,
0x0000023618d42010, 0x0000023618d43820, 0x0000023618d49600, 0x0000023618d4d150,
0x0000023618d4e200, 0x0000023618d5f2d0, 0x0000023618df7b00, 0x00000236190a86c0
}

Java Threads: ( => current thread )
=>0x000002367e4efac0 JavaThread "main" [_thread_in_vm, id=18304, stack(0x00000059dcb00000,0x00000059dcc00000)]
  0x000002367e794020 JavaThread "Reference Handler" daemon [_thread_blocked, id=10264, stack(0x00000059dce00000,0x00000059dcf00000)]
  0x000002367e7954a0 JavaThread "Finalizer" daemon [_thread_blocked, id=21392, stack(0x00000059dcf00000,0x00000059dd000000)]
  0x000002367e79e2c0 JavaThread "Signal Dispatcher" daemon [_thread_blocked, id=7880, stack(0x00000059dd000000,0x00000059dd100000)]
  0x0000023618d42010 JavaThread "Attach Listener" daemon [_thread_blocked, id=12016, stack(0x00000059dd100000,0x00000059dd200000)]
  0x0000023618d43820 JavaThread "Service Thread" daemon [_thread_blocked, id=21728, stack(0x00000059dd200000,0x00000059dd300000)]
  0x0000023618d49600 JavaThread "Monitor Deflation Thread" daemon [_thread_blocked, id=6136, stack(0x00000059dd300000,0x00000059dd400000)]
  0x0000023618d4d150 JavaThread "C2 CompilerThread0" daemon [_thread_blocked, id=22412, stack(0x00000059dd400000,0x00000059dd500000)]
  0x0000023618d4e200 JavaThread "C1 CompilerThread0" daemon [_thread_blocked, id=1068, stack(0x00000059dd500000,0x00000059dd600000)]
  0x0000023618d5f2d0 JavaThread "Sweeper thread" daemon [_thread_blocked, id=18356, stack(0x00000059dd600000,0x00000059dd700000)]
  0x0000023618df7b00 JavaThread "Common-Cleaner" daemon [_thread_blocked, id=11096, stack(0x00000059dd700000,0x00000059dd800000)]
  0x00000236190a86c0 JavaThread "Notification Thread" daemon [_thread_blocked, id=15848, stack(0x00000059dd800000,0x00000059dd900000)]

Other Threads:
  0x0000023618d01650 VMThread "VM Thread" [stack: 0x00000059dcd00000,0x00000059dce00000] [id=20928]
  0x00000236190ae050 WatcherThread [stack: 0x00000059dd900000,0x00000059dda00000] [id=16128]
  0x000002367e506cb0 GCTaskThread "GC Thread#0" [stack: 0x00000059dcc00000,0x00000059dcd00000] [id=11292]
  0x000002361a4fc650 GCTaskThread "GC Thread#1" [stack: 0x00000059dda00000,0x00000059ddb00000] [id=13152]
  0x000002361a4fc910 GCTaskThread "GC Thread#2" [stack: 0x00000059ddb00000,0x00000059ddc00000] [id=8512]
  0x000002361a3f6870 GCTaskThread "GC Thread#3" [stack: 0x00000059ddc00000,0x00000059ddd00000] [id=12792]
  0x000002361a3f6b30 GCTaskThread "GC Thread#4" [stack: 0x00000059ddd00000,0x00000059dde00000] [id=22280]
  0x000002361a863890 GCTaskThread "GC Thread#5" [stack: 0x00000059dde00000,0x00000059ddf00000] [id=17412]
  0x000002361a336510 GCTaskThread "GC Thread#6" [stack: 0x00000059ddf00000,0x00000059de000000] [id=21076]

Threads with active compile tasks:

VM state: not at safepoint (normal execution)

VM Mutex/Monitor currently owned by a thread:  ([mutex/lock_event])
[0x000002367e4eabd0] Metaspace_lock - owner thread: 0x000002367e4efac0

Heap address: 0x00000000c0000000, size: 1024 MB, Compressed Oops mode: 32-bit

CDS archive(s) not mapped
Compressed class space mapped at: 0x0000000100000000-0x0000000140000000, reserved size: 1073741824
Narrow klass base: 0x0000000000000000, Narrow klass shift: 3, Narrow klass range: 0x140000000

GC Precious Log:
 CPUs: 8 total, 8 available
 Memory: 7946M
 Large Page Support: Disabled
 NUMA Support: Disabled
 Compressed Oops: Enabled (32-bit)
 Alignments: Space 512K, Generation 512K, Heap 2M
 Heap Min Capacity: 100M
 Heap Initial Capacity: 100M
 Heap Max Capacity: 1G
 Pre-touch: Disabled
 Parallel Workers: 8

Heap:
 PSYoungGen      total 29696K, used 6603K [0x00000000eab00000, 0x00000000ecc00000, 0x0000000100000000)
  eden space 25600K, 13% used [0x00000000eab00000,0x00000000eae5a0e8,0x00000000ec400000)
  from space 4096K, 77% used [0x00000000ec400000,0x00000000ec718c28,0x00000000ec800000)
  to   space 4096K, 0% used [0x00000000ec800000,0x00000000ec800000,0x00000000ecc00000)
 ParOldGen       total 68608K, used 16K [0x00000000c0000000, 0x00000000c4300000, 0x00000000eab00000)
  object space 68608K, 0% used [0x00000000c0000000,0x00000000c0004000,0x00000000c4300000)
 Metaspace       used 11790K, committed 11904K, reserved 1114112K
  class space    used 1172K, committed 1216K, reserved 1048576K

Card table byte_map: [0x000002367de80000,0x000002367e090000] _byte_map_base: 0x000002367d880000

Marking Bits: (ParMarkBitMap*) 0x00007ffd87fbd0b0
 Begin Bits: [0x0000023611be0000, 0x0000023612be0000)
 End Bits:   [0x0000023612be0000, 0x0000023613be0000)

Polling page: 0x000002367c650000

Metaspace:

Usage:
  Non-class:     10.37 MB used.
      Class:      1.14 MB used.
       Both:     11.51 MB used.

Virtual space:
  Non-class space:       64.00 MB reserved,      10.44 MB ( 16%) committed,  1 nodes.
      Class space:        1.00 GB reserved,       1.19 MB ( <1%) committed,  1 nodes.
             Both:        1.06 GB reserved,      11.62 MB (  1%) committed. 

Chunk freelists:
   Non-Class:  4.67 MB
       Class:  14.64 MB
        Both:  19.31 MB

MaxMetaspaceSize: unlimited
CompressedClassSpaceSize: 1.00 GB
Initial GC threshold: 21.00 MB
Current GC threshold: 21.00 MB
CDS: off
MetaspaceReclaimPolicy: balanced
 - commit_granule_bytes: 65536.
 - commit_granule_words: 8192.
 - virtual_space_node_default_size: 8388608.
 - enlarge_chunks_in_place: 1.
 - new_chunks_are_fully_committed: 0.
 - uncommit_free_chunks: 1.
 - use_allocation_guard: 0.
 - handle_deallocations: 1.


Internal statistics:

num_allocs_failed_limit: 0.
num_arena_births: 38.
num_arena_deaths: 0.
num_vsnodes_births: 2.
num_vsnodes_deaths: 0.
num_space_committed: 186.
num_space_uncommitted: 0.
num_chunks_returned_to_freelist: 0.
num_chunks_taken_from_freelist: 135.
num_chunk_merges: 0.
num_chunk_splits: 91.
num_chunks_enlarged: 73.
num_inconsistent_stats: 0.

CodeHeap 'non-profiled nmethods': size=120000Kb used=369Kb max_used=369Kb free=119630Kb
 bounds [0x000002360a6b0000, 0x000002360a920000, 0x0000023611be0000]
CodeHeap 'profiled nmethods': size=120000Kb used=1707Kb max_used=1707Kb free=118292Kb
 bounds [0x0000023602be0000, 0x0000023602e50000, 0x000002360a110000]
CodeHeap 'non-nmethods': size=5760Kb used=1156Kb max_used=1178Kb free=4603Kb
 bounds [0x000002360a110000, 0x000002360a380000, 0x000002360a6b0000]
 total_blobs=1455 nmethods=1018 adapters=352
 compilation: enabled
              stopped_count=0, restarted_count=0
 full_count=0

Compilation events (20 events):
Event: 2.281 Thread 0x0000023618d4e200 nmethod 1007 0x0000023602d83d90 code [0x0000023602d83f80, 0x0000023602d843d8]
Event: 2.281 Thread 0x0000023618d4e200 1011       3       java.lang.StringLatin1::compareTo (52 bytes)
Event: 2.281 Thread 0x0000023618d4e200 nmethod 1011 0x0000023602d84590 code [0x0000023602d84760, 0x0000023602d84b38]
Event: 2.281 Thread 0x0000023618d4e200 1010       3       java.lang.StringLatin1::getChar (9 bytes)
Event: 2.282 Thread 0x0000023618d4e200 nmethod 1010 0x0000023602d84d10 code [0x0000023602d84ea0, 0x0000023602d84fb8]
Event: 2.282 Thread 0x0000023618d4e200 1013       3       java.lang.String::compareTo (63 bytes)
Event: 2.282 Thread 0x0000023618d4e200 nmethod 1013 0x0000023602d85090 code [0x0000023602d852a0, 0x0000023602d85738]
Event: 2.282 Thread 0x0000023618d4e200 1014       3       java.lang.StringLatin1::compareTo (14 bytes)
Event: 2.283 Thread 0x0000023618d4e200 nmethod 1014 0x0000023602d85910 code [0x0000023602d85ac0, 0x0000023602d85be8]
Event: 2.283 Thread 0x0000023618d4e200 1012       3       java.lang.String::compareTo (9 bytes)
Event: 2.283 Thread 0x0000023618d4e200 nmethod 1012 0x0000023602d85d10 code [0x0000023602d85ec0, 0x0000023602d860e8]
Event: 2.283 Thread 0x0000023618d4e200 1006       3       jdk.internal.reflect.ByteVectorImpl::get (26 bytes)
Event: 2.284 Thread 0x0000023618d4e200 nmethod 1006 0x0000023602d86190 code [0x0000023602d86340, 0x0000023602d86508]
Event: 2.284 Thread 0x0000023618d4e200 1009       3       java.lang.Boolean::valueOf (14 bytes)
Event: 2.284 Thread 0x0000023618d4e200 nmethod 1009 0x0000023602d86610 code [0x0000023602d867a0, 0x0000023602d86918]
Event: 2.284 Thread 0x0000023618d4d150 nmethod 966 0x000002360a70b190 code [0x000002360a70b300, 0x000002360a70b498]
Event: 2.284 Thread 0x0000023618d4d150 1015       4       java.util.Collections$UnmodifiableCollection$1::next (10 bytes)
Event: 2.289 Thread 0x0000023618d4e200 1016       3       sun.net.www.protocol.jar.Handler::checkNestedProtocol (18 bytes)
Event: 2.290 Thread 0x0000023618d4e200 nmethod 1016 0x0000023602d86990 code [0x0000023602d86b40, 0x0000023602d86d28]
Event: 2.290 Thread 0x0000023618d4e200 1017   !   3       java.util.jar.JarVerifier::processEntry (440 bytes)

GC Heap History (2 events):
Event: 2.114 GC heap before
{Heap before GC invocations=1 (full 0):
 PSYoungGen      total 29696K, used 25600K [0x00000000eab00000, 0x00000000ecc00000, 0x0000000100000000)
  eden space 25600K, 100% used [0x00000000eab00000,0x00000000ec400000,0x00000000ec400000)
  from space 4096K, 0% used [0x00000000ec800000,0x00000000ec800000,0x00000000ecc00000)
  to   space 4096K, 0% used [0x00000000ec400000,0x00000000ec400000,0x00000000ec800000)
 ParOldGen       total 68608K, used 0K [0x00000000c0000000, 0x00000000c4300000, 0x00000000eab00000)
  object space 68608K, 0% used [0x00000000c0000000,0x00000000c0000000,0x00000000c4300000)
 Metaspace       used 10992K, committed 11200K, reserved 1114112K
  class space    used 1099K, committed 1216K, reserved 1048576K
}
Event: 2.132 GC heap after
{Heap after GC invocations=1 (full 0):
 PSYoungGen      total 29696K, used 3171K [0x00000000eab00000, 0x00000000ecc00000, 0x0000000100000000)
  eden space 25600K, 0% used [0x00000000eab00000,0x00000000eab00000,0x00000000ec400000)
  from space 4096K, 77% used [0x00000000ec400000,0x00000000ec718c28,0x00000000ec800000)
  to   space 4096K, 0% used [0x00000000ec800000,0x00000000ec800000,0x00000000ecc00000)
 ParOldGen       total 68608K, used 16K [0x00000000c0000000, 0x00000000c4300000, 0x00000000eab00000)
  object space 68608K, 0% used [0x00000000c0000000,0x00000000c0004000,0x00000000c4300000)
 Metaspace       used 10992K, committed 11200K, reserved 1114112K
  class space    used 1099K, committed 1216K, reserved 1048576K
}

Dll operation events (8 events):
Event: 0.040 Loaded shared library c:\Users\91993\.vscode\extensions\redhat.java-1.25.0-win32-x64\jre\17.0.9-win32-x86_64\bin\java.dll
Event: 0.598 Loaded shared library c:\Users\91993\.vscode\extensions\redhat.java-1.25.0-win32-x64\jre\17.0.9-win32-x86_64\bin\zip.dll
Event: 0.605 Loaded shared library C:\Users\91993\.vscode\extensions\redhat.java-1.25.0-win32-x64\jre\17.0.9-win32-x86_64\bin\instrument.dll
Event: 0.639 Loaded shared library C:\Users\91993\.vscode\extensions\redhat.java-1.25.0-win32-x64\jre\17.0.9-win32-x86_64\bin\net.dll
Event: 0.643 Loaded shared library C:\Users\91993\.vscode\extensions\redhat.java-1.25.0-win32-x64\jre\17.0.9-win32-x86_64\bin\nio.dll
Event: 0.669 Loaded shared library C:\Users\91993\.vscode\extensions\redhat.java-1.25.0-win32-x64\jre\17.0.9-win32-x86_64\bin\zip.dll
Event: 0.709 Loaded shared library C:\Users\91993\.vscode\extensions\redhat.java-1.25.0-win32-x64\jre\17.0.9-win32-x86_64\bin\jimage.dll
Event: 0.842 Loaded shared library c:\Users\91993\.vscode\extensions\redhat.java-1.25.0-win32-x64\jre\17.0.9-win32-x86_64\bin\verify.dll

Deoptimization events (20 events):
Event: 1.961 Thread 0x000002367e4efac0 Uncommon trap: trap_request=0xffffffde fr.pc=0x000002360a6d950c relative=0x00000000000001ec
Event: 1.961 Thread 0x000002367e4efac0 Uncommon trap: reason=class_check action=maybe_recompile pc=0x000002360a6d950c method=java.util.Collections$UnmodifiableCollection$1.next()Ljava/lang/Object; @ 4 c2
Event: 1.961 Thread 0x000002367e4efac0 DEOPT PACKING pc=0x000002360a6d950c sp=0x00000059dcbfe6a0
Event: 1.961 Thread 0x000002367e4efac0 DEOPT UNPACKING pc=0x000002360a169ea3 sp=0x00000059dcbfe650 mode 2
Event: 1.962 Thread 0x000002367e4efac0 Uncommon trap: trap_request=0xffffffde fr.pc=0x000002360a6d950c relative=0x00000000000001ec
Event: 1.962 Thread 0x000002367e4efac0 Uncommon trap: reason=class_check action=maybe_recompile pc=0x000002360a6d950c method=java.util.Collections$UnmodifiableCollection$1.next()Ljava/lang/Object; @ 4 c2
Event: 1.962 Thread 0x000002367e4efac0 DEOPT PACKING pc=0x000002360a6d950c sp=0x00000059dcbfe6a0
Event: 1.962 Thread 0x000002367e4efac0 DEOPT UNPACKING pc=0x000002360a169ea3 sp=0x00000059dcbfe650 mode 2
Event: 1.966 Thread 0x000002367e4efac0 Uncommon trap: trap_request=0xffffffde fr.pc=0x000002360a6e41a8 relative=0x0000000000000548
Event: 1.966 Thread 0x000002367e4efac0 Uncommon trap: reason=class_check action=maybe_recompile pc=0x000002360a6e41a8 method=java.util.Collections$UnmodifiableCollection$1.<init>(Ljava/util/Collections$UnmodifiableCollection;)V @ 17 c2
Event: 1.966 Thread 0x000002367e4efac0 DEOPT PACKING pc=0x000002360a6e41a8 sp=0x00000059dcbfe610
Event: 1.966 Thread 0x000002367e4efac0 DEOPT UNPACKING pc=0x000002360a169ea3 sp=0x00000059dcbfe558 mode 2
Event: 1.967 Thread 0x000002367e4efac0 Uncommon trap: trap_request=0xffffffde fr.pc=0x000002360a6e41a8 relative=0x0000000000000548
Event: 1.967 Thread 0x000002367e4efac0 Uncommon trap: reason=class_check action=maybe_recompile pc=0x000002360a6e41a8 method=java.util.Collections$UnmodifiableCollection$1.<init>(Ljava/util/Collections$UnmodifiableCollection;)V @ 17 c2
Event: 1.967 Thread 0x000002367e4efac0 DEOPT PACKING pc=0x000002360a6e41a8 sp=0x00000059dcbfe610
Event: 1.967 Thread 0x000002367e4efac0 DEOPT UNPACKING pc=0x000002360a169ea3 sp=0x00000059dcbfe558 mode 2
Event: 2.206 Thread 0x000002367e4efac0 Uncommon trap: trap_request=0xffffffde fr.pc=0x000002360a6efeb8 relative=0x00000000000004f8
Event: 2.206 Thread 0x000002367e4efac0 Uncommon trap: reason=class_check action=maybe_recompile pc=0x000002360a6efeb8 method=java.util.Collections$UnmodifiableCollection$1.<init>(Ljava/util/Collections$UnmodifiableCollection;)V @ 17 c2
Event: 2.206 Thread 0x000002367e4efac0 DEOPT PACKING pc=0x000002360a6efeb8 sp=0x00000059dcbfe640
Event: 2.206 Thread 0x000002367e4efac0 DEOPT UNPACKING pc=0x000002360a169ea3 sp=0x00000059dcbfe5f8 mode 2

Classes unloaded (0 events):
No events

Classes redefined (0 events):
No events

Internal exceptions (18 events):
Event: 0.527 Thread 0x000002367e4efac0 Exception <a 'java/lang/NoSuchMethodError'{0x00000000eacb2c20}: 'void java.lang.invoke.DirectMethodHandle$Holder.invokeStatic(java.lang.Object, java.lang.Object, java.lang.Object)'> (0x00000000eacb2c20) 
thrown [s\src\hotspot\share\interpreter\linkResolver.cpp, line 759]
Event: 0.886 Thread 0x000002367e4efac0 Exception <a 'java/lang/reflect/InvocationTargetException'{0x00000000eafe3270}> (0x00000000eafe3270) 
thrown [s\src\hotspot\share\runtime\reflection.cpp, line 1121]
Event: 1.437 Thread 0x000002367e4efac0 Exception <a 'java/lang/ClassNotFoundException'{0x00000000eb85c1d8}: sun/net/www/protocol/c/Handler> (0x00000000eb85c1d8) 
thrown [s\src\hotspot\share\classfile\systemDictionary.cpp, line 256]
Event: 1.446 Thread 0x000002367e4efac0 Exception <a 'java/io/FileNotFoundException'{0x00000000eb877780}> (0x00000000eb877780) 
thrown [s\src\hotspot\share\prims\jni.cpp, line 516]
Event: 1.447 Thread 0x000002367e4efac0 Exception <a 'java/io/FileNotFoundException'{0x00000000eb878490}> (0x00000000eb878490) 
thrown [s\src\hotspot\share\prims\jni.cpp, line 516]
Event: 1.447 Thread 0x000002367e4efac0 Exception <a 'java/io/FileNotFoundException'{0x00000000eb879180}> (0x00000000eb879180) 
thrown [s\src\hotspot\share\prims\jni.cpp, line 516]
Event: 1.448 Thread 0x000002367e4efac0 Exception <a 'java/io/FileNotFoundException'{0x00000000eb879e40}> (0x00000000eb879e40) 
thrown [s\src\hotspot\share\prims\jni.cpp, line 516]
Event: 1.467 Thread 0x000002367e4efac0 Exception <a 'java/io/FileNotFoundException'{0x00000000eb8b4ac0}> (0x00000000eb8b4ac0) 
thrown [s\src\hotspot\share\prims\jni.cpp, line 516]
Event: 1.864 Thread 0x000002367e4efac0 Exception <a 'java/lang/ClassNotFoundException'{0x00000000ec0b9cd0}: sun/net/www/protocol/c/Handler> (0x00000000ec0b9cd0) 
thrown [s\src\hotspot\share\classfile\systemDictionary.cpp, line 256]
Event: 1.864 Thread 0x000002367e4efac0 Exception <a 'java/lang/ClassNotFoundException'{0x00000000ec0bb090}: sun/net/www/protocol/d/Handler> (0x00000000ec0bb090) 
thrown [s\src\hotspot\share\classfile\systemDictionary.cpp, line 256]
Event: 1.865 Thread 0x000002367e4efac0 Exception <a 'java/lang/ClassNotFoundException'{0x00000000ec0bc2d8}: sun/net/www/protocol/c/Handler> (0x00000000ec0bc2d8) 
thrown [s\src\hotspot\share\classfile\systemDictionary.cpp, line 256]
Event: 1.889 Thread 0x000002367e4efac0 Exception <a 'java/io/FileNotFoundException'{0x00000000ec0e2e18}> (0x00000000ec0e2e18) 
thrown [s\src\hotspot\share\prims\jni.cpp, line 516]
Event: 2.079 Thread 0x000002367e4efac0 Exception <a 'java/lang/NoSuchMethodError'{0x00000000ec3b4940}: 'int java.lang.invoke.DirectMethodHandle$Holder.invokeStaticInit(java.lang.Object, java.lang.Object, java.lang.Object, java.lang.Object)'> (0x00000000ec3b4940) 
thrown [s\src\hotspot\share\interpreter\linkResolver.cpp, line 759]
Event: 2.083 Thread 0x000002367e4efac0 Exception <a 'java/lang/NoSuchMethodError'{0x00000000ec3befb0}: 'java.lang.Object java.lang.invoke.DirectMethodHandle$Holder.invokeInterface(java.lang.Object, java.lang.Object)'> (0x00000000ec3befb0) 
thrown [s\src\hotspot\share\interpreter\linkResolver.cpp, line 759]
Event: 2.084 Thread 0x000002367e4efac0 Exception <a 'java/lang/IncompatibleClassChangeError'{0x00000000ec3c27a8}: Found class java.lang.Object, but interface was expected> (0x00000000ec3c27a8) 
thrown [s\src\hotspot\share\interpreter\linkResolver.cpp, line 826]
Event: 2.086 Thread 0x000002367e4efac0 Exception <a 'java/lang/NoSuchMethodError'{0x00000000ec3c6ca0}: 'void java.lang.invoke.DirectMethodHandle$Holder.invokeStatic(java.lang.Object, java.lang.Object)'> (0x00000000ec3c6ca0) 
thrown [s\src\hotspot\share\interpreter\linkResolver.cpp, line 759]
Event: 2.087 Thread 0x000002367e4efac0 Exception <a 'java/lang/NoSuchMethodError'{0x00000000ec3ca4a0}: 'void java.lang.invoke.DirectMethodHandle$Holder.invokeStaticInit(java.lang.Object, java.lang.Object)'> (0x00000000ec3ca4a0) 
thrown [s\src\hotspot\share\interpreter\linkResolver.cpp, line 759]
Event: 2.090 Thread 0x000002367e4efac0 Exception <a 'java/lang/NoSuchMethodError'{0x00000000ec3d1af8}: 'int java.lang.invoke.DirectMethodHandle$Holder.invokeStaticInit(java.lang.Object, java.lang.Object)'> (0x00000000ec3d1af8) 
thrown [s\src\hotspot\share\interpreter\linkResolver.cpp, line 759]

VM Operations (12 events):
Event: 0.539 Executing VM operation: HandshakeAllThreads
Event: 0.540 Executing VM operation: HandshakeAllThreads done
Event: 0.742 Executing VM operation: HandshakeAllThreads
Event: 0.742 Executing VM operation: HandshakeAllThreads done
Event: 1.383 Executing VM operation: HandshakeAllThreads
Event: 1.383 Executing VM operation: HandshakeAllThreads done
Event: 1.383 Executing VM operation: Cleanup
Event: 1.384 Executing VM operation: Cleanup done
Event: 1.421 Executing VM operation: HandshakeAllThreads
Event: 1.422 Executing VM operation: HandshakeAllThreads done
Event: 2.113 Executing VM operation: ParallelGCFailedAllocation
Event: 2.133 Executing VM operation: ParallelGCFailedAllocation done

Events (20 events):
Event: 2.212 loading class java/util/concurrent/SynchronousQueue$TransferStack$SNode
Event: 2.212 loading class java/util/concurrent/ForkJoinPool$ManagedBlocker
Event: 2.212 loading class java/util/concurrent/ForkJoinPool$ManagedBlocker done
Event: 2.212 loading class java/util/concurrent/SynchronousQueue$TransferStack$SNode done
Event: 2.214 loading class java/util/concurrent/RejectedExecutionHandler
Event: 2.214 loading class java/util/concurrent/RejectedExecutionHandler done
Event: 2.214 loading class java/util/concurrent/LinkedBlockingQueue
Event: 2.215 loading class java/util/concurrent/LinkedBlockingQueue done
Event: 2.215 loading class java/util/concurrent/LinkedBlockingQueue$Node
Event: 2.215 loading class java/util/concurrent/LinkedBlockingQueue$Node done
Event: 2.245 loading class java/util/concurrent/Semaphore$NonfairSync
Event: 2.245 loading class java/util/concurrent/Semaphore$Sync
Event: 2.245 loading class java/util/concurrent/Semaphore$Sync done
Event: 2.245 loading class java/util/concurrent/Semaphore$NonfairSync done
Event: 2.269 loading class java/lang/reflect/TypeVariable
Event: 2.269 loading class java/lang/reflect/TypeVariable done
Event: 2.269 loading class java/lang/reflect/AnnotatedType
Event: 2.269 loading class java/lang/reflect/AnnotatedType done
Event: 2.279 loading class java/util/ComparableTimSort
Event: 2.279 loading class java/util/ComparableTimSort done


Dynamic libraries:
0x00007ff652e20000 - 0x00007ff652e2e000 	c:\Users\91993\.vscode\extensions\redhat.java-1.25.0-win32-x64\jre\17.0.9-win32-x86_64\bin\java.exe
0x00007ffdef8d0000 - 0x00007ffdefae7000 	C:\WINDOWS\SYSTEM32\ntdll.dll
0x00007ffded650000 - 0x00007ffded714000 	C:\WINDOWS\System32\KERNEL32.DLL
0x00007ffded1d0000 - 0x00007ffded575000 	C:\WINDOWS\System32\KERNELBASE.dll
0x00007ffdecd60000 - 0x00007ffdece71000 	C:\WINDOWS\System32\ucrtbase.dll
0x00007ffdde290000 - 0x00007ffdde2ab000 	c:\Users\91993\.vscode\extensions\redhat.java-1.25.0-win32-x64\jre\17.0.9-win32-x86_64\bin\VCRUNTIME140.dll
0x00007ffdde2b0000 - 0x00007ffdde2c7000 	c:\Users\91993\.vscode\extensions\redhat.java-1.25.0-win32-x64\jre\17.0.9-win32-x86_64\bin\jli.dll
0x00007ffdedd40000 - 0x00007ffdedeee000 	C:\WINDOWS\System32\USER32.dll
0x00007ffdd50a0000 - 0x00007ffdd5333000 	C:\WINDOWS\WinSxS\amd64_microsoft.windows.common-controls_6595b64144ccf1df_6.0.22621.2506_none_270c5ae97388e100\COMCTL32.dll
0x00007ffded5f0000 - 0x00007ffded616000 	C:\WINDOWS\System32\win32u.dll
0x00007ffdedc60000 - 0x00007ffdedd07000 	C:\WINDOWS\System32\msvcrt.dll
0x00007ffded620000 - 0x00007ffded649000 	C:\WINDOWS\System32\GDI32.dll
0x00007ffdecf40000 - 0x00007ffded059000 	C:\WINDOWS\System32\gdi32full.dll
0x00007ffdecc40000 - 0x00007ffdeccda000 	C:\WINDOWS\System32\msvcp_win.dll
0x00007ffdef850000 - 0x00007ffdef881000 	C:\WINDOWS\System32\IMM32.DLL
0x00007ffdde600000 - 0x00007ffdde60c000 	c:\Users\91993\.vscode\extensions\redhat.java-1.25.0-win32-x64\jre\17.0.9-win32-x86_64\bin\vcruntime140_1.dll
0x00007ffdc1e30000 - 0x00007ffdc1ebd000 	c:\Users\91993\.vscode\extensions\redhat.java-1.25.0-win32-x64\jre\17.0.9-win32-x86_64\bin\msvcp140.dll
0x00007ffd87420000 - 0x00007ffd88081000 	c:\Users\91993\.vscode\extensions\redhat.java-1.25.0-win32-x64\jre\17.0.9-win32-x86_64\bin\server\jvm.dll
0x00007ffdedf90000 - 0x00007ffdee041000 	C:\WINDOWS\System32\ADVAPI32.dll
0x00007ffdee760000 - 0x00007ffdee806000 	C:\WINDOWS\System32\sechost.dll
0x00007ffdef1a0000 - 0x00007ffdef2b7000 	C:\WINDOWS\System32\RPCRT4.dll
0x00007ffdecb10000 - 0x00007ffdecb5d000 	C:\WINDOWS\SYSTEM32\POWRPROF.dll
0x00007ffdcbe70000 - 0x00007ffdcbe79000 	C:\WINDOWS\SYSTEM32\WSOCK32.dll
0x00007ffdef120000 - 0x00007ffdef191000 	C:\WINDOWS\System32\WS2_32.dll
0x00007ffde1dc0000 - 0x00007ffde1df4000 	C:\WINDOWS\SYSTEM32\WINMM.dll
0x00007ffde1a40000 - 0x00007ffde1a4a000 	C:\WINDOWS\SYSTEM32\VERSION.dll
0x00007ffdecaf0000 - 0x00007ffdecb03000 	C:\WINDOWS\SYSTEM32\UMPDC.dll
0x00007ffdebba0000 - 0x00007ffdebbb8000 	C:\WINDOWS\SYSTEM32\kernel.appcore.dll
0x00007ffdde480000 - 0x00007ffdde48a000 	c:\Users\91993\.vscode\extensions\redhat.java-1.25.0-win32-x64\jre\17.0.9-win32-x86_64\bin\jimage.dll
0x00007ffde7210000 - 0x00007ffde7443000 	C:\WINDOWS\SYSTEM32\DBGHELP.DLL
0x00007ffdef4c0000 - 0x00007ffdef849000 	C:\WINDOWS\System32\combase.dll
0x00007ffded720000 - 0x00007ffded7f7000 	C:\WINDOWS\System32\OLEAUT32.dll
0x00007ffdc3610000 - 0x00007ffdc3642000 	C:\WINDOWS\SYSTEM32\dbgcore.DLL
0x00007ffdecce0000 - 0x00007ffdecd5a000 	C:\WINDOWS\System32\bcryptPrimitives.dll
0x00007ffdde1e0000 - 0x00007ffdde1ee000 	c:\Users\91993\.vscode\extensions\redhat.java-1.25.0-win32-x64\jre\17.0.9-win32-x86_64\bin\instrument.dll
0x00007ffddde00000 - 0x00007ffddde25000 	c:\Users\91993\.vscode\extensions\redhat.java-1.25.0-win32-x64\jre\17.0.9-win32-x86_64\bin\java.dll
0x00007ffdd5ad0000 - 0x00007ffdd5ae8000 	c:\Users\91993\.vscode\extensions\redhat.java-1.25.0-win32-x64\jre\17.0.9-win32-x86_64\bin\zip.dll
0x00007ffdee8c0000 - 0x00007ffdef119000 	C:\WINDOWS\System32\SHELL32.dll
0x00007ffdeab10000 - 0x00007ffdeb404000 	C:\WINDOWS\SYSTEM32\windows.storage.dll
0x00007ffdea9d0000 - 0x00007ffdeab0e000 	C:\WINDOWS\SYSTEM32\wintypes.dll
0x00007ffdee660000 - 0x00007ffdee753000 	C:\WINDOWS\System32\SHCORE.dll
0x00007ffded800000 - 0x00007ffded85e000 	C:\WINDOWS\System32\shlwapi.dll
0x00007ffdecb70000 - 0x00007ffdecb96000 	C:\WINDOWS\SYSTEM32\profapi.dll
0x00007ffdd5d30000 - 0x00007ffdd5d49000 	C:\Users\91993\.vscode\extensions\redhat.java-1.25.0-win32-x64\jre\17.0.9-win32-x86_64\bin\net.dll
0x00007ffde4900000 - 0x00007ffde4a37000 	C:\WINDOWS\SYSTEM32\WINHTTP.dll
0x00007ffdec0a0000 - 0x00007ffdec109000 	C:\WINDOWS\system32\mswsock.dll
0x00007ffdd5b30000 - 0x00007ffdd5b46000 	C:\Users\91993\.vscode\extensions\redhat.java-1.25.0-win32-x64\jre\17.0.9-win32-x86_64\bin\nio.dll
0x00007ffdddcd0000 - 0x00007ffdddce0000 	c:\Users\91993\.vscode\extensions\redhat.java-1.25.0-win32-x64\jre\17.0.9-win32-x86_64\bin\verify.dll

dbghelp: loaded successfully - version: 4.0.5 - missing functions: none
symbol engine: initialized successfully - sym options: 0x614 - pdb path: .;c:\Users\91993\.vscode\extensions\redhat.java-1.25.0-win32-x64\jre\17.0.9-win32-x86_64\bin;C:\WINDOWS\SYSTEM32;C:\WINDOWS\WinSxS\amd64_microsoft.windows.common-controls_6595b64144ccf1df_6.0.22621.2506_none_270c5ae97388e100;c:\Users\91993\.vscode\extensions\redhat.java-1.25.0-win32-x64\jre\17.0.9-win32-x86_64\bin\server

VM Arguments:
jvm_args: --add-modules=ALL-SYSTEM --add-opens=java.base/java.util=ALL-UNNAMED --add-opens=java.base/java.lang=ALL-UNNAMED --add-opens=java.base/sun.nio.fs=ALL-UNNAMED -Declipse.application=org.eclipse.jdt.ls.core.id1 -Dosgi.bundles.defaultStartLevel=4 -Declipse.product=org.eclipse.jdt.ls.core.product -Djava.import.generatesMetadataFilesAtProjectRoot=false -DDetectVMInstallationsJob.disabled=true -Dfile.encoding=utf8 -XX:+UseParallelGC -XX:GCTimeRatio=4 -XX:AdaptiveSizePolicyWeight=90 -Dsun.zip.disableMemoryMapping=true -Xmx1G -Xms100m -Xlog:disable -javaagent:c:\Users\91993\.vscode\extensions\redhat.java-1.25.0-win32-x64\lombok\lombok-1.18.30.jar -XX:+HeapDumpOnOutOfMemoryError -XX:HeapDumpPath=c:\Users\91993\AppData\Roaming\Code\User\workspaceStorage\244ba854a01daa398e900e74784e95ac\redhat.java -Daether.dependencyCollector.impl=bf 
java_command: c:\Users\91993\.vscode\extensions\redhat.java-1.25.0-win32-x64\server\plugins\org.eclipse.equinox.launcher_1.6.600.v20231012-1237.jar -configuration c:\Users\91993\AppData\Roaming\Code\User\globalStorage\redhat.java\1.25.0\config_win -data c:\Users\91993\AppData\Roaming\Code\User\workspaceStorage\244ba854a01daa398e900e74784e95ac\redhat.java\jdt_ws --stdio
java_class_path (initial): c:\Users\91993\.vscode\extensions\redhat.java-1.25.0-win32-x64\server\plugins\org.eclipse.equinox.launcher_1.6.600.v20231012-1237.jar
Launcher Type: SUN_STANDARD

[Global flags]
    uintx AdaptiveSizePolicyWeight                 = 90                                        {product} {command line}
     intx CICompilerCount                          = 4                                         {product} {ergonomic}
    uintx GCTimeRatio                              = 4                                         {product} {command line}
     bool HeapDumpOnOutOfMemoryError               = true                                   {manageable} {command line}
    ccstr HeapDumpPath                             = c:\Users\91993\AppData\Roaming\Code\User\workspaceStorage\244ba854a01daa398e900e74784e95ac\redhat.java         {manageable} {command line}
   size_t InitialHeapSize                          = 104857600                                 {product} {command line}
   size_t MaxHeapSize                              = 1073741824                                {product} {command line}
   size_t MaxNewSize                               = 357564416                                 {product} {ergonomic}
   size_t MinHeapDeltaBytes                        = 524288                                    {product} {ergonomic}
   size_t MinHeapSize                              = 104857600                                 {product} {command line}
   size_t NewSize                                  = 34603008                                  {product} {ergonomic}
    uintx NonNMethodCodeHeapSize                   = 5839372                                {pd product} {ergonomic}
    uintx NonProfiledCodeHeapSize                  = 122909434                              {pd product} {ergonomic}
   size_t OldSize                                  = 70254592                                  {product} {ergonomic}
    uintx ProfiledCodeHeapSize                     = 122909434                              {pd product} {ergonomic}
    uintx ReservedCodeCacheSize                    = 251658240                              {pd product} {ergonomic}
     bool SegmentedCodeCache                       = true                                      {product} {ergonomic}
   size_t SoftMaxHeapSize                          = 1073741824                             {manageable} {ergonomic}
     bool UseCompressedClassPointers               = true                           {product lp64_product} {ergonomic}
     bool UseCompressedOops                        = true                           {product lp64_product} {ergonomic}
     bool UseLargePagesIndividualAllocation        = false                                  {pd product} {ergonomic}
     bool UseParallelGC                            = true                                      {product} {command line}

Logging:
Log output configuration:
 #0: stdout all=off uptime,level,tags
 #1: stderr all=off uptime,level,tags

Environment Variables:
JAVA_HOME=C:\Program Files\Java\jdk-19
PATH=C:\Python311\Scripts\;C:\Python311\;C:\Program Files\Common Files\Oracle\Java\javapath;C:\Program Files (x86)\Common Files\Oracle\Java\javapath;C:\WINDOWS\system32;C:\WINDOWS;C:\WINDOWS\System32\Wbem;C:\WINDOWS\System32\WindowsPowerShell\v1.0\;C:\WINDOWS\System32\OpenSSH\;C:\msys64\mingw64\bin;C:\Users\91993\AppData\Local\Programs\Python\Python310\Scripts\;C:\Users\91993\AppData\Local\Programs\Python\Python310\;C:\Users\91993\AppData\Local\Programs\Python\Python310\Lib\site-packages;C:\Program Files\dotnet\;C:\Program Files\MySQL\MySQL Server 8.0\bin;C:\Program Files\Git\cmd;C:\ProgramData\chocolatey\bin;C:\Program Files\nodejs\;C:\Users\91993\AppData\Local\Android\Sdk\emulator;C:\Users\91993\AppData\Local\Android\Sdk\platform-tools;C:\Users\91993\AppData\Local\Android\Sdk\tools\bin;C:\Users\91993\AppData\Local\Android\Sdk\gradle-7.6\bin;C:\Program Files\PowerShell\7\;C:\Users\91993\AppData\Local\Programs\Python\Python39\Scripts\;C:\Users\91993\AppData\Local\Programs\Python\Python39\;C:\Users\91993\AppData\Local\Microsoft\WindowsApps;D:\Microsoft VS Code\bin;C:\Users\91993\AppData\Local\Programs\Microsoft VS Code\bin;C:\Program Files\Azure Data Studio\bin;C:\Users\91993\AppData\Roaming\Python\Python38\Scripts;C:\Users\91993\AppData\Roaming\Python\Python38;C:\Users\91993\AppData\Local\Programs\Python\Python38-32\Scripts;C:\msys64\mingw64\bin;C:\Users\91993\AppData\Local\Programs\Python\Python310\Lib\site-packages;C:\Users\91993\AppData\Local\Microsoft\WindowsApps;C:\Users\91993\AppData\Roaming\npm;C:\Users\91993\AppData\Roaming\Python\Python311\Scripts;D:\flutter\bin;C:\tools\dart-sdk\bin;C:\Users\91993\AppData\Local\Pub\Cache\bin;C:\Users\91993\AppData\Local\Android\Sdk\cmdline-tools\latest\bin;C:\Users\91993\AppData\Local\Android\Sdk\emulator;C:\Users\91993\AppData\Local\Android\Sdk\platform-tools;C:\Users\91993\AppData\Local\Android\Sdk\tools\bin;
USERNAME=91993
OS=Windows_NT
PROCESSOR_IDENTIFIER=Intel64 Family 6 Model 126 Stepping 5, GenuineIntel
TMP=C:\Users\91993\AppData\Local\Temp
TEMP=C:\Users\91993\AppData\Local\Temp



Periodic native trim disabled


---------------  S Y S T E M  ---------------

OS:
 Windows 11 , 64 bit Build 22621 (10.0.22621.2506)
OS uptime: 2 days 6:54 hours
Hyper-V role detected

CPU: total 8 (initial active 8) (4 cores per cpu, 2 threads per core) family 6 model 126 stepping 5 microcode 0xbc, cx8, cmov, fxsr, ht, mmx, 3dnowpref, sse, sse2, sse3, ssse3, sse4.1, sse4.2, popcnt, lzcnt, tsc, tscinvbit, avx, avx2, aes, erms, clmul, bmi1, bmi2, adx, avx512f, avx512dq, avx512cd, avx512bw, avx512vl, sha, fma, vzeroupper, avx512_vpopcntdq, avx512_vpclmulqdq, avx512_vaes, avx512_vnni, clflush, clflushopt, avx512_vbmi2, avx512_vbmi, hv
Processor Information for all 8 processors :
  Max Mhz: 1190, Current Mhz: 991, Mhz Limit: 987

Memory: 4k page, system-wide physical 7946M (268M free)
TotalPageFile size 9994M (AvailPageFile size 2M)
current process WorkingSet (physical memory assigned to process): 78M, peak: 78M
current process commit charge ("private bytes"): 200M, peak: 200M

vm_info: OpenJDK 64-Bit Server VM (17.0.9+9) for windows-amd64 JRE (17.0.9+9), built on Oct 26 2023 14:01:42 by "admin" with MS VC++ 16.10 / 16.11 (VS2019)

END.
