#
# There is insufficient memory for the Java Runtime Environment to continue.
# Native memory allocation (malloc) failed to allocate 2090368 bytes for Chunk::new
# Possible reasons:
#   The system is out of physical RAM or swap space
#   The process is running with CompressedOops enabled, and the Java Heap may be blocking the growth of the native heap
# Possible solutions:
#   Reduce memory load on the system
#   Increase physical memory or swap space
#   Check if swap backing store is full
#   Decrease Java heap size (-Xmx/-Xms)
#   Decrease number of Java threads
#   Decrease Java thread stack sizes (-Xss)
#   Set larger code cache with -XX:ReservedCodeCacheSize=
#   JVM is running with Unscaled Compressed Oops mode in which the Java heap is
#     placed in the first 4GB address space. The Java Heap base address is the
#     maximum limit for the native heap growth. Please use -XX:HeapBaseMinAddress
#     to set the Java Heap base and to place the Java Heap above 4GB virtual address.
# This output file may be truncated or incomplete.
#
#  Out of Memory Error (arena.cpp:189), pid=6408, tid=15296
#
# JRE version: OpenJDK Runtime Environment Temurin-17.0.8.1+1 (17.0.8.1+1) (build 17.0.8.1+1)
# Java VM: OpenJDK 64-Bit Server VM Temurin-17.0.8.1+1 (17.0.8.1+1, mixed mode, tiered, compressed oops, compressed class ptrs, parallel gc, windows-amd64)
# No core dump will be written. Minidumps are not enabled by default on client versions of Windows
#

---------------  S U M M A R Y ------------

Command Line: --add-modules=ALL-SYSTEM --add-opens=java.base/java.util=ALL-UNNAMED --add-opens=java.base/java.lang=ALL-UNNAMED --add-opens=java.base/sun.nio.fs=ALL-UNNAMED -Declipse.application=org.eclipse.jdt.ls.core.id1 -Dosgi.bundles.defaultStartLevel=4 -Declipse.product=org.eclipse.jdt.ls.core.product -Djava.import.generatesMetadataFilesAtProjectRoot=false -DDetectVMInstallationsJob.disabled=true -Dfile.encoding=utf8 -XX:+UseParallelGC -XX:GCTimeRatio=4 -XX:AdaptiveSizePolicyWeight=90 -Dsun.zip.disableMemoryMapping=true -Xmx1G -Xms100m -Xlog:disable -javaagent:c:\Users\91993\.vscode\extensions\redhat.java-1.24.0-win32-x64\lombok\lombok-1.18.30.jar -XX:+HeapDumpOnOutOfMemoryError -XX:HeapDumpPath=c:\Users\91993\AppData\Roaming\Code\User\workspaceStorage\244ba854a01daa398e900e74784e95ac\redhat.java -Daether.dependencyCollector.impl=bf c:\Users\91993\.vscode\extensions\redhat.java-1.24.0-win32-x64\server\plugins\org.eclipse.equinox.launcher_1.6.500.v20230717-2134.jar -configuration c:\Users\91993\AppData\Roaming\Code\User\globalStorage\redhat.java\1.24.0\config_win -data c:\Users\91993\AppData\Roaming\Code\User\workspaceStorage\244ba854a01daa398e900e74784e95ac\redhat.java\jdt_ws --stdio

Host: Intel(R) Core(TM) i5-1035G1 CPU @ 1.00GHz, 8 cores, 7G,  Windows 11 , 64 bit Build 22621 (10.0.22621.2506)
Time: Thu Nov 30 17:04:53 2023 India Standard Time elapsed time: 14.936155 seconds (0d 0h 0m 14s)

---------------  T H R E A D  ---------------

Current thread (0x0000018aae0856b0):  JavaThread "C2 CompilerThread1" daemon [_thread_in_native, id=15296, stack(0x00000028b5b00000,0x00000028b5c00000)]


Current CompileTask:
C2:  14936 7187   !   4       org.eclipse.jdt.internal.core.search.indexing.BinaryIndexer::indexDocument (1150 bytes)

Stack: [0x00000028b5b00000,0x00000028b5c00000]
Native frames: (J=compiled Java code, j=interpreted, Vv=VM code, C=native code)
V  [jvm.dll+0x678b0a]
V  [jvm.dll+0x835e84]
V  [jvm.dll+0x83762e]
V  [jvm.dll+0x837c93]
V  [jvm.dll+0x24746f]
V  [jvm.dll+0xac20c]
V  [jvm.dll+0xac7dc]
V  [jvm.dll+0x365ca7]
V  [jvm.dll+0x3301a1]
V  [jvm.dll+0x32f64a]
V  [jvm.dll+0x219bf1]
V  [jvm.dll+0x219011]
V  [jvm.dll+0x1a534d]
V  [jvm.dll+0x228d8a]
V  [jvm.dll+0x226dcc]
V  [jvm.dll+0x7ec09b]
V  [jvm.dll+0x7e64ca]
V  [jvm.dll+0x677955]
C  [ucrtbase.dll+0x29363]
C  [KERNEL32.DLL+0x1257d]
C  [ntdll.dll+0x5aa58]


---------------  P R O C E S S  ---------------

Threads class SMR info:
_java_thread_list=0x0000018ab0df3e00, length=39, elements={
0x0000018a92cabb90, 0x0000018a92d5bf80, 0x0000018a92d5e910, 0x0000018aabc13010,
0x0000018aabc15090, 0x0000018aabc15b60, 0x0000018aabc1a2d0, 0x0000018aabc1d780,
0x0000018aabc37830, 0x0000018aabc88020, 0x0000018aabd39eb0, 0x0000018aabf9db10,
0x0000018aad2f3780, 0x0000018aad7d14c0, 0x0000018aadd17710, 0x0000018aade2e3c0,
0x0000018aad631900, 0x0000018aad6309d0, 0x0000018aad632320, 0x0000018aad630ee0,
0x0000018aae0856b0, 0x0000018aad6313f0, 0x0000018aad631e10, 0x0000018aad632830,
0x0000018aad62faa0, 0x0000018aad62ffb0, 0x0000018aae401780, 0x0000018aae401270,
0x0000018aae3ff410, 0x0000018aae401c90, 0x0000018aae3ffe30, 0x0000018aae3fef00,
0x0000018aae400340, 0x0000018aae4021a0, 0x0000018aae400850, 0x0000018aae402bc0,
0x0000018aae406880, 0x0000018aae405440, 0x0000018aae400d60
}

Java Threads: ( => current thread )
  0x0000018a92cabb90 JavaThread "main" [_thread_blocked, id=15920, stack(0x00000028b3b00000,0x00000028b3c00000)]
  0x0000018a92d5bf80 JavaThread "Reference Handler" daemon [_thread_blocked, id=6900, stack(0x00000028b3e00000,0x00000028b3f00000)]
  0x0000018a92d5e910 JavaThread "Finalizer" daemon [_thread_blocked, id=10952, stack(0x00000028b3f00000,0x00000028b4000000)]
  0x0000018aabc13010 JavaThread "Signal Dispatcher" daemon [_thread_blocked, id=16524, stack(0x00000028b4100000,0x00000028b4200000)]
  0x0000018aabc15090 JavaThread "Attach Listener" daemon [_thread_blocked, id=1100, stack(0x00000028b4200000,0x00000028b4300000)]
  0x0000018aabc15b60 JavaThread "Service Thread" daemon [_thread_blocked, id=17252, stack(0x00000028b4300000,0x00000028b4400000)]
  0x0000018aabc1a2d0 JavaThread "Monitor Deflation Thread" daemon [_thread_blocked, id=13268, stack(0x00000028b4400000,0x00000028b4500000)]
  0x0000018aabc1d780 JavaThread "C2 CompilerThread0" daemon [_thread_in_native, id=15692, stack(0x00000028b4500000,0x00000028b4600000)]
  0x0000018aabc37830 JavaThread "C1 CompilerThread0" daemon [_thread_blocked, id=8756, stack(0x00000028b4600000,0x00000028b4700000)]
  0x0000018aabc88020 JavaThread "Sweeper thread" daemon [_thread_blocked, id=15264, stack(0x00000028b4700000,0x00000028b4800000)]
  0x0000018aabd39eb0 JavaThread "Common-Cleaner" daemon [_thread_blocked, id=10972, stack(0x00000028b4800000,0x00000028b4900000)]
  0x0000018aabf9db10 JavaThread "Notification Thread" daemon [_thread_blocked, id=8284, stack(0x00000028b4a00000,0x00000028b4b00000)]
  0x0000018aad2f3780 JavaThread "Active Thread: Equinox Container: 79924e25-98bf-47e7-827e-a43174f8f891" [_thread_blocked, id=14240, stack(0x00000028b5300000,0x00000028b5400000)]
  0x0000018aad7d14c0 JavaThread "Framework Event Dispatcher: Equinox Container: 79924e25-98bf-47e7-827e-a43174f8f891" daemon [_thread_blocked, id=14088, stack(0x00000028b5400000,0x00000028b5500000)]
  0x0000018aadd17710 JavaThread "Start Level: Equinox Container: 79924e25-98bf-47e7-827e-a43174f8f891" daemon [_thread_blocked, id=16488, stack(0x00000028b5500000,0x00000028b5600000)]
  0x0000018aade2e3c0 JavaThread "Bundle File Closer" daemon [_thread_blocked, id=16476, stack(0x00000028b5700000,0x00000028b5800000)]
  0x0000018aad631900 JavaThread "SCR Component Actor" daemon [_thread_blocked, id=17260, stack(0x00000028b5200000,0x00000028b5300000)]
  0x0000018aad6309d0 JavaThread "Worker-JM" [_thread_blocked, id=2756, stack(0x00000028b5100000,0x00000028b5200000)]
  0x0000018aad632320 JavaThread "Worker-0" [_thread_blocked, id=14468, stack(0x00000028b5900000,0x00000028b5a00000)]
  0x0000018aad630ee0 JavaThread "Worker-1: Initialize workspace" [_thread_blocked, id=16624, stack(0x00000028b5a00000,0x00000028b5b00000)]
=>0x0000018aae0856b0 JavaThread "C2 CompilerThread1" daemon [_thread_in_native, id=15296, stack(0x00000028b5b00000,0x00000028b5c00000)]
  0x0000018aad6313f0 JavaThread "Java indexing" daemon [_thread_in_Java, id=9340, stack(0x00000028b5c00000,0x00000028b5d00000)]
  0x0000018aad631e10 JavaThread "Worker-2: Java indexing... " [_thread_blocked, id=17344, stack(0x00000028b5d00000,0x00000028b5e00000)]
  0x0000018aad632830 JavaThread "Worker-3" [_thread_blocked, id=1492, stack(0x00000028b5e00000,0x00000028b5f00000)]
  0x0000018aad62faa0 JavaThread "JNA Cleaner" daemon [_thread_blocked, id=4412, stack(0x00000028b5f00000,0x00000028b6000000)]
  0x0000018aad62ffb0 JavaThread "pool-2-thread-1" [_thread_blocked, id=8632, stack(0x00000028b6000000,0x00000028b6100000)]
  0x0000018aae401780 JavaThread "WorkspaceEventsHandler" [_thread_blocked, id=4580, stack(0x00000028b6100000,0x00000028b6200000)]
  0x0000018aae401270 JavaThread "pool-1-thread-1" [_thread_in_native, id=7140, stack(0x00000028b6200000,0x00000028b6300000)]
  0x0000018aae3ff410 JavaThread "Timer-0" [_thread_blocked, id=11088, stack(0x00000028b5800000,0x00000028b5900000)]
  0x0000018aae401c90 JavaThread "Worker-4" [_thread_blocked, id=14972, stack(0x00000028b6400000,0x00000028b6500000)]
  0x0000018aae3ffe30 JavaThread "Exec process" [_thread_blocked, id=12500, stack(0x00000028b6500000,0x00000028b6600000)]
  0x0000018aae3fef00 JavaThread "Exec process Thread 2" [_thread_blocked, id=5620, stack(0x00000028b6600000,0x00000028b6700000)]
  0x0000018aae400340 JavaThread "Exec process Thread 3" [_thread_blocked, id=7044, stack(0x00000028b6700000,0x00000028b6800000)]
  0x0000018aae4021a0 JavaThread "Timer-1" [_thread_blocked, id=10408, stack(0x00000028b6300000,0x00000028b6400000)]
  0x0000018aae400850 JavaThread "Worker-5" [_thread_blocked, id=5072, stack(0x00000028b6800000,0x00000028b6900000)]
  0x0000018aae402bc0 JavaThread "ForkJoinPool.commonPool-worker-1" daemon [_thread_in_Java, id=4520, stack(0x00000028b6900000,0x00000028b6a00000)]
  0x0000018aae406880 JavaThread "ForkJoinPool.commonPool-worker-2" daemon [_thread_blocked, id=16720, stack(0x00000028b6a00000,0x00000028b6b00000)]
  0x0000018aae405440 JavaThread "ForkJoinPool.commonPool-worker-3" daemon [_thread_blocked, id=6960, stack(0x00000028b6b00000,0x00000028b6c00000)]
  0x0000018aae400d60 JavaThread "ForkJoinPool.commonPool-worker-4" daemon [_thread_blocked, id=10348, stack(0x00000028b6c00000,0x00000028b6d00000)]

Other Threads:
  0x0000018aabbf14b0 VMThread "VM Thread" [stack: 0x00000028b3d00000,0x00000028b3e00000] [id=16168]
  0x0000018aabf9dff0 WatcherThread [stack: 0x00000028b4b00000,0x00000028b4c00000] [id=17080]
  0x0000018a92cc2830 GCTaskThread "GC Thread#0" [stack: 0x00000028b3c00000,0x00000028b3d00000] [id=14920]
  0x0000018aad1761e0 GCTaskThread "GC Thread#1" [stack: 0x00000028b4900000,0x00000028b4a00000] [id=8096]
  0x0000018aad1764a0 GCTaskThread "GC Thread#2" [stack: 0x00000028b4c00000,0x00000028b4d00000] [id=12960]
  0x0000018aad2e2480 GCTaskThread "GC Thread#3" [stack: 0x00000028b4d00000,0x00000028b4e00000] [id=16408]
  0x0000018aad2e2740 GCTaskThread "GC Thread#4" [stack: 0x00000028b4e00000,0x00000028b4f00000] [id=16144]
  0x0000018aad2e3210 GCTaskThread "GC Thread#5" [stack: 0x00000028b4f00000,0x00000028b5000000] [id=1964]
  0x0000018aad2e34d0 GCTaskThread "GC Thread#6" [stack: 0x00000028b5000000,0x00000028b5100000] [id=13104]
  0x0000018aad7aac00 GCTaskThread "GC Thread#7" [stack: 0x00000028b5600000,0x00000028b5700000] [id=10284]

Threads with active compile tasks:
C2 CompilerThread0    14978 7434       4       org.eclipse.jdt.internal.compiler.util.JrtFileSystem$2::visitFile (72 bytes)
C2 CompilerThread1    14978 7187   !   4       org.eclipse.jdt.internal.core.search.indexing.BinaryIndexer::indexDocument (1150 bytes)

VM state: not at safepoint (normal execution)

VM Mutex/Monitor currently owned by a thread: None

Heap address: 0x00000000c0000000, size: 1024 MB, Compressed Oops mode: 32-bit

CDS archive(s) not mapped
Compressed class space mapped at: 0x0000000100000000-0x0000000140000000, reserved size: 1073741824
Narrow klass base: 0x0000000000000000, Narrow klass shift: 3, Narrow klass range: 0x140000000

GC Precious Log:
 CPUs: 8 total, 8 available
 Memory: 7946M
 Large Page Support: Disabled
 NUMA Support: Disabled
 Compressed Oops: Enabled (32-bit)
 Alignments: Space 512K, Generation 512K, Heap 2M
 Heap Min Capacity: 100M
 Heap Initial Capacity: 100M
 Heap Max Capacity: 1G
 Pre-touch: Disabled
 Parallel Workers: 8

Heap:
 PSYoungGen      total 11776K, used 4195K [0x00000000eab00000, 0x00000000eb780000, 0x0000000100000000)
  eden space 10752K, 32% used [0x00000000eab00000,0x00000000eae74d28,0x00000000eb580000)
  from space 1024K, 64% used [0x00000000eb580000,0x00000000eb624010,0x00000000eb680000)
  to   space 1024K, 0% used [0x00000000eb680000,0x00000000eb680000,0x00000000eb780000)
 ParOldGen       total 114688K, used 94206K [0x00000000c0000000, 0x00000000c7000000, 0x00000000eab00000)
  object space 114688K, 82% used [0x00000000c0000000,0x00000000c5bffba8,0x00000000c7000000)
 Metaspace       used 62739K, committed 63872K, reserved 1114112K
  class space    used 7215K, committed 7680K, reserved 1048576K

Card table byte_map: [0x0000018a92670000,0x0000018a92880000] _byte_map_base: 0x0000018a92070000

Marking Bits: (ParMarkBitMap*) 0x00007ffd9d1983a0
 Begin Bits: [0x0000018aa4920000, 0x0000018aa5920000)
 End Bits:   [0x0000018aa5920000, 0x0000018aa6920000)

Polling page: 0x0000018a92460000

Metaspace:

Usage:
  Non-class:     54.22 MB used.
      Class:      7.05 MB used.
       Both:     61.27 MB used.

Virtual space:
  Non-class space:       64.00 MB reserved,      54.88 MB ( 86%) committed,  1 nodes.
      Class space:        1.00 GB reserved,       7.50 MB ( <1%) committed,  1 nodes.
             Both:        1.06 GB reserved,      62.38 MB (  6%) committed. 

Chunk freelists:
   Non-Class:  8.72 MB
       Class:  8.54 MB
        Both:  17.26 MB

MaxMetaspaceSize: unlimited
CompressedClassSpaceSize: 1.00 GB
Initial GC threshold: 21.00 MB
Current GC threshold: 101.69 MB
CDS: off
MetaspaceReclaimPolicy: balanced
 - commit_granule_bytes: 65536.
 - commit_granule_words: 8192.
 - virtual_space_node_default_size: 8388608.
 - enlarge_chunks_in_place: 1.
 - new_chunks_are_fully_committed: 0.
 - uncommit_free_chunks: 1.
 - use_allocation_guard: 0.
 - handle_deallocations: 1.


Internal statistics:

num_allocs_failed_limit: 10.
num_arena_births: 548.
num_arena_deaths: 14.
num_vsnodes_births: 2.
num_vsnodes_deaths: 0.
num_space_committed: 998.
num_space_uncommitted: 0.
num_chunks_returned_to_freelist: 24.
num_chunks_taken_from_freelist: 2971.
num_chunk_merges: 14.
num_chunk_splits: 1906.
num_chunks_enlarged: 1198.
num_inconsistent_stats: 0.

CodeHeap 'non-profiled nmethods': size=120000Kb used=3931Kb max_used=3931Kb free=116068Kb
 bounds [0x0000018a9d3f0000, 0x0000018a9d7d0000, 0x0000018aa4920000]
CodeHeap 'profiled nmethods': size=120000Kb used=14024Kb max_used=14024Kb free=105976Kb
 bounds [0x0000018a95920000, 0x0000018a966e0000, 0x0000018a9ce50000]
CodeHeap 'non-nmethods': size=5760Kb used=1317Kb max_used=1391Kb free=4442Kb
 bounds [0x0000018a9ce50000, 0x0000018a9d0c0000, 0x0000018a9d3f0000]
 total_blobs=7315 nmethods=6674 adapters=553
 compilation: enabled
              stopped_count=0, restarted_count=0
 full_count=0

Compilation events (20 events):
Event: 14.905 Thread 0x0000018aabc37830 7428       2       com.sun.org.apache.xerces.internal.util.XMLResourceIdentifierImpl::setValues (28 bytes)
Event: 14.905 Thread 0x0000018aabc37830 nmethod 7428 0x0000018a966d0290 code [0x0000018a966d0420, 0x0000018a966d0598]
Event: 14.906 Thread 0x0000018aabc37830 7430       2       java.io.PrintStream::ensureOpen (18 bytes)
Event: 14.907 Thread 0x0000018aabc37830 nmethod 7430 0x0000018a966d0610 code [0x0000018a966d07c0, 0x0000018a966d0988]
Event: 14.909 Thread 0x0000018aabc37830 7431       2       org.eclipse.jdt.internal.core.builder.ClasspathJrt$JrtPackageVisitor::visitPackage (14 bytes)
Event: 14.909 Thread 0x0000018aabc37830 nmethod 7431 0x0000018a966d0a90 code [0x0000018a966d0c40, 0x0000018a966d0e58]
Event: 14.909 Thread 0x0000018aabc37830 7432       2       org.eclipse.jdt.internal.core.builder.ClasspathJrt$JrtPackageVisitor::visitPackage (18 bytes)
Event: 14.910 Thread 0x0000018aabc37830 nmethod 7432 0x0000018a966d0f90 code [0x0000018a966d1140, 0x0000018a966d1298]
Event: 14.917 Thread 0x0000018aabc1d780 nmethod 7213 0x0000018a9d7c0c10 code [0x0000018a9d7c0de0, 0x0000018a9d7c1c28]
Event: 14.917 Thread 0x0000018aabc1d780 7315       4       org.eclipse.jdt.internal.core.JavaElement::setParent (22 bytes)
Event: 14.918 Thread 0x0000018aabc1d780 nmethod 7315 0x0000018a9d7c2510 code [0x0000018a9d7c26a0, 0x0000018a9d7c2798]
Event: 14.919 Thread 0x0000018aabc1d780 7269       4       java.util.ArrayDeque::sub (14 bytes)
Event: 14.919 Thread 0x0000018aabc37830 7433       2       org.eclipse.jdt.internal.core.builder.ClasspathJar::addToPackageSet (52 bytes)
Event: 14.919 Thread 0x0000018aabc1d780 nmethod 7269 0x0000018a9d7c2890 code [0x0000018a9d7c2a00, 0x0000018a9d7c2a78]
Event: 14.919 Thread 0x0000018aabc1d780 7318       4       jdk.internal.jrtfs.JrtPath::match (50 bytes)
Event: 14.920 Thread 0x0000018aabc37830 nmethod 7433 0x0000018a966d1390 code [0x0000018a966d1580, 0x0000018a966d18d8]
Event: 14.920 Thread 0x0000018aabc1d780 nmethod 7318 0x0000018a9d7c2b90 code [0x0000018a9d7c2d00, 0x0000018a9d7c2dd8]
Event: 14.920 Thread 0x0000018aabc1d780 7214       4       org.eclipse.jdt.internal.compiler.classfmt.FieldInfo::getTypeName (46 bytes)
Event: 14.928 Thread 0x0000018aabc1d780 nmethod 7214 0x0000018a9d7c2e90 code [0x0000018a9d7c3020, 0x0000018a9d7c34b8]
Event: 14.928 Thread 0x0000018aabc1d780 7174  s    4       sun.nio.ch.ChannelInputStream::read (77 bytes)

GC Heap History (20 events):
Event: 14.356 GC heap before
{Heap before GC invocations=51 (full 3):
 PSYoungGen      total 12800K, used 12778K [0x00000000eab00000, 0x00000000ebf00000, 0x0000000100000000)
  eden space 11264K, 100% used [0x00000000eab00000,0x00000000eb600000,0x00000000eb600000)
  from space 1536K, 98% used [0x00000000eba00000,0x00000000ebb7a810,0x00000000ebb80000)
  to   space 4096K, 0% used [0x00000000eb600000,0x00000000eb600000,0x00000000eba00000)
 ParOldGen       total 88576K, used 82711K [0x00000000c0000000, 0x00000000c5680000, 0x00000000eab00000)
  object space 88576K, 93% used [0x00000000c0000000,0x00000000c50c5cc8,0x00000000c5680000)
 Metaspace       used 61441K, committed 62464K, reserved 1114112K
  class space    used 7080K, committed 7552K, reserved 1048576K
}
Event: 14.358 GC heap after
{Heap after GC invocations=51 (full 3):
 PSYoungGen      total 12800K, used 1519K [0x00000000eab00000, 0x00000000ebb00000, 0x0000000100000000)
  eden space 11264K, 0% used [0x00000000eab00000,0x00000000eab00000,0x00000000eb600000)
  from space 1536K, 98% used [0x00000000eb600000,0x00000000eb77bf28,0x00000000eb780000)
  to   space 2560K, 0% used [0x00000000eb880000,0x00000000eb880000,0x00000000ebb00000)
 ParOldGen       total 88576K, used 84221K [0x00000000c0000000, 0x00000000c5680000, 0x00000000eab00000)
  object space 88576K, 95% used [0x00000000c0000000,0x00000000c523f7f8,0x00000000c5680000)
 Metaspace       used 61441K, committed 62464K, reserved 1114112K
  class space    used 7080K, committed 7552K, reserved 1048576K
}
Event: 14.408 GC heap before
{Heap before GC invocations=52 (full 3):
 PSYoungGen      total 12800K, used 12783K [0x00000000eab00000, 0x00000000ebb00000, 0x0000000100000000)
  eden space 11264K, 100% used [0x00000000eab00000,0x00000000eb600000,0x00000000eb600000)
  from space 1536K, 98% used [0x00000000eb600000,0x00000000eb77bf28,0x00000000eb780000)
  to   space 2560K, 0% used [0x00000000eb880000,0x00000000eb880000,0x00000000ebb00000)
 ParOldGen       total 88576K, used 84221K [0x00000000c0000000, 0x00000000c5680000, 0x00000000eab00000)
  object space 88576K, 95% used [0x00000000c0000000,0x00000000c523f7f8,0x00000000c5680000)
 Metaspace       used 61442K, committed 62464K, reserved 1114112K
  class space    used 7080K, committed 7552K, reserved 1048576K
}
Event: 14.409 GC heap after
{Heap after GC invocations=52 (full 3):
 PSYoungGen      total 12800K, used 1447K [0x00000000eab00000, 0x00000000eba00000, 0x0000000100000000)
  eden space 11264K, 0% used [0x00000000eab00000,0x00000000eab00000,0x00000000eb600000)
  from space 1536K, 94% used [0x00000000eb880000,0x00000000eb9e9df0,0x00000000eba00000)
  to   space 2048K, 0% used [0x00000000eb600000,0x00000000eb600000,0x00000000eb800000)
 ParOldGen       total 88576K, used 85608K [0x00000000c0000000, 0x00000000c5680000, 0x00000000eab00000)
  object space 88576K, 96% used [0x00000000c0000000,0x00000000c539a298,0x00000000c5680000)
 Metaspace       used 61442K, committed 62464K, reserved 1114112K
  class space    used 7080K, committed 7552K, reserved 1048576K
}
Event: 14.459 GC heap before
{Heap before GC invocations=53 (full 3):
 PSYoungGen      total 12800K, used 12711K [0x00000000eab00000, 0x00000000eba00000, 0x0000000100000000)
  eden space 11264K, 100% used [0x00000000eab00000,0x00000000eb600000,0x00000000eb600000)
  from space 1536K, 94% used [0x00000000eb880000,0x00000000eb9e9df0,0x00000000eba00000)
  to   space 2048K, 0% used [0x00000000eb600000,0x00000000eb600000,0x00000000eb800000)
 ParOldGen       total 88576K, used 85608K [0x00000000c0000000, 0x00000000c5680000, 0x00000000eab00000)
  object space 88576K, 96% used [0x00000000c0000000,0x00000000c539a298,0x00000000c5680000)
 Metaspace       used 61442K, committed 62464K, reserved 1114112K
  class space    used 7080K, committed 7552K, reserved 1048576K
}
Event: 14.461 GC heap after
{Heap after GC invocations=53 (full 3):
 PSYoungGen      total 12800K, used 1467K [0x00000000eab00000, 0x00000000eb900000, 0x0000000100000000)
  eden space 11264K, 0% used [0x00000000eab00000,0x00000000eab00000,0x00000000eb600000)
  from space 1536K, 95% used [0x00000000eb600000,0x00000000eb76ee40,0x00000000eb780000)
  to   space 1536K, 0% used [0x00000000eb780000,0x00000000eb780000,0x00000000eb900000)
 ParOldGen       total 88576K, used 86962K [0x00000000c0000000, 0x00000000c5680000, 0x00000000eab00000)
  object space 88576K, 98% used [0x00000000c0000000,0x00000000c54ecbc8,0x00000000c5680000)
 Metaspace       used 61442K, committed 62464K, reserved 1114112K
  class space    used 7080K, committed 7552K, reserved 1048576K
}
Event: 14.508 GC heap before
{Heap before GC invocations=54 (full 3):
 PSYoungGen      total 12800K, used 12731K [0x00000000eab00000, 0x00000000eb900000, 0x0000000100000000)
  eden space 11264K, 100% used [0x00000000eab00000,0x00000000eb600000,0x00000000eb600000)
  from space 1536K, 95% used [0x00000000eb600000,0x00000000eb76ee40,0x00000000eb780000)
  to   space 1536K, 0% used [0x00000000eb780000,0x00000000eb780000,0x00000000eb900000)
 ParOldGen       total 88576K, used 86962K [0x00000000c0000000, 0x00000000c5680000, 0x00000000eab00000)
  object space 88576K, 98% used [0x00000000c0000000,0x00000000c54ecbc8,0x00000000c5680000)
 Metaspace       used 61442K, committed 62464K, reserved 1114112K
  class space    used 7080K, committed 7552K, reserved 1048576K
}
Event: 14.510 GC heap after
{Heap after GC invocations=54 (full 3):
 PSYoungGen      total 12800K, used 1407K [0x00000000eab00000, 0x00000000eb900000, 0x0000000100000000)
  eden space 11264K, 0% used [0x00000000eab00000,0x00000000eab00000,0x00000000eb600000)
  from space 1536K, 91% used [0x00000000eb780000,0x00000000eb8dfe10,0x00000000eb900000)
  to   space 1536K, 0% used [0x00000000eb600000,0x00000000eb600000,0x00000000eb780000)
 ParOldGen       total 89088K, used 88598K [0x00000000c0000000, 0x00000000c5700000, 0x00000000eab00000)
  object space 89088K, 99% used [0x00000000c0000000,0x00000000c56859c8,0x00000000c5700000)
 Metaspace       used 61442K, committed 62464K, reserved 1114112K
  class space    used 7080K, committed 7552K, reserved 1048576K
}
Event: 14.510 GC heap before
{Heap before GC invocations=55 (full 4):
 PSYoungGen      total 12800K, used 1407K [0x00000000eab00000, 0x00000000eb900000, 0x0000000100000000)
  eden space 11264K, 0% used [0x00000000eab00000,0x00000000eab00000,0x00000000eb600000)
  from space 1536K, 91% used [0x00000000eb780000,0x00000000eb8dfe10,0x00000000eb900000)
  to   space 1536K, 0% used [0x00000000eb600000,0x00000000eb600000,0x00000000eb780000)
 ParOldGen       total 89088K, used 88598K [0x00000000c0000000, 0x00000000c5700000, 0x00000000eab00000)
  object space 89088K, 99% used [0x00000000c0000000,0x00000000c56859c8,0x00000000c5700000)
 Metaspace       used 61442K, committed 62464K, reserved 1114112K
  class space    used 7080K, committed 7552K, reserved 1048576K
}
Event: 14.563 GC heap after
{Heap after GC invocations=55 (full 4):
 PSYoungGen      total 12800K, used 0K [0x00000000eab00000, 0x00000000eb900000, 0x0000000100000000)
  eden space 11264K, 0% used [0x00000000eab00000,0x00000000eab00000,0x00000000eb600000)
  from space 1536K, 0% used [0x00000000eb600000,0x00000000eb600000,0x00000000eb780000)
  to   space 1536K, 0% used [0x00000000eb780000,0x00000000eb780000,0x00000000eb900000)
 ParOldGen       total 114688K, used 88059K [0x00000000c0000000, 0x00000000c7000000, 0x00000000eab00000)
  object space 114688K, 76% used [0x00000000c0000000,0x00000000c55fed08,0x00000000c7000000)
 Metaspace       used 61442K, committed 62464K, reserved 1114112K
  class space    used 7080K, committed 7552K, reserved 1048576K
}
Event: 14.650 GC heap before
{Heap before GC invocations=56 (full 4):
 PSYoungGen      total 12800K, used 11264K [0x00000000eab00000, 0x00000000eb900000, 0x0000000100000000)
  eden space 11264K, 100% used [0x00000000eab00000,0x00000000eb600000,0x00000000eb600000)
  from space 1536K, 0% used [0x00000000eb600000,0x00000000eb600000,0x00000000eb780000)
  to   space 1536K, 0% used [0x00000000eb780000,0x00000000eb780000,0x00000000eb900000)
 ParOldGen       total 114688K, used 88059K [0x00000000c0000000, 0x00000000c7000000, 0x00000000eab00000)
  object space 114688K, 76% used [0x00000000c0000000,0x00000000c55fed08,0x00000000c7000000)
 Metaspace       used 61626K, committed 62656K, reserved 1114112K
  class space    used 7100K, committed 7552K, reserved 1048576K
}
Event: 14.653 GC heap after
{Heap after GC invocations=56 (full 4):
 PSYoungGen      total 12288K, used 1535K [0x00000000eab00000, 0x00000000eba00000, 0x0000000100000000)
  eden space 10752K, 0% used [0x00000000eab00000,0x00000000eab00000,0x00000000eb580000)
  from space 1536K, 99% used [0x00000000eb780000,0x00000000eb8ffea8,0x00000000eb900000)
  to   space 2048K, 0% used [0x00000000eb580000,0x00000000eb580000,0x00000000eb780000)
 ParOldGen       total 114688K, used 88420K [0x00000000c0000000, 0x00000000c7000000, 0x00000000eab00000)
  object space 114688K, 77% used [0x00000000c0000000,0x00000000c5659040,0x00000000c7000000)
 Metaspace       used 61626K, committed 62656K, reserved 1114112K
  class space    used 7100K, committed 7552K, reserved 1048576K
}
Event: 14.695 GC heap before
{Heap before GC invocations=57 (full 4):
 PSYoungGen      total 12288K, used 12287K [0x00000000eab00000, 0x00000000eba00000, 0x0000000100000000)
  eden space 10752K, 99% used [0x00000000eab00000,0x00000000eb57ffe0,0x00000000eb580000)
  from space 1536K, 99% used [0x00000000eb780000,0x00000000eb8ffea8,0x00000000eb900000)
  to   space 2048K, 0% used [0x00000000eb580000,0x00000000eb580000,0x00000000eb780000)
 ParOldGen       total 114688K, used 88420K [0x00000000c0000000, 0x00000000c7000000, 0x00000000eab00000)
  object space 114688K, 77% used [0x00000000c0000000,0x00000000c5659040,0x00000000c7000000)
 Metaspace       used 61799K, committed 62784K, reserved 1114112K
  class space    used 7115K, committed 7552K, reserved 1048576K
}
Event: 14.697 GC heap after
{Heap after GC invocations=57 (full 4):
 PSYoungGen      total 11776K, used 951K [0x00000000eab00000, 0x00000000eb880000, 0x0000000100000000)
  eden space 10752K, 0% used [0x00000000eab00000,0x00000000eab00000,0x00000000eb580000)
  from space 1024K, 92% used [0x00000000eb580000,0x00000000eb66dfc8,0x00000000eb680000)
  to   space 1536K, 0% used [0x00000000eb700000,0x00000000eb700000,0x00000000eb880000)
 ParOldGen       total 114688K, used 89908K [0x00000000c0000000, 0x00000000c7000000, 0x00000000eab00000)
  object space 114688K, 78% used [0x00000000c0000000,0x00000000c57cd170,0x00000000c7000000)
 Metaspace       used 61799K, committed 62784K, reserved 1114112K
  class space    used 7115K, committed 7552K, reserved 1048576K
}
Event: 14.721 GC heap before
{Heap before GC invocations=58 (full 4):
 PSYoungGen      total 11776K, used 11703K [0x00000000eab00000, 0x00000000eb880000, 0x0000000100000000)
  eden space 10752K, 100% used [0x00000000eab00000,0x00000000eb580000,0x00000000eb580000)
  from space 1024K, 92% used [0x00000000eb580000,0x00000000eb66dfc8,0x00000000eb680000)
  to   space 1536K, 0% used [0x00000000eb700000,0x00000000eb700000,0x00000000eb880000)
 ParOldGen       total 114688K, used 89910K [0x00000000c0000000, 0x00000000c7000000, 0x00000000eab00000)
  object space 114688K, 78% used [0x00000000c0000000,0x00000000c57cd9c0,0x00000000c7000000)
 Metaspace       used 61891K, committed 62976K, reserved 1114112K
  class space    used 7129K, committed 7552K, reserved 1048576K
}
Event: 14.723 GC heap after
{Heap after GC invocations=58 (full 4):
 PSYoungGen      total 12288K, used 1095K [0x00000000eab00000, 0x00000000eb880000, 0x0000000100000000)
  eden space 10752K, 0% used [0x00000000eab00000,0x00000000eab00000,0x00000000eb580000)
  from space 1536K, 71% used [0x00000000eb700000,0x00000000eb811ec0,0x00000000eb880000)
  to   space 1536K, 0% used [0x00000000eb580000,0x00000000eb580000,0x00000000eb700000)
 ParOldGen       total 114688K, used 90634K [0x00000000c0000000, 0x00000000c7000000, 0x00000000eab00000)
  object space 114688K, 79% used [0x00000000c0000000,0x00000000c5882bb8,0x00000000c7000000)
 Metaspace       used 61891K, committed 62976K, reserved 1114112K
  class space    used 7129K, committed 7552K, reserved 1048576K
}
Event: 14.751 GC heap before
{Heap before GC invocations=59 (full 4):
 PSYoungGen      total 12288K, used 11847K [0x00000000eab00000, 0x00000000eb880000, 0x0000000100000000)
  eden space 10752K, 100% used [0x00000000eab00000,0x00000000eb580000,0x00000000eb580000)
  from space 1536K, 71% used [0x00000000eb700000,0x00000000eb811ec0,0x00000000eb880000)
  to   space 1536K, 0% used [0x00000000eb580000,0x00000000eb580000,0x00000000eb700000)
 ParOldGen       total 114688K, used 90634K [0x00000000c0000000, 0x00000000c7000000, 0x00000000eab00000)
  object space 114688K, 79% used [0x00000000c0000000,0x00000000c5882bb8,0x00000000c7000000)
 Metaspace       used 62050K, committed 63104K, reserved 1114112K
  class space    used 7144K, committed 7552K, reserved 1048576K
}
Event: 14.753 GC heap after
{Heap after GC invocations=59 (full 4):
 PSYoungGen      total 12288K, used 1418K [0x00000000eab00000, 0x00000000eb880000, 0x0000000100000000)
  eden space 10752K, 0% used [0x00000000eab00000,0x00000000eab00000,0x00000000eb580000)
  from space 1536K, 92% used [0x00000000eb580000,0x00000000eb6e29a0,0x00000000eb700000)
  to   space 1536K, 0% used [0x00000000eb700000,0x00000000eb700000,0x00000000eb880000)
 ParOldGen       total 114688K, used 91489K [0x00000000c0000000, 0x00000000c7000000, 0x00000000eab00000)
  object space 114688K, 79% used [0x00000000c0000000,0x00000000c59586c8,0x00000000c7000000)
 Metaspace       used 62050K, committed 63104K, reserved 1114112K
  class space    used 7144K, committed 7552K, reserved 1048576K
}
Event: 14.896 GC heap before
{Heap before GC invocations=60 (full 4):
 PSYoungGen      total 12288K, used 12170K [0x00000000eab00000, 0x00000000eb880000, 0x0000000100000000)
  eden space 10752K, 100% used [0x00000000eab00000,0x00000000eb580000,0x00000000eb580000)
  from space 1536K, 92% used [0x00000000eb580000,0x00000000eb6e29a0,0x00000000eb700000)
  to   space 1536K, 0% used [0x00000000eb700000,0x00000000eb700000,0x00000000eb880000)
 ParOldGen       total 114688K, used 91489K [0x00000000c0000000, 0x00000000c7000000, 0x00000000eab00000)
  object space 114688K, 79% used [0x00000000c0000000,0x00000000c59586c8,0x00000000c7000000)
 Metaspace       used 62734K, committed 63872K, reserved 1114112K
  class space    used 7214K, committed 7680K, reserved 1048576K
}
Event: 14.901 GC heap after
{Heap after GC invocations=60 (full 4):
 PSYoungGen      total 12288K, used 1483K [0x00000000eab00000, 0x00000000eb880000, 0x0000000100000000)
  eden space 10752K, 0% used [0x00000000eab00000,0x00000000eab00000,0x00000000eb580000)
  from space 1536K, 96% used [0x00000000eb700000,0x00000000eb872cb0,0x00000000eb880000)
  to   space 1536K, 0% used [0x00000000eb580000,0x00000000eb580000,0x00000000eb700000)
 ParOldGen       total 114688K, used 92832K [0x00000000c0000000, 0x00000000c7000000, 0x00000000eab00000)
  object space 114688K, 80% used [0x00000000c0000000,0x00000000c5aa8060,0x00000000c7000000)
 Metaspace       used 62734K, committed 63872K, reserved 1114112K
  class space    used 7214K, committed 7680K, reserved 1048576K
}

Dll operation events (13 events):
Event: 0.031 Loaded shared library c:\Users\91993\.vscode\extensions\redhat.java-1.24.0-win32-x64\jre\17.0.8.1-win32-x86_64\bin\java.dll
Event: 0.475 Loaded shared library c:\Users\91993\.vscode\extensions\redhat.java-1.24.0-win32-x64\jre\17.0.8.1-win32-x86_64\bin\zip.dll
Event: 0.480 Loaded shared library C:\Users\91993\.vscode\extensions\redhat.java-1.24.0-win32-x64\jre\17.0.8.1-win32-x86_64\bin\instrument.dll
Event: 0.498 Loaded shared library C:\Users\91993\.vscode\extensions\redhat.java-1.24.0-win32-x64\jre\17.0.8.1-win32-x86_64\bin\net.dll
Event: 0.501 Loaded shared library C:\Users\91993\.vscode\extensions\redhat.java-1.24.0-win32-x64\jre\17.0.8.1-win32-x86_64\bin\nio.dll
Event: 0.523 Loaded shared library C:\Users\91993\.vscode\extensions\redhat.java-1.24.0-win32-x64\jre\17.0.8.1-win32-x86_64\bin\zip.dll
Event: 0.543 Loaded shared library C:\Users\91993\.vscode\extensions\redhat.java-1.24.0-win32-x64\jre\17.0.8.1-win32-x86_64\bin\jimage.dll
Event: 0.715 Loaded shared library c:\Users\91993\.vscode\extensions\redhat.java-1.24.0-win32-x64\jre\17.0.8.1-win32-x86_64\bin\verify.dll
Event: 2.821 Loaded shared library C:\Users\91993\AppData\Roaming\Code\User\globalStorage\redhat.java\1.24.0\config_win\org.eclipse.equinox.launcher\org.eclipse.equinox.launcher.win32.win32.x86_64_1.2.700.v20221108-1024\eclipse_11801.dll
Event: 7.510 Loaded shared library C:\Users\91993\AppData\Local\Temp\jna-54157051\jna15054756542910516430.dll
Event: 11.881 Loaded shared library C:\Users\91993\.gradle\native\68d5fa5c4cc2d200863cafc0d521ce42e7d3e7ee720ec0a83991735586a16f82\windows-amd64\native-platform.dll
Event: 13.387 Loaded shared library C:\Users\91993\.vscode\extensions\redhat.java-1.24.0-win32-x64\jre\17.0.8.1-win32-x86_64\bin\management.dll
Event: 13.394 Loaded shared library C:\Users\91993\.vscode\extensions\redhat.java-1.24.0-win32-x64\jre\17.0.8.1-win32-x86_64\bin\management_ext.dll

Deoptimization events (20 events):
Event: 14.796 Thread 0x0000018aae402bc0 DEOPT PACKING pc=0x0000018a9d594758 sp=0x00000028b69feb70
Event: 14.796 Thread 0x0000018aae402bc0 DEOPT UNPACKING pc=0x0000018a9cea9ea3 sp=0x00000028b69fea90 mode 2
Event: 14.797 Thread 0x0000018aae402bc0 Uncommon trap: trap_request=0xffffffbe fr.pc=0x0000018a9d594758 relative=0x0000000000000b38
Event: 14.797 Thread 0x0000018aae402bc0 Uncommon trap: reason=profile_predicate action=maybe_recompile pc=0x0000018a9d594758 method=java.util.TreeMap.getEntryUsingComparator(Ljava/lang/Object;)Ljava/util/TreeMap$Entry; @ 19 c2
Event: 14.797 Thread 0x0000018aae402bc0 DEOPT PACKING pc=0x0000018a9d594758 sp=0x00000028b69feb70
Event: 14.797 Thread 0x0000018aae402bc0 DEOPT UNPACKING pc=0x0000018a9cea9ea3 sp=0x00000028b69fea90 mode 2
Event: 14.797 Thread 0x0000018aae402bc0 Uncommon trap: trap_request=0xffffffbe fr.pc=0x0000018a9d58f990 relative=0x0000000000000690
Event: 14.797 Thread 0x0000018aae402bc0 Uncommon trap: reason=profile_predicate action=maybe_recompile pc=0x0000018a9d58f990 method=java.util.TreeMap.getEntryUsingComparator(Ljava/lang/Object;)Ljava/util/TreeMap$Entry; @ 19 c2
Event: 14.797 Thread 0x0000018aae402bc0 DEOPT PACKING pc=0x0000018a9d58f990 sp=0x00000028b69fead0
Event: 14.797 Thread 0x0000018aae402bc0 DEOPT UNPACKING pc=0x0000018a9cea9ea3 sp=0x00000028b69fea80 mode 2
Event: 14.824 Thread 0x0000018aad6313f0 DEOPT PACKING pc=0x0000018a965ce868 sp=0x00000028b5cfeb60
Event: 14.824 Thread 0x0000018aad6313f0 DEOPT UNPACKING pc=0x0000018a9ceaa9e3 sp=0x00000028b5cfe100 mode 0
Event: 14.840 Thread 0x0000018aae402bc0 DEOPT PACKING pc=0x0000018a9665b9e1 sp=0x00000028b69fd2d0
Event: 14.840 Thread 0x0000018aae402bc0 DEOPT UNPACKING pc=0x0000018a9ceaa9e3 sp=0x00000028b69fc850 mode 0
Event: 14.885 Thread 0x0000018aae406880 DEOPT PACKING pc=0x0000018a966112b8 sp=0x00000028b6afe7c0
Event: 14.885 Thread 0x0000018aae406880 DEOPT UNPACKING pc=0x0000018a9ceaa9e3 sp=0x00000028b6afdcd8 mode 0
Event: 14.890 Thread 0x0000018aae402bc0 Uncommon trap: trap_request=0xffffff45 fr.pc=0x0000018a9d6d7ad8 relative=0x0000000000000f18
Event: 14.890 Thread 0x0000018aae402bc0 Uncommon trap: reason=unstable_if action=reinterpret pc=0x0000018a9d6d7ad8 method=org.eclipse.jdt.internal.compiler.util.JrtFileSystem$2.visitFile(Ljava/nio/file/Path;Ljava/nio/file/attribute/BasicFileAttributes;)Ljava/nio/file/FileVisitResult; @ 6 c2
Event: 14.890 Thread 0x0000018aae402bc0 DEOPT PACKING pc=0x0000018a9d6d7ad8 sp=0x00000028b69fdd60
Event: 14.890 Thread 0x0000018aae402bc0 DEOPT UNPACKING pc=0x0000018a9cea9ea3 sp=0x00000028b69fdd40 mode 2

Classes unloaded (7 events):
Event: 4.415 Thread 0x0000018aabbf14b0 Unloading class 0x0000000100250000 'java/lang/invoke/LambdaForm$MH+0x0000000100250000'
Event: 4.415 Thread 0x0000018aabbf14b0 Unloading class 0x000000010024fc00 'java/lang/invoke/LambdaForm$MH+0x000000010024fc00'
Event: 4.415 Thread 0x0000018aabbf14b0 Unloading class 0x000000010024f800 'java/lang/invoke/LambdaForm$MH+0x000000010024f800'
Event: 4.415 Thread 0x0000018aabbf14b0 Unloading class 0x000000010024f400 'java/lang/invoke/LambdaForm$MH+0x000000010024f400'
Event: 4.415 Thread 0x0000018aabbf14b0 Unloading class 0x000000010024f000 'java/lang/invoke/LambdaForm$BMH+0x000000010024f000'
Event: 4.415 Thread 0x0000018aabbf14b0 Unloading class 0x000000010024ec00 'java/lang/invoke/LambdaForm$DMH+0x000000010024ec00'
Event: 4.415 Thread 0x0000018aabbf14b0 Unloading class 0x000000010024c000 'java/lang/invoke/LambdaForm$DMH+0x000000010024c000'

Classes redefined (0 events):
No events

Internal exceptions (20 events):
Event: 14.339 Thread 0x0000018aad632830 Exception <a 'sun/nio/fs/WindowsException'{0x00000000eb23a570}> (0x00000000eb23a570) 
thrown [s\src\hotspot\share\prims\jni.cpp, line 516]
Event: 14.578 Thread 0x0000018aad632830 Exception <a 'sun/nio/fs/WindowsException'{0x00000000eae7dd40}> (0x00000000eae7dd40) 
thrown [s\src\hotspot\share\prims\jni.cpp, line 516]
Event: 14.579 Thread 0x0000018aad632830 Exception <a 'sun/nio/fs/WindowsException'{0x00000000eae87b68}> (0x00000000eae87b68) 
thrown [s\src\hotspot\share\prims\jni.cpp, line 516]
Event: 14.579 Thread 0x0000018aad632830 Exception <a 'sun/nio/fs/WindowsException'{0x00000000eaeb1cc0}> (0x00000000eaeb1cc0) 
thrown [s\src\hotspot\share\prims\jni.cpp, line 516]
Event: 14.579 Thread 0x0000018aad632830 Exception <a 'sun/nio/fs/WindowsException'{0x00000000eaebb9f0}> (0x00000000eaebb9f0) 
thrown [s\src\hotspot\share\prims\jni.cpp, line 516]
Event: 14.580 Thread 0x0000018aad632830 Exception <a 'sun/nio/fs/WindowsException'{0x00000000eaee5818}> (0x00000000eaee5818) 
thrown [s\src\hotspot\share\prims\jni.cpp, line 516]
Event: 14.580 Thread 0x0000018aad632830 Exception <a 'sun/nio/fs/WindowsException'{0x00000000eaeefed0}> (0x00000000eaeefed0) 
thrown [s\src\hotspot\share\prims\jni.cpp, line 516]
Event: 14.594 Thread 0x0000018aad632830 Exception <a 'sun/nio/fs/WindowsException'{0x00000000eafd11d8}> (0x00000000eafd11d8) 
thrown [s\src\hotspot\share\prims\jni.cpp, line 516]
Event: 14.595 Thread 0x0000018aad632320 Exception <a 'java/lang/NoSuchMethodError'{0x00000000eb02f148}: 'int java.lang.invoke.DirectMethodHandle$Holder.invokeVirtual(java.lang.Object, java.lang.Object)'> (0x00000000eb02f148) 
thrown [s\src\hotspot\share\interpreter\linkResolver.cpp, line 759]
Event: 14.603 Thread 0x0000018aad632830 Exception <a 'sun/nio/fs/WindowsException'{0x00000000eb041188}> (0x00000000eb041188) 
thrown [s\src\hotspot\share\prims\jni.cpp, line 516]
Event: 14.635 Thread 0x0000018aae401270 Exception <a 'sun/nio/fs/WindowsException'{0x00000000eb499138}> (0x00000000eb499138) 
thrown [s\src\hotspot\share\prims\jni.cpp, line 516]
Event: 14.646 Thread 0x0000018aae401270 Exception <a 'sun/nio/fs/WindowsException'{0x00000000eb5e2a20}> (0x00000000eb5e2a20) 
thrown [s\src\hotspot\share\prims\jni.cpp, line 516]
Event: 14.661 Thread 0x0000018aae401270 Exception <a 'java/lang/NoSuchMethodError'{0x00000000eabd6680}: 'java.lang.Object java.lang.invoke.DirectMethodHandle$Holder.invokeStatic(java.lang.Object, java.lang.Object, int, java.lang.Object)'> (0x00000000eabd6680) 
thrown [s\src\hotspot\share\interpreter\linkResolver.cpp, line 759]
Event: 14.665 Thread 0x0000018aae401270 Exception <a 'java/lang/NoSuchMethodError'{0x00000000eac26958}: 'java.lang.Object java.lang.invoke.DirectMethodHandle$Holder.newInvokeSpecial(java.lang.Object, java.lang.Object, int)'> (0x00000000eac26958) 
thrown [s\src\hotspot\share\interpreter\linkResolver.cpp, line 759]
Event: 14.817 Thread 0x0000018aae402bc0 Exception <a 'java/lang/NoSuchMethodError'{0x00000000eae78570}: 'java.lang.Object java.lang.invoke.DirectMethodHandle$Holder.newInvokeSpecial(java.lang.Object, java.lang.Object, java.lang.Object, java.lang.Object, java.lang.Object, java.lang.Object)'> (0x00000000eae78570) 
thrown [s\src\hotspot\share\interpreter\linkResolver.cpp, line 759]
Event: 14.825 Thread 0x0000018aae402bc0 Exception <a 'java/lang/NoSuchMethodError'{0x00000000eaecf570}: 'int java.lang.invoke.DirectMethodHandle$Holder.invokeStatic(java.lang.Object)'> (0x00000000eaecf570) 
thrown [s\src\hotspot\share\interpreter\linkResolver.cpp, line 759]
Event: 14.866 Thread 0x0000018aae402bc0 Exception <a 'java/io/FileNotFoundException'{0x00000000eb0c1ab0}> (0x00000000eb0c1ab0) 
thrown [s\src\hotspot\share\prims\jni.cpp, line 516]
Event: 14.867 Thread 0x0000018aae402bc0 Exception <a 'java/io/FileNotFoundException'{0x00000000eb0c3350}> (0x00000000eb0c3350) 
thrown [s\src\hotspot\share\prims\jni.cpp, line 516]
Event: 14.867 Thread 0x0000018aae402bc0 Exception <a 'java/io/FileNotFoundException'{0x00000000eb0c4628}> (0x00000000eb0c4628) 
thrown [s\src\hotspot\share\prims\jni.cpp, line 516]
Event: 14.887 Thread 0x0000018aae406880 Exception <a 'java/lang/NoSuchMethodError'{0x00000000eb2ab918}: 'java.lang.Object java.lang.invoke.DirectMethodHandle$Holder.invokeInterface(java.lang.Object, java.lang.Object, java.lang.Object)'> (0x00000000eb2ab918) 
thrown [s\src\hotspot\share\interpreter\linkResolver.cpp, line 759]

VM Operations (20 events):
Event: 14.508 Executing VM operation: ParallelGCFailedAllocation
Event: 14.563 Executing VM operation: ParallelGCFailedAllocation done
Event: 14.650 Executing VM operation: ParallelGCFailedAllocation
Event: 14.653 Executing VM operation: ParallelGCFailedAllocation done
Event: 14.694 Executing VM operation: ParallelGCFailedAllocation
Event: 14.698 Executing VM operation: ParallelGCFailedAllocation done
Event: 14.706 Executing VM operation: HandshakeAllThreads
Event: 14.706 Executing VM operation: HandshakeAllThreads done
Event: 14.707 Executing VM operation: HandshakeAllThreads
Event: 14.707 Executing VM operation: HandshakeAllThreads done
Event: 14.720 Executing VM operation: ParallelGCFailedAllocation
Event: 14.721 Executing VM operation: ParallelGCFailedAllocation done
Event: 14.721 Executing VM operation: ParallelGCFailedAllocation
Event: 14.723 Executing VM operation: ParallelGCFailedAllocation done
Event: 14.751 Executing VM operation: ParallelGCFailedAllocation
Event: 14.753 Executing VM operation: ParallelGCFailedAllocation done
Event: 14.827 Executing VM operation: HandshakeAllThreads
Event: 14.828 Executing VM operation: HandshakeAllThreads done
Event: 14.896 Executing VM operation: ParallelGCFailedAllocation
Event: 14.903 Executing VM operation: ParallelGCFailedAllocation done

Events (20 events):
Event: 14.677 loading class java/util/concurrent/ForkJoinPool$DefaultCommonPoolForkJoinWorkerThreadFactory$1
Event: 14.677 loading class java/util/concurrent/ForkJoinPool$DefaultCommonPoolForkJoinWorkerThreadFactory$1 done
Event: 14.678 Thread 0x0000018aae402bc0 Thread added: 0x0000018aae402bc0
Event: 14.719 loading class java/util/Collections$SynchronizedRandomAccessList
Event: 14.719 loading class java/util/Collections$SynchronizedList
Event: 14.720 loading class java/util/Collections$SynchronizedList done
Event: 14.720 loading class java/util/Collections$SynchronizedRandomAccessList done
Event: 14.740 loading class java/util/concurrent/CompletableFuture$Signaller
Event: 14.740 loading class java/util/concurrent/CompletableFuture$Signaller done
Event: 14.858 Thread 0x0000018aae406880 Thread added: 0x0000018aae406880
Event: 14.858 loading class java/util/concurrent/CompletableFuture$UniAccept
Event: 14.858 loading class java/util/concurrent/CompletableFuture$UniAccept done
Event: 14.858 loading class java/util/concurrent/CompletableFuture$UniExceptionally
Event: 14.858 loading class java/util/Hashtable$KeySet
Event: 14.858 loading class java/util/concurrent/CompletableFuture$UniExceptionally done
Event: 14.859 loading class java/util/Hashtable$KeySet done
Event: 14.860 Thread 0x0000018aae405440 Thread added: 0x0000018aae405440
Event: 14.881 Thread 0x0000018aae400d60 Thread added: 0x0000018aae400d60
Event: 14.893 loading class java/util/regex/PatternSyntaxException
Event: 14.893 loading class java/util/regex/PatternSyntaxException done


Dynamic libraries:
0x00007ff649c70000 - 0x00007ff649c7e000 	c:\Users\91993\.vscode\extensions\redhat.java-1.24.0-win32-x64\jre\17.0.8.1-win32-x86_64\bin\java.exe
0x00007ffdef8d0000 - 0x00007ffdefae7000 	C:\WINDOWS\SYSTEM32\ntdll.dll
0x00007ffded650000 - 0x00007ffded714000 	C:\WINDOWS\System32\KERNEL32.DLL
0x00007ffded1d0000 - 0x00007ffded575000 	C:\WINDOWS\System32\KERNELBASE.dll
0x00007ffdecd60000 - 0x00007ffdece71000 	C:\WINDOWS\System32\ucrtbase.dll
0x00007ffdd1c20000 - 0x00007ffdd1c37000 	c:\Users\91993\.vscode\extensions\redhat.java-1.24.0-win32-x64\jre\17.0.8.1-win32-x86_64\bin\jli.dll
0x00007ffdedd40000 - 0x00007ffdedeee000 	C:\WINDOWS\System32\USER32.dll
0x00007ffded5f0000 - 0x00007ffded616000 	C:\WINDOWS\System32\win32u.dll
0x00007ffded620000 - 0x00007ffded649000 	C:\WINDOWS\System32\GDI32.dll
0x00007ffdecf40000 - 0x00007ffded059000 	C:\WINDOWS\System32\gdi32full.dll
0x00007ffdecc40000 - 0x00007ffdeccda000 	C:\WINDOWS\System32\msvcp_win.dll
0x00007ffdd18a0000 - 0x00007ffdd18b9000 	c:\Users\91993\.vscode\extensions\redhat.java-1.24.0-win32-x64\jre\17.0.8.1-win32-x86_64\bin\VCRUNTIME140.dll
0x00007ffdd50a0000 - 0x00007ffdd5333000 	C:\WINDOWS\WinSxS\amd64_microsoft.windows.common-controls_6595b64144ccf1df_6.0.22621.2506_none_270c5ae97388e100\COMCTL32.dll
0x00007ffdedc60000 - 0x00007ffdedd07000 	C:\WINDOWS\System32\msvcrt.dll
0x00007ffdef850000 - 0x00007ffdef881000 	C:\WINDOWS\System32\IMM32.DLL
0x00007ffdd4fb0000 - 0x00007ffdd4fbc000 	c:\Users\91993\.vscode\extensions\redhat.java-1.24.0-win32-x64\jre\17.0.8.1-win32-x86_64\bin\vcruntime140_1.dll
0x00007ffdb8b30000 - 0x00007ffdb8bc1000 	c:\Users\91993\.vscode\extensions\redhat.java-1.24.0-win32-x64\jre\17.0.8.1-win32-x86_64\bin\msvcp140.dll
0x00007ffd9c610000 - 0x00007ffd9d25c000 	c:\Users\91993\.vscode\extensions\redhat.java-1.24.0-win32-x64\jre\17.0.8.1-win32-x86_64\bin\server\jvm.dll
0x00007ffdedf90000 - 0x00007ffdee041000 	C:\WINDOWS\System32\ADVAPI32.dll
0x00007ffdee760000 - 0x00007ffdee806000 	C:\WINDOWS\System32\sechost.dll
0x00007ffdef1a0000 - 0x00007ffdef2b7000 	C:\WINDOWS\System32\RPCRT4.dll
0x00007ffdecb10000 - 0x00007ffdecb5d000 	C:\WINDOWS\SYSTEM32\POWRPROF.dll
0x00007ffdcbe70000 - 0x00007ffdcbe79000 	C:\WINDOWS\SYSTEM32\WSOCK32.dll
0x00007ffdef120000 - 0x00007ffdef191000 	C:\WINDOWS\System32\WS2_32.dll
0x00007ffde1dc0000 - 0x00007ffde1df4000 	C:\WINDOWS\SYSTEM32\WINMM.dll
0x00007ffde1a40000 - 0x00007ffde1a4a000 	C:\WINDOWS\SYSTEM32\VERSION.dll
0x00007ffdecaf0000 - 0x00007ffdecb03000 	C:\WINDOWS\SYSTEM32\UMPDC.dll
0x00007ffdebba0000 - 0x00007ffdebbb8000 	C:\WINDOWS\SYSTEM32\kernel.appcore.dll
0x00007ffdd3e50000 - 0x00007ffdd3e5a000 	c:\Users\91993\.vscode\extensions\redhat.java-1.24.0-win32-x64\jre\17.0.8.1-win32-x86_64\bin\jimage.dll
0x00007ffde7210000 - 0x00007ffde7443000 	C:\WINDOWS\SYSTEM32\DBGHELP.DLL
0x00007ffdef4c0000 - 0x00007ffdef849000 	C:\WINDOWS\System32\combase.dll
0x00007ffded720000 - 0x00007ffded7f7000 	C:\WINDOWS\System32\OLEAUT32.dll
0x00007ffdc3610000 - 0x00007ffdc3642000 	C:\WINDOWS\SYSTEM32\dbgcore.DLL
0x00007ffdecce0000 - 0x00007ffdecd5a000 	C:\WINDOWS\System32\bcryptPrimitives.dll
0x00007ffdd3d40000 - 0x00007ffdd3d4e000 	c:\Users\91993\.vscode\extensions\redhat.java-1.24.0-win32-x64\jre\17.0.8.1-win32-x86_64\bin\instrument.dll
0x00007ffdd1750000 - 0x00007ffdd1775000 	c:\Users\91993\.vscode\extensions\redhat.java-1.24.0-win32-x64\jre\17.0.8.1-win32-x86_64\bin\java.dll
0x00007ffdd1610000 - 0x00007ffdd1628000 	c:\Users\91993\.vscode\extensions\redhat.java-1.24.0-win32-x64\jre\17.0.8.1-win32-x86_64\bin\zip.dll
0x00007ffdee8c0000 - 0x00007ffdef119000 	C:\WINDOWS\System32\SHELL32.dll
0x00007ffdeab10000 - 0x00007ffdeb404000 	C:\WINDOWS\SYSTEM32\windows.storage.dll
0x00007ffdea9d0000 - 0x00007ffdeab0e000 	C:\WINDOWS\SYSTEM32\wintypes.dll
0x00007ffdee660000 - 0x00007ffdee753000 	C:\WINDOWS\System32\SHCORE.dll
0x00007ffded800000 - 0x00007ffded85e000 	C:\WINDOWS\System32\shlwapi.dll
0x00007ffdecb70000 - 0x00007ffdecb96000 	C:\WINDOWS\SYSTEM32\profapi.dll
0x00007ffdd15d0000 - 0x00007ffdd15e9000 	C:\Users\91993\.vscode\extensions\redhat.java-1.24.0-win32-x64\jre\17.0.8.1-win32-x86_64\bin\net.dll
0x00007ffde4900000 - 0x00007ffde4a37000 	C:\WINDOWS\SYSTEM32\WINHTTP.dll
0x00007ffdec0a0000 - 0x00007ffdec109000 	C:\WINDOWS\system32\mswsock.dll
0x00007ffdd1310000 - 0x00007ffdd1325000 	C:\Users\91993\.vscode\extensions\redhat.java-1.24.0-win32-x64\jre\17.0.8.1-win32-x86_64\bin\nio.dll
0x00007ffdd2e60000 - 0x00007ffdd2e70000 	c:\Users\91993\.vscode\extensions\redhat.java-1.24.0-win32-x64\jre\17.0.8.1-win32-x86_64\bin\verify.dll
0x00007ffdc0230000 - 0x00007ffdc026e000 	C:\Users\91993\AppData\Roaming\Code\User\globalStorage\redhat.java\1.24.0\config_win\org.eclipse.equinox.launcher\org.eclipse.equinox.launcher.win32.win32.x86_64_1.2.700.v20221108-1024\eclipse_11801.dll
0x00007ffdedac0000 - 0x00007ffdedc60000 	C:\WINDOWS\System32\ole32.dll
0x00007ffdec320000 - 0x00007ffdec33b000 	C:\WINDOWS\SYSTEM32\CRYPTSP.dll
0x00007ffdebb60000 - 0x00007ffdebb95000 	C:\WINDOWS\system32\rsaenh.dll
0x00007ffdec1b0000 - 0x00007ffdec1dc000 	C:\WINDOWS\SYSTEM32\USERENV.dll
0x00007ffdec4e0000 - 0x00007ffdec508000 	C:\WINDOWS\SYSTEM32\bcrypt.dll
0x00007ffdec310000 - 0x00007ffdec31c000 	C:\WINDOWS\SYSTEM32\CRYPTBASE.dll
0x00007ffdeb670000 - 0x00007ffdeb69d000 	C:\WINDOWS\SYSTEM32\IPHLPAPI.DLL
0x00007ffdee1d0000 - 0x00007ffdee1d9000 	C:\WINDOWS\System32\NSI.dll
0x00007ffde1200000 - 0x00007ffde1219000 	C:\WINDOWS\SYSTEM32\dhcpcsvc6.DLL
0x00007ffde11e0000 - 0x00007ffde11ff000 	C:\WINDOWS\SYSTEM32\dhcpcsvc.DLL
0x00007ffdeb6e0000 - 0x00007ffdeb7d9000 	C:\WINDOWS\SYSTEM32\DNSAPI.dll
0x00007ffdbe330000 - 0x00007ffdbe375000 	C:\Users\91993\AppData\Local\Temp\jna-54157051\jna15054756542910516430.dll
0x00007ffdedd10000 - 0x00007ffdedd18000 	C:\WINDOWS\System32\PSAPI.DLL
0x00007ffde36d0000 - 0x00007ffde36f7000 	C:\Users\91993\.gradle\native\68d5fa5c4cc2d200863cafc0d521ce42e7d3e7ee720ec0a83991735586a16f82\windows-amd64\native-platform.dll
0x00007ffdd2000000 - 0x00007ffdd2009000 	C:\Users\91993\.vscode\extensions\redhat.java-1.24.0-win32-x64\jre\17.0.8.1-win32-x86_64\bin\management.dll
0x00007ffdd1c10000 - 0x00007ffdd1c1b000 	C:\Users\91993\.vscode\extensions\redhat.java-1.24.0-win32-x64\jre\17.0.8.1-win32-x86_64\bin\management_ext.dll

dbghelp: loaded successfully - version: 4.0.5 - missing functions: none
symbol engine: initialized successfully - sym options: 0x614 - pdb path: .;c:\Users\91993\.vscode\extensions\redhat.java-1.24.0-win32-x64\jre\17.0.8.1-win32-x86_64\bin;C:\WINDOWS\SYSTEM32;C:\WINDOWS\WinSxS\amd64_microsoft.windows.common-controls_6595b64144ccf1df_6.0.22621.2506_none_270c5ae97388e100;c:\Users\91993\.vscode\extensions\redhat.java-1.24.0-win32-x64\jre\17.0.8.1-win32-x86_64\bin\server;C:\Users\91993\AppData\Roaming\Code\User\globalStorage\redhat.java\1.24.0\config_win\org.eclipse.equinox.launcher\org.eclipse.equinox.launcher.win32.win32.x86_64_1.2.700.v20221108-1024;C:\Users\91993\AppData\Local\Temp\jna-54157051;C:\Users\91993\.gradle\native\68d5fa5c4cc2d200863cafc0d521ce42e7d3e7ee720ec0a83991735586a16f82\windows-amd64

VM Arguments:
jvm_args: --add-modules=ALL-SYSTEM --add-opens=java.base/java.util=ALL-UNNAMED --add-opens=java.base/java.lang=ALL-UNNAMED --add-opens=java.base/sun.nio.fs=ALL-UNNAMED -Declipse.application=org.eclipse.jdt.ls.core.id1 -Dosgi.bundles.defaultStartLevel=4 -Declipse.product=org.eclipse.jdt.ls.core.product -Djava.import.generatesMetadataFilesAtProjectRoot=false -DDetectVMInstallationsJob.disabled=true -Dfile.encoding=utf8 -XX:+UseParallelGC -XX:GCTimeRatio=4 -XX:AdaptiveSizePolicyWeight=90 -Dsun.zip.disableMemoryMapping=true -Xmx1G -Xms100m -Xlog:disable -javaagent:c:\Users\91993\.vscode\extensions\redhat.java-1.24.0-win32-x64\lombok\lombok-1.18.30.jar -XX:+HeapDumpOnOutOfMemoryError -XX:HeapDumpPath=c:\Users\91993\AppData\Roaming\Code\User\workspaceStorage\244ba854a01daa398e900e74784e95ac\redhat.java -Daether.dependencyCollector.impl=bf 
java_command: c:\Users\91993\.vscode\extensions\redhat.java-1.24.0-win32-x64\server\plugins\org.eclipse.equinox.launcher_1.6.500.v20230717-2134.jar -configuration c:\Users\91993\AppData\Roaming\Code\User\globalStorage\redhat.java\1.24.0\config_win -data c:\Users\91993\AppData\Roaming\Code\User\workspaceStorage\244ba854a01daa398e900e74784e95ac\redhat.java\jdt_ws --stdio
java_class_path (initial): c:\Users\91993\.vscode\extensions\redhat.java-1.24.0-win32-x64\server\plugins\org.eclipse.equinox.launcher_1.6.500.v20230717-2134.jar
Launcher Type: SUN_STANDARD

[Global flags]
    uintx AdaptiveSizePolicyWeight                 = 90                                        {product} {command line}
     intx CICompilerCount                          = 4                                         {product} {ergonomic}
    uintx GCTimeRatio                              = 4                                         {product} {command line}
     bool HeapDumpOnOutOfMemoryError               = true                                   {manageable} {command line}
    ccstr HeapDumpPath                             = c:\Users\91993\AppData\Roaming\Code\User\workspaceStorage\244ba854a01daa398e900e74784e95ac\redhat.java         {manageable} {command line}
   size_t InitialHeapSize                          = 104857600                                 {product} {command line}
   size_t MaxHeapSize                              = 1073741824                                {product} {command line}
   size_t MaxNewSize                               = 357564416                                 {product} {ergonomic}
   size_t MinHeapDeltaBytes                        = 524288                                    {product} {ergonomic}
   size_t MinHeapSize                              = 104857600                                 {product} {command line}
   size_t NewSize                                  = 34603008                                  {product} {ergonomic}
    uintx NonNMethodCodeHeapSize                   = 5839372                                {pd product} {ergonomic}
    uintx NonProfiledCodeHeapSize                  = 122909434                              {pd product} {ergonomic}
   size_t OldSize                                  = 70254592                                  {product} {ergonomic}
    uintx ProfiledCodeHeapSize                     = 122909434                              {pd product} {ergonomic}
    uintx ReservedCodeCacheSize                    = 251658240                              {pd product} {ergonomic}
     bool SegmentedCodeCache                       = true                                      {product} {ergonomic}
   size_t SoftMaxHeapSize                          = 1073741824                             {manageable} {ergonomic}
     bool UseCompressedClassPointers               = true                           {product lp64_product} {ergonomic}
     bool UseCompressedOops                        = true                           {product lp64_product} {ergonomic}
     bool UseLargePagesIndividualAllocation        = false                                  {pd product} {ergonomic}
     bool UseParallelGC                            = true                                      {product} {command line}

Logging:
Log output configuration:
 #0: stdout all=off uptime,level,tags
 #1: stderr all=off uptime,level,tags

Environment Variables:
JAVA_HOME=C:\Program Files\Java\jdk-19
PATH=C:\Python311\Scripts\;C:\Python311\;C:\Program Files\Common Files\Oracle\Java\javapath;C:\Program Files (x86)\Common Files\Oracle\Java\javapath;C:\WINDOWS\system32;C:\WINDOWS;C:\WINDOWS\System32\Wbem;C:\WINDOWS\System32\WindowsPowerShell\v1.0\;C:\WINDOWS\System32\OpenSSH\;C:\msys64\mingw64\bin;C:\Users\91993\AppData\Local\Programs\Python\Python310\Scripts\;C:\Users\91993\AppData\Local\Programs\Python\Python310\;C:\Users\91993\AppData\Local\Programs\Python\Python310\Lib\site-packages;C:\Program Files\dotnet\;C:\Program Files\MySQL\MySQL Server 8.0\bin;C:\Program Files\Git\cmd;C:\ProgramData\chocolatey\bin;C:\Program Files\nodejs\;C:\Users\91993\AppData\Local\Android\Sdk\emulator;C:\Users\91993\AppData\Local\Android\Sdk\platform-tools;C:\Users\91993\AppData\Local\Android\Sdk\tools\bin;C:\Users\91993\AppData\Local\Android\Sdk\gradle-7.6\bin;C:\Program Files\PowerShell\7\;C:\Users\91993\AppData\Local\Programs\Python\Python39\Scripts\;C:\Users\91993\AppData\Local\Programs\Python\Python39\;C:\Users\91993\AppData\Local\Microsoft\WindowsApps;D:\Microsoft VS Code\bin;C:\Users\91993\AppData\Local\Programs\Microsoft VS Code\bin;C:\Program Files\Azure Data Studio\bin;C:\Users\91993\AppData\Roaming\Python\Python38\Scripts;C:\Users\91993\AppData\Roaming\Python\Python38;C:\Users\91993\AppData\Local\Programs\Python\Python38-32\Scripts;C:\msys64\mingw64\bin;C:\Users\91993\AppData\Local\Programs\Python\Python310\Lib\site-packages;C:\Users\91993\AppData\Local\Microsoft\WindowsApps;C:\Users\91993\AppData\Roaming\npm;C:\Users\91993\AppData\Roaming\Python\Python311\Scripts;D:\flutter\bin;C:\tools\dart-sdk\bin;C:\Users\91993\AppData\Local\Pub\Cache\bin;C:\Users\91993\AppData\Local\Android\Sdk\cmdline-tools\latest\bin;C:\Users\91993\AppData\Local\Android\Sdk\emulator;C:\Users\91993\AppData\Local\Android\Sdk\platform-tools;C:\Users\91993\AppData\Local\Android\Sdk\tools\bin;
USERNAME=91993
OS=Windows_NT
PROCESSOR_IDENTIFIER=Intel64 Family 6 Model 126 Stepping 5, GenuineIntel
TMP=C:\Users\91993\AppData\Local\Temp
TEMP=C:\Users\91993\AppData\Local\Temp



---------------  S Y S T E M  ---------------

OS:
 Windows 11 , 64 bit Build 22621 (10.0.22621.2506)
OS uptime: 0 days 1:57 hours
Hyper-V role detected

CPU: total 8 (initial active 8) (4 cores per cpu, 2 threads per core) family 6 model 126 stepping 5 microcode 0xbc, cx8, cmov, fxsr, ht, mmx, 3dnowpref, sse, sse2, sse3, ssse3, sse4.1, sse4.2, popcnt, lzcnt, tsc, tscinvbit, avx, avx2, aes, erms, clmul, bmi1, bmi2, adx, avx512f, avx512dq, avx512cd, avx512bw, avx512vl, sha, fma, vzeroupper, avx512_vpopcntdq, avx512_vpclmulqdq, avx512_vaes, avx512_vnni, clflush, clflushopt, avx512_vbmi2, avx512_vbmi, hv
Processor Information for all 8 processors :
  Max Mhz: 1190, Current Mhz: 991, Mhz Limit: 987

Memory: 4k page, system-wide physical 7946M (402M free)
TotalPageFile size 9994M (AvailPageFile size 34M)
current process WorkingSet (physical memory assigned to process): 315M, peak: 315M
current process commit charge ("private bytes"): 355M, peak: 358M

vm_info: OpenJDK 64-Bit Server VM (17.0.8.1+1) for windows-amd64 JRE (17.0.8.1+1), built on Aug 23 2023 15:29:17 by "admin" with MS VC++ 16.7 (VS2019)

END.
