#
# There is insufficient memory for the Java Runtime Environment to continue.
# Native memory allocation (malloc) failed to allocate 822816 bytes for Chunk::new
# Possible reasons:
#   The system is out of physical RAM or swap space
#   The process is running with CompressedOops enabled, and the Java Heap may be blocking the growth of the native heap
# Possible solutions:
#   Reduce memory load on the system
#   Increase physical memory or swap space
#   Check if swap backing store is full
#   Decrease Java heap size (-Xmx/-Xms)
#   Decrease number of Java threads
#   Decrease Java thread stack sizes (-Xss)
#   Set larger code cache with -XX:ReservedCodeCacheSize=
#   JVM is running with Unscaled Compressed Oops mode in which the Java heap is
#     placed in the first 4GB address space. The Java Heap base address is the
#     maximum limit for the native heap growth. Please use -XX:HeapBaseMinAddress
#     to set the Java Heap base and to place the Java Heap above 4GB virtual address.
# This output file may be truncated or incomplete.
#
#  Out of Memory Error (arena.cpp:191), pid=24412, tid=3416
#
# JRE version: OpenJDK Runtime Environment Temurin-17.0.9+9 (17.0.9+9) (build 17.0.9+9)
# Java VM: OpenJDK 64-Bit Server VM Temurin-17.0.9+9 (17.0.9+9, mixed mode, tiered, compressed oops, compressed class ptrs, parallel gc, windows-amd64)
# No core dump will be written. Minidumps are not enabled by default on client versions of Windows
#

---------------  S U M M A R Y ------------

Command Line: --add-modules=ALL-SYSTEM --add-opens=java.base/java.util=ALL-UNNAMED --add-opens=java.base/java.lang=ALL-UNNAMED --add-opens=java.base/sun.nio.fs=ALL-UNNAMED -Declipse.application=org.eclipse.jdt.ls.core.id1 -Dosgi.bundles.defaultStartLevel=4 -Declipse.product=org.eclipse.jdt.ls.core.product -Djava.import.generatesMetadataFilesAtProjectRoot=false -DDetectVMInstallationsJob.disabled=true -Dfile.encoding=utf8 -XX:+UseParallelGC -XX:GCTimeRatio=4 -XX:AdaptiveSizePolicyWeight=90 -Dsun.zip.disableMemoryMapping=true -Xmx1G -Xms100m -Xlog:disable -javaagent:c:\Users\91993\.vscode\extensions\redhat.java-1.25.1-win32-x64\lombok\lombok-1.18.30.jar -XX:+HeapDumpOnOutOfMemoryError -XX:HeapDumpPath=c:\Users\91993\AppData\Roaming\Code\User\workspaceStorage\244ba854a01daa398e900e74784e95ac\redhat.java -Daether.dependencyCollector.impl=bf c:\Users\91993\.vscode\extensions\redhat.java-1.25.1-win32-x64\server\plugins\org.eclipse.equinox.launcher_1.6.600.v20231106-1826.jar -configuration c:\Users\91993\AppData\Roaming\Code\User\globalStorage\redhat.java\1.25.1\config_win -data c:\Users\91993\AppData\Roaming\Code\User\workspaceStorage\244ba854a01daa398e900e74784e95ac\redhat.java\jdt_ws --stdio

Host: Intel(R) Core(TM) i5-1035G1 CPU @ 1.00GHz, 8 cores, 7G,  Windows 11 , 64 bit Build 22621 (10.0.22621.2506)
Time: Sat Dec  9 14:56:42 2023 India Standard Time elapsed time: 17.154779 seconds (0d 0h 0m 17s)

---------------  T H R E A D  ---------------

Current thread (0x0000023b4b2893a0):  JavaThread "C2 CompilerThread0" daemon [_thread_in_native, id=3416, stack(0x000000c259500000,0x000000c259600000)]


Current CompileTask:
C2:  17154 7125       4       org.eclipse.jdt.internal.core.search.indexing.AddJrtToIndex$JrtTraverser::visitFile (14 bytes)

Stack: [0x000000c259500000,0x000000c259600000]
Native frames: (J=compiled Java code, j=interpreted, Vv=VM code, C=native code)
V  [jvm.dll+0x67cf49]
V  [jvm.dll+0x83478a]
V  [jvm.dll+0x83624e]
V  [jvm.dll+0x8368b3]
V  [jvm.dll+0x247f1f]
V  [jvm.dll+0xac43c]
V  [jvm.dll+0xaca8c]
V  [jvm.dll+0x2af45f]
V  [jvm.dll+0x5853f7]
V  [jvm.dll+0x222f62]
V  [jvm.dll+0x21c15e]
V  [jvm.dll+0x2198c1]
V  [jvm.dll+0x1a57cd]
V  [jvm.dll+0x2297ae]
V  [jvm.dll+0x22797c]
V  [jvm.dll+0x7e9877]
V  [jvm.dll+0x7e3c3a]
V  [jvm.dll+0x67be35]
C  [ucrtbase.dll+0x29363]
C  [KERNEL32.DLL+0x1257d]
C  [ntdll.dll+0x5aa58]


---------------  P R O C E S S  ---------------

Threads class SMR info:
_java_thread_list=0x0000023b4fa30dc0, length=33, elements={
0x0000023b30411110, 0x0000023b461e1010, 0x0000023b461e5420, 0x0000023b461edf90,
0x0000023b461eea60, 0x0000023b4b280600, 0x0000023b4b2845d0, 0x0000023b4b2893a0,
0x0000023b4b2e8d30, 0x0000023b4b2eda10, 0x0000023b30473d90, 0x0000023b4b5965b0,
0x0000023b4cc46120, 0x0000023b4cdc35f0, 0x0000023b4cd4feb0, 0x0000023b4d34a570,
0x0000023b4d289080, 0x0000023b4d2862f0, 0x0000023b4d288660, 0x0000023b4d286800,
0x0000023b4d288150, 0x0000023b4d287220, 0x0000023b4d287730, 0x0000023b4d288b70,
0x0000023b4d931410, 0x0000023b4d92fac0, 0x0000023b4d92ffd0, 0x0000023b4d92eb90,
0x0000023b4d92f5b0, 0x0000023b4f671a30, 0x0000023b4f671520, 0x0000023b4f672450,
0x0000023b4f66e280
}

Java Threads: ( => current thread )
  0x0000023b30411110 JavaThread "main" [_thread_blocked, id=15044, stack(0x000000c258c00000,0x000000c258d00000)]
  0x0000023b461e1010 JavaThread "Reference Handler" daemon [_thread_blocked, id=18528, stack(0x000000c258f00000,0x000000c259000000)]
  0x0000023b461e5420 JavaThread "Finalizer" daemon [_thread_blocked, id=15068, stack(0x000000c259000000,0x000000c259100000)]
  0x0000023b461edf90 JavaThread "Signal Dispatcher" daemon [_thread_blocked, id=24824, stack(0x000000c259100000,0x000000c259200000)]
  0x0000023b461eea60 JavaThread "Attach Listener" daemon [_thread_blocked, id=9644, stack(0x000000c259200000,0x000000c259300000)]
  0x0000023b4b280600 JavaThread "Service Thread" daemon [_thread_blocked, id=6040, stack(0x000000c259300000,0x000000c259400000)]
  0x0000023b4b2845d0 JavaThread "Monitor Deflation Thread" daemon [_thread_blocked, id=15012, stack(0x000000c259400000,0x000000c259500000)]
=>0x0000023b4b2893a0 JavaThread "C2 CompilerThread0" daemon [_thread_in_native, id=3416, stack(0x000000c259500000,0x000000c259600000)]
  0x0000023b4b2e8d30 JavaThread "C1 CompilerThread0" daemon [_thread_blocked, id=22516, stack(0x000000c259600000,0x000000c259700000)]
  0x0000023b4b2eda10 JavaThread "Sweeper thread" daemon [_thread_blocked, id=15492, stack(0x000000c259700000,0x000000c259800000)]
  0x0000023b30473d90 JavaThread "Common-Cleaner" daemon [_thread_blocked, id=6992, stack(0x000000c259800000,0x000000c259900000)]
  0x0000023b4b5965b0 JavaThread "Notification Thread" daemon [_thread_blocked, id=3460, stack(0x000000c259a00000,0x000000c259b00000)]
  0x0000023b4cc46120 JavaThread "Active Thread: Equinox Container: fc74112f-3b4e-41f1-a0bf-423d4a641669" [_thread_blocked, id=21472, stack(0x000000c25a300000,0x000000c25a400000)]
  0x0000023b4cdc35f0 JavaThread "Framework Event Dispatcher: Equinox Container: fc74112f-3b4e-41f1-a0bf-423d4a641669" daemon [_thread_blocked, id=25900, stack(0x000000c25a400000,0x000000c25a500000)]
  0x0000023b4cd4feb0 JavaThread "Start Level: Equinox Container: fc74112f-3b4e-41f1-a0bf-423d4a641669" daemon [_thread_blocked, id=20548, stack(0x000000c25a500000,0x000000c25a600000)]
  0x0000023b4d34a570 JavaThread "Bundle File Closer" daemon [_thread_blocked, id=24636, stack(0x000000c25a700000,0x000000c25a800000)]
  0x0000023b4d289080 JavaThread "SCR Component Actor" daemon [_thread_blocked, id=11432, stack(0x000000c25a200000,0x000000c25a300000)]
  0x0000023b4d2862f0 JavaThread "Worker-JM" [_thread_blocked, id=9516, stack(0x000000c25a100000,0x000000c25a200000)]
  0x0000023b4d288660 JavaThread "Worker-0" [_thread_blocked, id=8252, stack(0x000000c25a900000,0x000000c25aa00000)]
  0x0000023b4d286800 JavaThread "Worker-1" [_thread_blocked, id=2000, stack(0x000000c25aa00000,0x000000c25ab00000)]
  0x0000023b4d288150 JavaThread "Worker-2: Java indexing... " [_thread_blocked, id=5584, stack(0x000000c25ac00000,0x000000c25ad00000)]
  0x0000023b4d287220 JavaThread "Java indexing" daemon [_thread_blocked, id=23544, stack(0x000000c25ad00000,0x000000c25ae00000)]
  0x0000023b4d287730 JavaThread "Worker-3: Initialize Workspace" [_thread_blocked, id=3504, stack(0x000000c25af00000,0x000000c25b000000)]
  0x0000023b4d288b70 JavaThread "JNA Cleaner" daemon [_thread_blocked, id=16892, stack(0x000000c25b000000,0x000000c25b100000)]
  0x0000023b4d931410 JavaThread "pool-2-thread-1" [_thread_blocked, id=10496, stack(0x000000c25b100000,0x000000c25b200000)]
  0x0000023b4d92fac0 JavaThread "WorkspaceEventsHandler" [_thread_blocked, id=17160, stack(0x000000c25b200000,0x000000c25b300000)]
  0x0000023b4d92ffd0 JavaThread "pool-1-thread-1" [_thread_blocked, id=11292, stack(0x000000c25b300000,0x000000c25b400000)]
  0x0000023b4d92eb90 JavaThread "Timer-0" [_thread_blocked, id=17336, stack(0x000000c25b400000,0x000000c25b500000)]
  0x0000023b4d92f5b0 JavaThread "Worker-4" [_thread_blocked, id=16784, stack(0x000000c25a800000,0x000000c25a900000)]
  0x0000023b4f671a30 JavaThread "Exec process" [_thread_blocked, id=21220, stack(0x000000c25ae00000,0x000000c25af00000)]
  0x0000023b4f671520 JavaThread "Exec process Thread 2" [_thread_blocked, id=1588, stack(0x000000c25b600000,0x000000c25b700000)]
  0x0000023b4f672450 JavaThread "Exec process Thread 3" [_thread_blocked, id=6064, stack(0x000000c25b700000,0x000000c25b800000)]
  0x0000023b4f66e280 JavaThread "Timer-1" [_thread_blocked, id=17680, stack(0x000000c25b500000,0x000000c25b600000)]

Other Threads:
  0x0000023b4b2614b0 VMThread "VM Thread" [stack: 0x000000c258e00000,0x000000c258f00000] [id=24676]
  0x0000023b4b596a90 WatcherThread [stack: 0x000000c259b00000,0x000000c259c00000] [id=6452]
  0x0000023b30426590 GCTaskThread "GC Thread#0" [stack: 0x000000c258d00000,0x000000c258e00000] [id=16972]
  0x0000023b4b570af0 GCTaskThread "GC Thread#1" [stack: 0x000000c259900000,0x000000c259a00000] [id=23164]
  0x0000023b4c7ab9c0 GCTaskThread "GC Thread#2" [stack: 0x000000c259c00000,0x000000c259d00000] [id=14568]
  0x0000023b4c7dd860 GCTaskThread "GC Thread#3" [stack: 0x000000c259d00000,0x000000c259e00000] [id=20124]
  0x0000023b4c7ddd30 GCTaskThread "GC Thread#4" [stack: 0x000000c259e00000,0x000000c259f00000] [id=15452]
  0x0000023b4c7ddff0 GCTaskThread "GC Thread#5" [stack: 0x000000c259f00000,0x000000c25a000000] [id=4484]
  0x0000023b4b5a85b0 GCTaskThread "GC Thread#6" [stack: 0x000000c25a000000,0x000000c25a100000] [id=5444]
  0x0000023b30226980 GCTaskThread "GC Thread#7" [stack: 0x000000c25a600000,0x000000c25a700000] [id=24976]

Threads with active compile tasks:
C2 CompilerThread0    17218 7125       4       org.eclipse.jdt.internal.core.search.indexing.AddJrtToIndex$JrtTraverser::visitFile (14 bytes)

VM state: at safepoint (normal execution)

VM Mutex/Monitor currently owned by a thread:  ([mutex/lock_event])
[0x0000023b3040dce0] Threads_lock - owner thread: 0x0000023b4b2614b0
[0x0000023b3040dfb0] Heap_lock - owner thread: 0x0000023b4d287730

Heap address: 0x00000000c0000000, size: 1024 MB, Compressed Oops mode: 32-bit

CDS archive(s) not mapped
Compressed class space mapped at: 0x0000000100000000-0x0000000140000000, reserved size: 1073741824
Narrow klass base: 0x0000000000000000, Narrow klass shift: 3, Narrow klass range: 0x140000000

GC Precious Log:
 CPUs: 8 total, 8 available
 Memory: 7946M
 Large Page Support: Disabled
 NUMA Support: Disabled
 Compressed Oops: Enabled (32-bit)
 Alignments: Space 512K, Generation 512K, Heap 2M
 Heap Min Capacity: 100M
 Heap Initial Capacity: 100M
 Heap Max Capacity: 1G
 Pre-touch: Disabled
 Parallel Workers: 8

Heap:
 PSYoungGen      total 10752K, used 8704K [0x00000000eab00000, 0x00000000eb800000, 0x0000000100000000)
  eden space 8704K, 100% used [0x00000000eab00000,0x00000000eb380000,0x00000000eb380000)
  from space 2048K, 0% used [0x00000000eb580000,0x00000000eb580000,0x00000000eb780000)
  to   space 2048K, 0% used [0x00000000eb380000,0x00000000eb380000,0x00000000eb580000)
 ParOldGen       total 68608K, used 68522K [0x00000000c0000000, 0x00000000c4300000, 0x00000000eab00000)
  object space 68608K, 99% used [0x00000000c0000000,0x00000000c42ea978,0x00000000c4300000)
 Metaspace       used 60910K, committed 61952K, reserved 1114112K
  class space    used 6994K, committed 7488K, reserved 1048576K

Card table byte_map: [0x0000023b43a60000,0x0000023b43c70000] _byte_map_base: 0x0000023b43460000

Marking Bits: (ParMarkBitMap*) 0x00007ffe16fed0b0
 Begin Bits: [0x0000023b43dd0000, 0x0000023b44dd0000)
 End Bits:   [0x0000023b44dd0000, 0x0000023b45dd0000)

Polling page: 0x0000023b304c0000

Metaspace:

Usage:
  Non-class:     52.65 MB used.
      Class:      6.83 MB used.
       Both:     59.48 MB used.

Virtual space:
  Non-class space:       64.00 MB reserved,      53.19 MB ( 83%) committed,  1 nodes.
      Class space:        1.00 GB reserved,       7.31 MB ( <1%) committed,  1 nodes.
             Both:        1.06 GB reserved,      60.50 MB (  6%) committed. 

Chunk freelists:
   Non-Class:  10.28 MB
       Class:  8.73 MB
        Both:  19.01 MB

MaxMetaspaceSize: unlimited
CompressedClassSpaceSize: 1.00 GB
Initial GC threshold: 21.00 MB
Current GC threshold: 100.88 MB
CDS: off
MetaspaceReclaimPolicy: balanced
 - commit_granule_bytes: 65536.
 - commit_granule_words: 8192.
 - virtual_space_node_default_size: 8388608.
 - enlarge_chunks_in_place: 1.
 - new_chunks_are_fully_committed: 0.
 - uncommit_free_chunks: 1.
 - use_allocation_guard: 0.
 - handle_deallocations: 1.


Internal statistics:

num_allocs_failed_limit: 9.
num_arena_births: 522.
num_arena_deaths: 14.
num_vsnodes_births: 2.
num_vsnodes_deaths: 0.
num_space_committed: 968.
num_space_uncommitted: 0.
num_chunks_returned_to_freelist: 23.
num_chunks_taken_from_freelist: 2843.
num_chunk_merges: 13.
num_chunk_splits: 1828.
num_chunks_enlarged: 1145.
num_inconsistent_stats: 0.

CodeHeap 'non-profiled nmethods': size=120000Kb used=4689Kb max_used=4689Kb free=115310Kb
 bounds [0x0000023b3c340000, 0x0000023b3c7e0000, 0x0000023b43870000]
CodeHeap 'profiled nmethods': size=120000Kb used=13187Kb max_used=13187Kb free=106812Kb
 bounds [0x0000023b34870000, 0x0000023b35560000, 0x0000023b3bda0000]
CodeHeap 'non-nmethods': size=5760Kb used=1316Kb max_used=1404Kb free=4443Kb
 bounds [0x0000023b3bda0000, 0x0000023b3c010000, 0x0000023b3c340000]
 total_blobs=6976 nmethods=6340 adapters=550
 compilation: enabled
              stopped_count=0, restarted_count=0
 full_count=0

Compilation events (20 events):
Event: 16.787 Thread 0x0000023b4b2893a0 nmethod 7119 0x0000023b3c7d3290 code [0x0000023b3c7d3420, 0x0000023b3c7d3738]
Event: 16.806 Thread 0x0000023b4b2893a0 7120       4       sun.nio.fs.WindowsFileAttributes::<init> (57 bytes)
Event: 16.806 Thread 0x0000023b4b2893a0 nmethod 7120 0x0000023b3c7d3910 code [0x0000023b3c7d3a80, 0x0000023b3c7d3b38]
Event: 16.809 Thread 0x0000023b4b2893a0 7121       4       java.util.Arrays$ArrayItr::hasNext (18 bytes)
Event: 16.810 Thread 0x0000023b4b2893a0 nmethod 7121 0x0000023b3c7d3c10 code [0x0000023b3c7d3d80, 0x0000023b3c7d3e18]
Event: 16.811 Thread 0x0000023b4b2893a0 7122       4       java.lang.StringConcatHelper::mix (22 bytes)
Event: 16.813 Thread 0x0000023b4b2893a0 nmethod 7122 0x0000023b3c7d3f10 code [0x0000023b3c7d4080, 0x0000023b3c7d4138]
Event: 16.824 Thread 0x0000023b4b2e8d30 7123       3       org.eclipse.jdt.internal.compiler.classfmt.AnnotationInfo::decodeDefaultValue (871 bytes)
Event: 16.829 Thread 0x0000023b4b2e8d30 nmethod 7123 0x0000023b35546810 code [0x0000023b35546d40, 0x0000023b3554a418]
Event: 16.843 Thread 0x0000023b4b2893a0 7124       4       java.lang.StringConcatHelper::prepend (22 bytes)
Event: 16.845 Thread 0x0000023b4b2893a0 nmethod 7124 0x0000023b3c7d4210 code [0x0000023b3c7d4380, 0x0000023b3c7d4478]
Event: 16.845 Thread 0x0000023b4b2893a0 7125       4       org.eclipse.jdt.internal.core.search.indexing.AddJrtToIndex$JrtTraverser::visitFile (14 bytes)
Event: 16.925 Thread 0x0000023b4b2e8d30 7127       3       org.eclipse.jdt.internal.core.search.indexing.AbstractIndexer::addInterfaceDeclaration (79 bytes)
Event: 16.927 Thread 0x0000023b4b2e8d30 nmethod 7127 0x0000023b3554b690 code [0x0000023b3554b940, 0x0000023b3554c928]
Event: 16.951 Thread 0x0000023b4b2e8d30 7129       3       sun.nio.fs.WindowsFileAttributes::isSameFile (39 bytes)
Event: 16.951 Thread 0x0000023b4b2e8d30 nmethod 7129 0x0000023b3554d090 code [0x0000023b3554d220, 0x0000023b3554d3f8]
Event: 16.952 Thread 0x0000023b4b2e8d30 7130       3       java.util.ArrayDeque$DeqIterator::next (62 bytes)
Event: 16.953 Thread 0x0000023b4b2e8d30 nmethod 7130 0x0000023b3554d510 code [0x0000023b3554d6e0, 0x0000023b3554db58]
Event: 16.958 Thread 0x0000023b4b2e8d30 7131   !   3       sun.nio.fs.WindowsFileSystemProvider::isSameFile (180 bytes)
Event: 16.961 Thread 0x0000023b4b2e8d30 nmethod 7131 0x0000023b3554dd90 code [0x0000023b3554e140, 0x0000023b3554fc48]

GC Heap History (20 events):
Event: 15.668 GC heap before
{Heap before GC invocations=45 (full 3):
 PSYoungGen      total 12288K, used 11552K [0x00000000eab00000, 0x00000000eb900000, 0x0000000100000000)
  eden space 9728K, 100% used [0x00000000eab00000,0x00000000eb480000,0x00000000eb480000)
  from space 2560K, 71% used [0x00000000eb480000,0x00000000eb648000,0x00000000eb700000)
  to   space 2048K, 0% used [0x00000000eb700000,0x00000000eb700000,0x00000000eb900000)
 ParOldGen       total 68608K, used 57249K [0x00000000c0000000, 0x00000000c4300000, 0x00000000eab00000)
  object space 68608K, 83% used [0x00000000c0000000,0x00000000c37e8678,0x00000000c4300000)
 Metaspace       used 60891K, committed 61952K, reserved 1114112K
  class space    used 6993K, committed 7488K, reserved 1048576K
}
Event: 15.670 GC heap after
{Heap after GC invocations=45 (full 3):
 PSYoungGen      total 11776K, used 1653K [0x00000000eab00000, 0x00000000eb900000, 0x0000000100000000)
  eden space 9728K, 0% used [0x00000000eab00000,0x00000000eab00000,0x00000000eb480000)
  from space 2048K, 80% used [0x00000000eb700000,0x00000000eb89d688,0x00000000eb900000)
  to   space 2048K, 0% used [0x00000000eb500000,0x00000000eb500000,0x00000000eb700000)
 ParOldGen       total 68608K, used 58922K [0x00000000c0000000, 0x00000000c4300000, 0x00000000eab00000)
  object space 68608K, 85% used [0x00000000c0000000,0x00000000c398a900,0x00000000c4300000)
 Metaspace       used 60891K, committed 61952K, reserved 1114112K
  class space    used 6993K, committed 7488K, reserved 1048576K
}
Event: 15.832 GC heap before
{Heap before GC invocations=46 (full 3):
 PSYoungGen      total 11776K, used 11381K [0x00000000eab00000, 0x00000000eb900000, 0x0000000100000000)
  eden space 9728K, 100% used [0x00000000eab00000,0x00000000eb480000,0x00000000eb480000)
  from space 2048K, 80% used [0x00000000eb700000,0x00000000eb89d688,0x00000000eb900000)
  to   space 2048K, 0% used [0x00000000eb500000,0x00000000eb500000,0x00000000eb700000)
 ParOldGen       total 68608K, used 58922K [0x00000000c0000000, 0x00000000c4300000, 0x00000000eab00000)
  object space 68608K, 85% used [0x00000000c0000000,0x00000000c398a900,0x00000000c4300000)
 Metaspace       used 60891K, committed 61952K, reserved 1114112K
  class space    used 6993K, committed 7488K, reserved 1048576K
}
Event: 15.834 GC heap after
{Heap after GC invocations=46 (full 3):
 PSYoungGen      total 11776K, used 1999K [0x00000000eab00000, 0x00000000eb980000, 0x0000000100000000)
  eden space 9728K, 0% used [0x00000000eab00000,0x00000000eab00000,0x00000000eb480000)
  from space 2048K, 97% used [0x00000000eb500000,0x00000000eb6f3c80,0x00000000eb700000)
  to   space 2560K, 0% used [0x00000000eb700000,0x00000000eb700000,0x00000000eb980000)
 ParOldGen       total 68608K, used 60469K [0x00000000c0000000, 0x00000000c4300000, 0x00000000eab00000)
  object space 68608K, 88% used [0x00000000c0000000,0x00000000c3b0d520,0x00000000c4300000)
 Metaspace       used 60891K, committed 61952K, reserved 1114112K
  class space    used 6993K, committed 7488K, reserved 1048576K
}
Event: 15.949 GC heap before
{Heap before GC invocations=47 (full 3):
 PSYoungGen      total 11776K, used 11727K [0x00000000eab00000, 0x00000000eb980000, 0x0000000100000000)
  eden space 9728K, 100% used [0x00000000eab00000,0x00000000eb480000,0x00000000eb480000)
  from space 2048K, 97% used [0x00000000eb500000,0x00000000eb6f3c80,0x00000000eb700000)
  to   space 2560K, 0% used [0x00000000eb700000,0x00000000eb700000,0x00000000eb980000)
 ParOldGen       total 68608K, used 60469K [0x00000000c0000000, 0x00000000c4300000, 0x00000000eab00000)
  object space 68608K, 88% used [0x00000000c0000000,0x00000000c3b0d520,0x00000000c4300000)
 Metaspace       used 60891K, committed 61952K, reserved 1114112K
  class space    used 6993K, committed 7488K, reserved 1048576K
}
Event: 15.951 GC heap after
{Heap after GC invocations=47 (full 3):
 PSYoungGen      total 11776K, used 1984K [0x00000000eab00000, 0x00000000eb900000, 0x0000000100000000)
  eden space 9728K, 0% used [0x00000000eab00000,0x00000000eab00000,0x00000000eb480000)
  from space 2048K, 96% used [0x00000000eb700000,0x00000000eb8f01f8,0x00000000eb900000)
  to   space 2048K, 0% used [0x00000000eb500000,0x00000000eb500000,0x00000000eb700000)
 ParOldGen       total 68608K, used 62311K [0x00000000c0000000, 0x00000000c4300000, 0x00000000eab00000)
  object space 68608K, 90% used [0x00000000c0000000,0x00000000c3cd9c68,0x00000000c4300000)
 Metaspace       used 60891K, committed 61952K, reserved 1114112K
  class space    used 6993K, committed 7488K, reserved 1048576K
}
Event: 16.161 GC heap before
{Heap before GC invocations=48 (full 3):
 PSYoungGen      total 11776K, used 11712K [0x00000000eab00000, 0x00000000eb900000, 0x0000000100000000)
  eden space 9728K, 100% used [0x00000000eab00000,0x00000000eb480000,0x00000000eb480000)
  from space 2048K, 96% used [0x00000000eb700000,0x00000000eb8f01f8,0x00000000eb900000)
  to   space 2048K, 0% used [0x00000000eb500000,0x00000000eb500000,0x00000000eb700000)
 ParOldGen       total 68608K, used 62311K [0x00000000c0000000, 0x00000000c4300000, 0x00000000eab00000)
  object space 68608K, 90% used [0x00000000c0000000,0x00000000c3cd9c68,0x00000000c4300000)
 Metaspace       used 60891K, committed 61952K, reserved 1114112K
  class space    used 6993K, committed 7488K, reserved 1048576K
}
Event: 16.163 GC heap after
{Heap after GC invocations=48 (full 3):
 PSYoungGen      total 11776K, used 1540K [0x00000000eab00000, 0x00000000eb880000, 0x0000000100000000)
  eden space 9728K, 0% used [0x00000000eab00000,0x00000000eab00000,0x00000000eb480000)
  from space 2048K, 75% used [0x00000000eb500000,0x00000000eb6811a8,0x00000000eb700000)
  to   space 1536K, 0% used [0x00000000eb700000,0x00000000eb700000,0x00000000eb880000)
 ParOldGen       total 68608K, used 64158K [0x00000000c0000000, 0x00000000c4300000, 0x00000000eab00000)
  object space 68608K, 93% used [0x00000000c0000000,0x00000000c3ea7b38,0x00000000c4300000)
 Metaspace       used 60891K, committed 61952K, reserved 1114112K
  class space    used 6993K, committed 7488K, reserved 1048576K
}
Event: 16.334 GC heap before
{Heap before GC invocations=49 (full 3):
 PSYoungGen      total 11776K, used 11268K [0x00000000eab00000, 0x00000000eb880000, 0x0000000100000000)
  eden space 9728K, 100% used [0x00000000eab00000,0x00000000eb480000,0x00000000eb480000)
  from space 2048K, 75% used [0x00000000eb500000,0x00000000eb6811a8,0x00000000eb700000)
  to   space 1536K, 0% used [0x00000000eb700000,0x00000000eb700000,0x00000000eb880000)
 ParOldGen       total 68608K, used 64158K [0x00000000c0000000, 0x00000000c4300000, 0x00000000eab00000)
  object space 68608K, 93% used [0x00000000c0000000,0x00000000c3ea7b38,0x00000000c4300000)
 Metaspace       used 60892K, committed 61952K, reserved 1114112K
  class space    used 6993K, committed 7488K, reserved 1048576K
}
Event: 16.336 GC heap after
{Heap after GC invocations=49 (full 3):
 PSYoungGen      total 10240K, used 1521K [0x00000000eab00000, 0x00000000ebb80000, 0x0000000100000000)
  eden space 8704K, 0% used [0x00000000eab00000,0x00000000eab00000,0x00000000eb380000)
  from space 1536K, 99% used [0x00000000eb700000,0x00000000eb87c5e0,0x00000000eb880000)
  to   space 3584K, 0% used [0x00000000eb380000,0x00000000eb380000,0x00000000eb700000)
 ParOldGen       total 68608K, used 65593K [0x00000000c0000000, 0x00000000c4300000, 0x00000000eab00000)
  object space 68608K, 95% used [0x00000000c0000000,0x00000000c400e7b8,0x00000000c4300000)
 Metaspace       used 60892K, committed 61952K, reserved 1114112K
  class space    used 6993K, committed 7488K, reserved 1048576K
}
Event: 16.520 GC heap before
{Heap before GC invocations=50 (full 3):
 PSYoungGen      total 10240K, used 10225K [0x00000000eab00000, 0x00000000ebb80000, 0x0000000100000000)
  eden space 8704K, 100% used [0x00000000eab00000,0x00000000eb380000,0x00000000eb380000)
  from space 1536K, 99% used [0x00000000eb700000,0x00000000eb87c5e0,0x00000000eb880000)
  to   space 3584K, 0% used [0x00000000eb380000,0x00000000eb380000,0x00000000eb700000)
 ParOldGen       total 68608K, used 65593K [0x00000000c0000000, 0x00000000c4300000, 0x00000000eab00000)
  object space 68608K, 95% used [0x00000000c0000000,0x00000000c400e7b8,0x00000000c4300000)
 Metaspace       used 60902K, committed 61952K, reserved 1114112K
  class space    used 6994K, committed 7488K, reserved 1048576K
}
Event: 16.522 GC heap after
{Heap after GC invocations=50 (full 3):
 PSYoungGen      total 10240K, used 1366K [0x00000000eab00000, 0x00000000eb780000, 0x0000000100000000)
  eden space 8704K, 0% used [0x00000000eab00000,0x00000000eab00000,0x00000000eb380000)
  from space 1536K, 88% used [0x00000000eb380000,0x00000000eb4d58a0,0x00000000eb500000)
  to   space 2048K, 0% used [0x00000000eb580000,0x00000000eb580000,0x00000000eb780000)
 ParOldGen       total 68608K, used 67085K [0x00000000c0000000, 0x00000000c4300000, 0x00000000eab00000)
  object space 68608K, 97% used [0x00000000c0000000,0x00000000c4183600,0x00000000c4300000)
 Metaspace       used 60902K, committed 61952K, reserved 1114112K
  class space    used 6994K, committed 7488K, reserved 1048576K
}
Event: 16.697 GC heap before
{Heap before GC invocations=51 (full 3):
 PSYoungGen      total 10240K, used 10070K [0x00000000eab00000, 0x00000000eb780000, 0x0000000100000000)
  eden space 8704K, 100% used [0x00000000eab00000,0x00000000eb380000,0x00000000eb380000)
  from space 1536K, 88% used [0x00000000eb380000,0x00000000eb4d58a0,0x00000000eb500000)
  to   space 2048K, 0% used [0x00000000eb580000,0x00000000eb580000,0x00000000eb780000)
 ParOldGen       total 68608K, used 67085K [0x00000000c0000000, 0x00000000c4300000, 0x00000000eab00000)
  object space 68608K, 97% used [0x00000000c0000000,0x00000000c4183600,0x00000000c4300000)
 Metaspace       used 60902K, committed 61952K, reserved 1114112K
  class space    used 6994K, committed 7488K, reserved 1048576K
}
Event: 16.699 GC heap after
{Heap after GC invocations=51 (full 3):
 PSYoungGen      total 10752K, used 1568K [0x00000000eab00000, 0x00000000eb780000, 0x0000000100000000)
  eden space 8704K, 0% used [0x00000000eab00000,0x00000000eab00000,0x00000000eb380000)
  from space 2048K, 76% used [0x00000000eb580000,0x00000000eb7080b8,0x00000000eb780000)
  to   space 2048K, 0% used [0x00000000eb380000,0x00000000eb380000,0x00000000eb580000)
 ParOldGen       total 68608K, used 68396K [0x00000000c0000000, 0x00000000c4300000, 0x00000000eab00000)
  object space 68608K, 99% used [0x00000000c0000000,0x00000000c42cb018,0x00000000c4300000)
 Metaspace       used 60902K, committed 61952K, reserved 1114112K
  class space    used 6994K, committed 7488K, reserved 1048576K
}
Event: 16.699 GC heap before
{Heap before GC invocations=52 (full 4):
 PSYoungGen      total 10752K, used 1568K [0x00000000eab00000, 0x00000000eb780000, 0x0000000100000000)
  eden space 8704K, 0% used [0x00000000eab00000,0x00000000eab00000,0x00000000eb380000)
  from space 2048K, 76% used [0x00000000eb580000,0x00000000eb7080b8,0x00000000eb780000)
  to   space 2048K, 0% used [0x00000000eb380000,0x00000000eb380000,0x00000000eb580000)
 ParOldGen       total 68608K, used 68396K [0x00000000c0000000, 0x00000000c4300000, 0x00000000eab00000)
  object space 68608K, 99% used [0x00000000c0000000,0x00000000c42cb018,0x00000000c4300000)
 Metaspace       used 60902K, committed 61952K, reserved 1114112K
  class space    used 6994K, committed 7488K, reserved 1048576K
}
Event: 16.778 GC heap after
{Heap after GC invocations=52 (full 4):
 PSYoungGen      total 10752K, used 412K [0x00000000eab00000, 0x00000000eb780000, 0x0000000100000000)
  eden space 8704K, 0% used [0x00000000eab00000,0x00000000eab00000,0x00000000eb380000)
  from space 2048K, 20% used [0x00000000eb580000,0x00000000eb5e7208,0x00000000eb780000)
  to   space 2048K, 0% used [0x00000000eb380000,0x00000000eb380000,0x00000000eb580000)
 ParOldGen       total 68608K, used 68295K [0x00000000c0000000, 0x00000000c4300000, 0x00000000eab00000)
  object space 68608K, 99% used [0x00000000c0000000,0x00000000c42b1c30,0x00000000c4300000)
 Metaspace       used 60902K, committed 61952K, reserved 1114112K
  class space    used 6994K, committed 7488K, reserved 1048576K
}
Event: 16.854 GC heap before
{Heap before GC invocations=53 (full 5):
 PSYoungGen      total 10752K, used 9116K [0x00000000eab00000, 0x00000000eb780000, 0x0000000100000000)
  eden space 8704K, 100% used [0x00000000eab00000,0x00000000eb380000,0x00000000eb380000)
  from space 2048K, 20% used [0x00000000eb580000,0x00000000eb5e7208,0x00000000eb780000)
  to   space 2048K, 0% used [0x00000000eb380000,0x00000000eb380000,0x00000000eb580000)
 ParOldGen       total 68608K, used 68295K [0x00000000c0000000, 0x00000000c4300000, 0x00000000eab00000)
  object space 68608K, 99% used [0x00000000c0000000,0x00000000c42b1c30,0x00000000c4300000)
 Metaspace       used 60906K, committed 61952K, reserved 1114112K
  class space    used 6994K, committed 7488K, reserved 1048576K
}
Event: 16.908 GC heap after
{Heap after GC invocations=53 (full 5):
 PSYoungGen      total 10752K, used 1708K [0x00000000eab00000, 0x00000000eb800000, 0x0000000100000000)
  eden space 8704K, 19% used [0x00000000eab00000,0x00000000eacab038,0x00000000eb380000)
  from space 2048K, 0% used [0x00000000eb380000,0x00000000eb380000,0x00000000eb580000)
  to   space 2048K, 0% used [0x00000000eb580000,0x00000000eb580000,0x00000000eb780000)
 ParOldGen       total 68608K, used 68523K [0x00000000c0000000, 0x00000000c4300000, 0x00000000eab00000)
  object space 68608K, 99% used [0x00000000c0000000,0x00000000c42eace8,0x00000000c4300000)
 Metaspace       used 60906K, committed 61952K, reserved 1114112K
  class space    used 6994K, committed 7488K, reserved 1048576K
}
Event: 16.990 GC heap before
{Heap before GC invocations=54 (full 6):
 PSYoungGen      total 10752K, used 8704K [0x00000000eab00000, 0x00000000eb800000, 0x0000000100000000)
  eden space 8704K, 100% used [0x00000000eab00000,0x00000000eb380000,0x00000000eb380000)
  from space 2048K, 0% used [0x00000000eb380000,0x00000000eb380000,0x00000000eb580000)
  to   space 2048K, 0% used [0x00000000eb580000,0x00000000eb580000,0x00000000eb780000)
 ParOldGen       total 68608K, used 68523K [0x00000000c0000000, 0x00000000c4300000, 0x00000000eab00000)
  object space 68608K, 99% used [0x00000000c0000000,0x00000000c42eace8,0x00000000c4300000)
 Metaspace       used 60906K, committed 61952K, reserved 1114112K
  class space    used 6994K, committed 7488K, reserved 1048576K
}
Event: 17.042 GC heap after
{Heap after GC invocations=54 (full 6):
 PSYoungGen      total 10752K, used 2964K [0x00000000eab00000, 0x00000000eb800000, 0x0000000100000000)
  eden space 8704K, 34% used [0x00000000eab00000,0x00000000eade52b0,0x00000000eb380000)
  from space 2048K, 0% used [0x00000000eb580000,0x00000000eb580000,0x00000000eb780000)
  to   space 2048K, 0% used [0x00000000eb380000,0x00000000eb380000,0x00000000eb580000)
 ParOldGen       total 68608K, used 68522K [0x00000000c0000000, 0x00000000c4300000, 0x00000000eab00000)
  object space 68608K, 99% used [0x00000000c0000000,0x00000000c42ea978,0x00000000c4300000)
 Metaspace       used 60906K, committed 61952K, reserved 1114112K
  class space    used 6994K, committed 7488K, reserved 1048576K
}

Dll operation events (13 events):
Event: 0.064 Loaded shared library c:\Users\91993\.vscode\extensions\redhat.java-1.25.1-win32-x64\jre\17.0.9-win32-x86_64\bin\java.dll
Event: 0.536 Loaded shared library c:\Users\91993\.vscode\extensions\redhat.java-1.25.1-win32-x64\jre\17.0.9-win32-x86_64\bin\zip.dll
Event: 0.542 Loaded shared library C:\Users\91993\.vscode\extensions\redhat.java-1.25.1-win32-x64\jre\17.0.9-win32-x86_64\bin\instrument.dll
Event: 0.576 Loaded shared library C:\Users\91993\.vscode\extensions\redhat.java-1.25.1-win32-x64\jre\17.0.9-win32-x86_64\bin\net.dll
Event: 0.588 Loaded shared library C:\Users\91993\.vscode\extensions\redhat.java-1.25.1-win32-x64\jre\17.0.9-win32-x86_64\bin\nio.dll
Event: 0.605 Loaded shared library C:\Users\91993\.vscode\extensions\redhat.java-1.25.1-win32-x64\jre\17.0.9-win32-x86_64\bin\zip.dll
Event: 0.650 Loaded shared library C:\Users\91993\.vscode\extensions\redhat.java-1.25.1-win32-x64\jre\17.0.9-win32-x86_64\bin\jimage.dll
Event: 0.848 Loaded shared library c:\Users\91993\.vscode\extensions\redhat.java-1.25.1-win32-x64\jre\17.0.9-win32-x86_64\bin\verify.dll
Event: 2.790 Loaded shared library C:\Users\91993\AppData\Roaming\Code\User\globalStorage\redhat.java\1.25.1\config_win\org.eclipse.equinox.launcher\org.eclipse.equinox.launcher.win32.win32.x86_64_1.2.800.v20231003-1442\eclipse_11802.dll
Event: 7.081 Loaded shared library C:\Users\91993\AppData\Local\Temp\jna-54157051\jna3222186874703351881.dll
Event: 11.557 Loaded shared library C:\Users\91993\.gradle\native\68d5fa5c4cc2d200863cafc0d521ce42e7d3e7ee720ec0a83991735586a16f82\windows-amd64\native-platform.dll
Event: 13.947 Loaded shared library C:\Users\91993\.vscode\extensions\redhat.java-1.25.1-win32-x64\jre\17.0.9-win32-x86_64\bin\management.dll
Event: 13.955 Loaded shared library C:\Users\91993\.vscode\extensions\redhat.java-1.25.1-win32-x64\jre\17.0.9-win32-x86_64\bin\management_ext.dll

Deoptimization events (20 events):
Event: 15.503 Thread 0x0000023b4d287730 Uncommon trap: trap_request=0xffffffde fr.pc=0x0000023b3c5e027c relative=0x000000000000049c
Event: 15.503 Thread 0x0000023b4d287730 Uncommon trap: reason=class_check action=maybe_recompile pc=0x0000023b3c5e027c method=java.util.regex.Pattern$SliceU.match(Ljava/util/regex/Matcher;ILjava/lang/CharSequence;)Z @ 95 c2
Event: 15.503 Thread 0x0000023b4d287730 DEOPT PACKING pc=0x0000023b3c5e027c sp=0x000000c25affe840
Event: 15.503 Thread 0x0000023b4d287730 DEOPT UNPACKING pc=0x0000023b3bdf9ea3 sp=0x000000c25affe7c8 mode 2
Event: 15.718 Thread 0x0000023b4d287730 DEOPT PACKING pc=0x0000023b355242a9 sp=0x000000c25affe6d0
Event: 15.718 Thread 0x0000023b4d287730 DEOPT UNPACKING pc=0x0000023b3bdfa9e3 sp=0x000000c25affdbf0 mode 0
Event: 15.734 Thread 0x0000023b4d287220 Uncommon trap: trap_request=0xffffff45 fr.pc=0x0000023b3c725348 relative=0x0000000000001408
Event: 15.734 Thread 0x0000023b4d287220 Uncommon trap: reason=unstable_if action=reinterpret pc=0x0000023b3c725348 method=org.eclipse.jdt.internal.core.search.indexing.BinaryIndexer.decodeReturnType([C)[C @ 359 c2
Event: 15.734 Thread 0x0000023b4d287220 DEOPT PACKING pc=0x0000023b3c725348 sp=0x000000c25adfeda0
Event: 15.734 Thread 0x0000023b4d287220 DEOPT UNPACKING pc=0x0000023b3bdf9ea3 sp=0x000000c25adfed88 mode 2
Event: 15.750 Thread 0x0000023b4d287730 DEOPT PACKING pc=0x0000023b355242a9 sp=0x000000c25affe6d0
Event: 15.750 Thread 0x0000023b4d287730 DEOPT UNPACKING pc=0x0000023b3bdfa9e3 sp=0x000000c25affdbf0 mode 0
Event: 15.783 Thread 0x0000023b4d287730 DEOPT PACKING pc=0x0000023b355242a9 sp=0x000000c25affe6d0
Event: 15.783 Thread 0x0000023b4d287730 DEOPT UNPACKING pc=0x0000023b3bdfa9e3 sp=0x000000c25affdbf0 mode 0
Event: 15.863 Thread 0x0000023b4d287730 DEOPT PACKING pc=0x0000023b3514a3e7 sp=0x000000c25affe820
Event: 15.863 Thread 0x0000023b4d287730 DEOPT UNPACKING pc=0x0000023b3bdfa9e3 sp=0x000000c25affdd28 mode 0
Event: 15.994 Thread 0x0000023b4d287220 Uncommon trap: trap_request=0xffffff45 fr.pc=0x0000023b3c708270 relative=0x0000000000001010
Event: 15.994 Thread 0x0000023b4d287220 Uncommon trap: reason=unstable_if action=reinterpret pc=0x0000023b3c708270 method=org.eclipse.jdt.internal.compiler.classfmt.MethodInfo.createMethod([B[IIJ)Lorg/eclipse/jdt/internal/compiler/classfmt/MethodInfo; @ 352 c2
Event: 15.994 Thread 0x0000023b4d287220 DEOPT PACKING pc=0x0000023b3c708270 sp=0x000000c25adfecd0
Event: 15.994 Thread 0x0000023b4d287220 DEOPT UNPACKING pc=0x0000023b3bdf9ea3 sp=0x000000c25adfec10 mode 2

Classes unloaded (7 events):
Event: 4.545 Thread 0x0000023b4b2614b0 Unloading class 0x0000000100250000 'java/lang/invoke/LambdaForm$MH+0x0000000100250000'
Event: 4.545 Thread 0x0000023b4b2614b0 Unloading class 0x000000010024fc00 'java/lang/invoke/LambdaForm$MH+0x000000010024fc00'
Event: 4.545 Thread 0x0000023b4b2614b0 Unloading class 0x000000010024f800 'java/lang/invoke/LambdaForm$MH+0x000000010024f800'
Event: 4.545 Thread 0x0000023b4b2614b0 Unloading class 0x000000010024f400 'java/lang/invoke/LambdaForm$MH+0x000000010024f400'
Event: 4.545 Thread 0x0000023b4b2614b0 Unloading class 0x000000010024f000 'java/lang/invoke/LambdaForm$BMH+0x000000010024f000'
Event: 4.545 Thread 0x0000023b4b2614b0 Unloading class 0x000000010024ec00 'java/lang/invoke/LambdaForm$DMH+0x000000010024ec00'
Event: 4.545 Thread 0x0000023b4b2614b0 Unloading class 0x000000010024c000 'java/lang/invoke/LambdaForm$DMH+0x000000010024c000'

Classes redefined (0 events):
No events

Internal exceptions (20 events):
Event: 15.506 Thread 0x0000023b4d287730 Exception <a 'sun/nio/fs/WindowsException'{0x00000000eabf0168}> (0x00000000eabf0168) 
thrown [s\src\hotspot\share\prims\jni.cpp, line 516]
Event: 15.512 Thread 0x0000023b4d287730 Exception <a 'sun/nio/fs/WindowsException'{0x00000000eac824e8}> (0x00000000eac824e8) 
thrown [s\src\hotspot\share\prims\jni.cpp, line 516]
Event: 15.517 Thread 0x0000023b4d287730 Exception <a 'sun/nio/fs/WindowsException'{0x00000000eac8d778}> (0x00000000eac8d778) 
thrown [s\src\hotspot\share\prims\jni.cpp, line 516]
Event: 15.519 Thread 0x0000023b4d287730 Exception <a 'sun/nio/fs/WindowsException'{0x00000000eac987c8}> (0x00000000eac987c8) 
thrown [s\src\hotspot\share\prims\jni.cpp, line 516]
Event: 15.520 Thread 0x0000023b4d287730 Exception <a 'sun/nio/fs/WindowsException'{0x00000000eaca3e18}> (0x00000000eaca3e18) 
thrown [s\src\hotspot\share\prims\jni.cpp, line 516]
Event: 15.520 Thread 0x0000023b4d287730 Exception <a 'sun/nio/fs/WindowsException'{0x00000000eacaeb30}> (0x00000000eacaeb30) 
thrown [s\src\hotspot\share\prims\jni.cpp, line 516]
Event: 15.521 Thread 0x0000023b4d287730 Exception <a 'sun/nio/fs/WindowsException'{0x00000000eacbe990}> (0x00000000eacbe990) 
thrown [s\src\hotspot\share\prims\jni.cpp, line 516]
Event: 15.525 Thread 0x0000023b4d287730 Exception <a 'sun/nio/fs/WindowsException'{0x00000000ead241d8}> (0x00000000ead241d8) 
thrown [s\src\hotspot\share\prims\jni.cpp, line 516]
Event: 15.532 Thread 0x0000023b4d287730 Exception <a 'sun/nio/fs/WindowsException'{0x00000000ead2f368}> (0x00000000ead2f368) 
thrown [s\src\hotspot\share\prims\jni.cpp, line 516]
Event: 15.536 Thread 0x0000023b4d287730 Exception <a 'sun/nio/fs/WindowsException'{0x00000000ead3a960}> (0x00000000ead3a960) 
thrown [s\src\hotspot\share\prims\jni.cpp, line 516]
Event: 15.537 Thread 0x0000023b4d287730 Exception <a 'sun/nio/fs/WindowsException'{0x00000000eadb1e80}> (0x00000000eadb1e80) 
thrown [s\src\hotspot\share\prims\jni.cpp, line 516]
Event: 15.538 Thread 0x0000023b4d287730 Exception <a 'sun/nio/fs/WindowsException'{0x00000000eadf6118}> (0x00000000eadf6118) 
thrown [s\src\hotspot\share\prims\jni.cpp, line 516]
Event: 15.540 Thread 0x0000023b4d287730 Exception <a 'sun/nio/fs/WindowsException'{0x00000000eae024b0}> (0x00000000eae024b0) 
thrown [s\src\hotspot\share\prims\jni.cpp, line 516]
Event: 15.547 Thread 0x0000023b4d287730 Exception <a 'sun/nio/fs/WindowsException'{0x00000000eae0de50}> (0x00000000eae0de50) 
thrown [s\src\hotspot\share\prims\jni.cpp, line 516]
Event: 15.548 Thread 0x0000023b4d287730 Exception <a 'sun/nio/fs/WindowsException'{0x00000000eae19438}> (0x00000000eae19438) 
thrown [s\src\hotspot\share\prims\jni.cpp, line 516]
Event: 15.549 Thread 0x0000023b4d287730 Exception <a 'sun/nio/fs/WindowsException'{0x00000000eae24b48}> (0x00000000eae24b48) 
thrown [s\src\hotspot\share\prims\jni.cpp, line 516]
Event: 15.550 Thread 0x0000023b4d287730 Exception <a 'sun/nio/fs/WindowsException'{0x00000000eae30328}> (0x00000000eae30328) 
thrown [s\src\hotspot\share\prims\jni.cpp, line 516]
Event: 15.550 Thread 0x0000023b4d287730 Exception <a 'sun/nio/fs/WindowsException'{0x00000000eae3c2b0}> (0x00000000eae3c2b0) 
thrown [s\src\hotspot\share\prims\jni.cpp, line 516]
Event: 15.551 Thread 0x0000023b4d287730 Exception <a 'sun/nio/fs/WindowsException'{0x00000000eae477e0}> (0x00000000eae477e0) 
thrown [s\src\hotspot\share\prims\jni.cpp, line 516]
Event: 15.552 Thread 0x0000023b4d287730 Exception <a 'sun/nio/fs/WindowsException'{0x00000000eae528d8}> (0x00000000eae528d8) 
thrown [s\src\hotspot\share\prims\jni.cpp, line 516]

VM Operations (20 events):
Event: 15.474 Executing VM operation: ParallelGCFailedAllocation
Event: 15.492 Executing VM operation: ParallelGCFailedAllocation done
Event: 15.655 Executing VM operation: ParallelGCFailedAllocation
Event: 15.672 Executing VM operation: ParallelGCFailedAllocation done
Event: 15.832 Executing VM operation: ParallelGCFailedAllocation
Event: 15.834 Executing VM operation: ParallelGCFailedAllocation done
Event: 15.949 Executing VM operation: ParallelGCFailedAllocation
Event: 15.951 Executing VM operation: ParallelGCFailedAllocation done
Event: 16.152 Executing VM operation: ParallelGCFailedAllocation
Event: 16.168 Executing VM operation: ParallelGCFailedAllocation done
Event: 16.325 Executing VM operation: ParallelGCFailedAllocation
Event: 16.340 Executing VM operation: ParallelGCFailedAllocation done
Event: 16.517 Executing VM operation: ParallelGCFailedAllocation
Event: 16.527 Executing VM operation: ParallelGCFailedAllocation done
Event: 16.697 Executing VM operation: ParallelGCFailedAllocation
Event: 16.779 Executing VM operation: ParallelGCFailedAllocation done
Event: 16.854 Executing VM operation: ParallelGCFailedAllocation
Event: 16.909 Executing VM operation: ParallelGCFailedAllocation done
Event: 16.990 Executing VM operation: ParallelGCFailedAllocation
Event: 17.048 Executing VM operation: ParallelGCFailedAllocation done

Events (20 events):
Event: 15.004 loading class java/util/AbstractList$SubList$1 done
Event: 15.004 loading class java/util/AbstractList$ListItr
Event: 15.004 loading class java/util/AbstractList$ListItr done
Event: 15.292 Thread 0x0000023b4d92f0a0 Thread exited: 0x0000023b4d92f0a0
Event: 15.384 Thread 0x0000023b4f66e280 Thread added: 0x0000023b4f66e280
Event: 15.387 Thread 0x0000023b4f671f40 Thread added: 0x0000023b4f671f40
Event: 15.469 Thread 0x0000023b4f671f40 Thread exited: 0x0000023b4f671f40
Event: 15.470 loading class java/lang/Throwable$WrappedPrintWriter
Event: 15.471 loading class java/lang/Throwable$PrintStreamOrWriter
Event: 15.471 loading class java/lang/Throwable$PrintStreamOrWriter done
Event: 15.471 loading class java/lang/Throwable$WrappedPrintWriter done
Event: 15.472 loading class java/text/DontCareFieldPosition
Event: 15.472 loading class java/text/DontCareFieldPosition done
Event: 15.472 loading class java/text/DontCareFieldPosition$1
Event: 15.472 loading class java/text/Format$FieldDelegate
Event: 15.472 loading class java/text/Format$FieldDelegate done
Event: 15.472 loading class java/text/DontCareFieldPosition$1 done
Event: 15.473 loading class java/text/NumberFormat$Field
Event: 15.473 loading class java/text/NumberFormat$Field done
Event: 16.452 Thread 0x0000023b4ce7c540 Thread exited: 0x0000023b4ce7c540


Dynamic libraries:
0x00007ff760f00000 - 0x00007ff760f0e000 	c:\Users\91993\.vscode\extensions\redhat.java-1.25.1-win32-x64\jre\17.0.9-win32-x86_64\bin\java.exe
0x00007ffe77c10000 - 0x00007ffe77e27000 	C:\WINDOWS\SYSTEM32\ntdll.dll
0x00007ffe776b0000 - 0x00007ffe77774000 	C:\WINDOWS\System32\KERNEL32.DLL
0x00007ffe751e0000 - 0x00007ffe75586000 	C:\WINDOWS\System32\KERNELBASE.dll
0x00007ffe75020000 - 0x00007ffe75131000 	C:\WINDOWS\System32\ucrtbase.dll
0x00007ffe66d50000 - 0x00007ffe66d67000 	c:\Users\91993\.vscode\extensions\redhat.java-1.25.1-win32-x64\jre\17.0.9-win32-x86_64\bin\jli.dll
0x00007ffe774e0000 - 0x00007ffe7768e000 	C:\WINDOWS\System32\USER32.dll
0x00007ffe75140000 - 0x00007ffe75166000 	C:\WINDOWS\System32\win32u.dll
0x00007ffe77a80000 - 0x00007ffe77aa9000 	C:\WINDOWS\System32\GDI32.dll
0x00007ffe757c0000 - 0x00007ffe758d8000 	C:\WINDOWS\System32\gdi32full.dll
0x00007ffe74f80000 - 0x00007ffe7501a000 	C:\WINDOWS\System32\msvcp_win.dll
0x00007ffe66820000 - 0x00007ffe6683b000 	c:\Users\91993\.vscode\extensions\redhat.java-1.25.1-win32-x64\jre\17.0.9-win32-x86_64\bin\VCRUNTIME140.dll
0x00007ffe5c3e0000 - 0x00007ffe5c673000 	C:\WINDOWS\WinSxS\amd64_microsoft.windows.common-controls_6595b64144ccf1df_6.0.22621.2506_none_270c5ae97388e100\COMCTL32.dll
0x00007ffe77b20000 - 0x00007ffe77bc7000 	C:\WINDOWS\System32\msvcrt.dll
0x00007ffe77270000 - 0x00007ffe772a1000 	C:\WINDOWS\System32\IMM32.DLL
0x00007ffe6c200000 - 0x00007ffe6c20c000 	c:\Users\91993\.vscode\extensions\redhat.java-1.25.1-win32-x64\jre\17.0.9-win32-x86_64\bin\vcruntime140_1.dll
0x00007ffe60680000 - 0x00007ffe6070d000 	c:\Users\91993\.vscode\extensions\redhat.java-1.25.1-win32-x64\jre\17.0.9-win32-x86_64\bin\msvcp140.dll
0x00007ffe16450000 - 0x00007ffe170b1000 	c:\Users\91993\.vscode\extensions\redhat.java-1.25.1-win32-x64\jre\17.0.9-win32-x86_64\bin\server\jvm.dll
0x00007ffe75be0000 - 0x00007ffe75c91000 	C:\WINDOWS\System32\ADVAPI32.dll
0x00007ffe772b0000 - 0x00007ffe77355000 	C:\WINDOWS\System32\sechost.dll
0x00007ffe76e90000 - 0x00007ffe76fa7000 	C:\WINDOWS\System32\RPCRT4.dll
0x00007ffe74e50000 - 0x00007ffe74e9d000 	C:\WINDOWS\SYSTEM32\POWRPROF.dll
0x00007ffe51d90000 - 0x00007ffe51d99000 	C:\WINDOWS\SYSTEM32\WSOCK32.dll
0x00007ffe75960000 - 0x00007ffe759d1000 	C:\WINDOWS\System32\WS2_32.dll
0x00007ffe6a370000 - 0x00007ffe6a3a4000 	C:\WINDOWS\SYSTEM32\WINMM.dll
0x00007ffe6bdc0000 - 0x00007ffe6bdca000 	C:\WINDOWS\SYSTEM32\VERSION.dll
0x00007ffe74e30000 - 0x00007ffe74e43000 	C:\WINDOWS\SYSTEM32\UMPDC.dll
0x00007ffe73f40000 - 0x00007ffe73f58000 	C:\WINDOWS\SYSTEM32\kernel.appcore.dll
0x00007ffe6b2c0000 - 0x00007ffe6b2ca000 	c:\Users\91993\.vscode\extensions\redhat.java-1.25.1-win32-x64\jre\17.0.9-win32-x86_64\bin\jimage.dll
0x00007ffe6f080000 - 0x00007ffe6f2b3000 	C:\WINDOWS\SYSTEM32\DBGHELP.DLL
0x00007ffe75cc0000 - 0x00007ffe76049000 	C:\WINDOWS\System32\combase.dll
0x00007ffe75a00000 - 0x00007ffe75ad7000 	C:\WINDOWS\System32\OLEAUT32.dll
0x00007ffe3d640000 - 0x00007ffe3d672000 	C:\WINDOWS\SYSTEM32\dbgcore.DLL
0x00007ffe758e0000 - 0x00007ffe7595a000 	C:\WINDOWS\System32\bcryptPrimitives.dll
0x00007ffe6ac50000 - 0x00007ffe6ac5e000 	c:\Users\91993\.vscode\extensions\redhat.java-1.25.1-win32-x64\jre\17.0.9-win32-x86_64\bin\instrument.dll
0x00007ffe667f0000 - 0x00007ffe66815000 	c:\Users\91993\.vscode\extensions\redhat.java-1.25.1-win32-x64\jre\17.0.9-win32-x86_64\bin\java.dll
0x00007ffe666e0000 - 0x00007ffe666f8000 	c:\Users\91993\.vscode\extensions\redhat.java-1.25.1-win32-x64\jre\17.0.9-win32-x86_64\bin\zip.dll
0x00007ffe761b0000 - 0x00007ffe76a0a000 	C:\WINDOWS\System32\SHELL32.dll
0x00007ffe72e10000 - 0x00007ffe73706000 	C:\WINDOWS\SYSTEM32\windows.storage.dll
0x00007ffe72cd0000 - 0x00007ffe72e0e000 	C:\WINDOWS\SYSTEM32\wintypes.dll
0x00007ffe77360000 - 0x00007ffe77453000 	C:\WINDOWS\System32\SHCORE.dll
0x00007ffe77ab0000 - 0x00007ffe77b0e000 	C:\WINDOWS\System32\shlwapi.dll
0x00007ffe74eb0000 - 0x00007ffe74ed6000 	C:\WINDOWS\SYSTEM32\profapi.dll
0x00007ffe64780000 - 0x00007ffe64799000 	C:\Users\91993\.vscode\extensions\redhat.java-1.25.1-win32-x64\jre\17.0.9-win32-x86_64\bin\net.dll
0x00007ffe69150000 - 0x00007ffe69287000 	C:\WINDOWS\SYSTEM32\WINHTTP.dll
0x00007ffe743c0000 - 0x00007ffe74429000 	C:\WINDOWS\system32\mswsock.dll
0x00007ffe64330000 - 0x00007ffe64346000 	C:\Users\91993\.vscode\extensions\redhat.java-1.25.1-win32-x64\jre\17.0.9-win32-x86_64\bin\nio.dll
0x00007ffe6ee00000 - 0x00007ffe6ee10000 	c:\Users\91993\.vscode\extensions\redhat.java-1.25.1-win32-x64\jre\17.0.9-win32-x86_64\bin\verify.dll
0x00007ffe6e780000 - 0x00007ffe6e7be000 	C:\Users\91993\AppData\Roaming\Code\User\globalStorage\redhat.java\1.25.1\config_win\org.eclipse.equinox.launcher\org.eclipse.equinox.launcher.win32.win32.x86_64_1.2.800.v20231003-1442\eclipse_11802.dll
0x00007ffe76fb0000 - 0x00007ffe77150000 	C:\WINDOWS\System32\ole32.dll
0x00007ffe74660000 - 0x00007ffe7467b000 	C:\WINDOWS\SYSTEM32\CRYPTSP.dll
0x00007ffe73ea0000 - 0x00007ffe73ed5000 	C:\WINDOWS\system32\rsaenh.dll
0x00007ffe744d0000 - 0x00007ffe744fc000 	C:\WINDOWS\SYSTEM32\USERENV.dll
0x00007ffe74820000 - 0x00007ffe74848000 	C:\WINDOWS\SYSTEM32\bcrypt.dll
0x00007ffe74650000 - 0x00007ffe7465c000 	C:\WINDOWS\SYSTEM32\CRYPTBASE.dll
0x00007ffe73960000 - 0x00007ffe7398d000 	C:\WINDOWS\SYSTEM32\IPHLPAPI.DLL
0x00007ffe76050000 - 0x00007ffe76059000 	C:\WINDOWS\System32\NSI.dll
0x00007ffe68f90000 - 0x00007ffe68fa9000 	C:\WINDOWS\SYSTEM32\dhcpcsvc6.DLL
0x00007ffe68f70000 - 0x00007ffe68f8f000 	C:\WINDOWS\SYSTEM32\dhcpcsvc.DLL
0x00007ffe73990000 - 0x00007ffe73a89000 	C:\WINDOWS\SYSTEM32\DNSAPI.dll
0x00007ffe69bd0000 - 0x00007ffe69c15000 	C:\Users\91993\AppData\Local\Temp\jna-54157051\jna3222186874703351881.dll
0x00007ffe776a0000 - 0x00007ffe776a8000 	C:\WINDOWS\System32\PSAPI.DLL
0x00007ffe6e750000 - 0x00007ffe6e777000 	C:\Users\91993\.gradle\native\68d5fa5c4cc2d200863cafc0d521ce42e7d3e7ee720ec0a83991735586a16f82\windows-amd64\native-platform.dll
0x00007ffe6ec90000 - 0x00007ffe6ec99000 	C:\Users\91993\.vscode\extensions\redhat.java-1.25.1-win32-x64\jre\17.0.9-win32-x86_64\bin\management.dll
0x00007ffe6d0d0000 - 0x00007ffe6d0db000 	C:\Users\91993\.vscode\extensions\redhat.java-1.25.1-win32-x64\jre\17.0.9-win32-x86_64\bin\management_ext.dll

dbghelp: loaded successfully - version: 4.0.5 - missing functions: none
symbol engine: initialized successfully - sym options: 0x614 - pdb path: .;c:\Users\91993\.vscode\extensions\redhat.java-1.25.1-win32-x64\jre\17.0.9-win32-x86_64\bin;C:\WINDOWS\SYSTEM32;C:\WINDOWS\WinSxS\amd64_microsoft.windows.common-controls_6595b64144ccf1df_6.0.22621.2506_none_270c5ae97388e100;c:\Users\91993\.vscode\extensions\redhat.java-1.25.1-win32-x64\jre\17.0.9-win32-x86_64\bin\server;C:\Users\91993\AppData\Roaming\Code\User\globalStorage\redhat.java\1.25.1\config_win\org.eclipse.equinox.launcher\org.eclipse.equinox.launcher.win32.win32.x86_64_1.2.800.v20231003-1442;C:\Users\91993\AppData\Local\Temp\jna-54157051;C:\Users\91993\.gradle\native\68d5fa5c4cc2d200863cafc0d521ce42e7d3e7ee720ec0a83991735586a16f82\windows-amd64

VM Arguments:
jvm_args: --add-modules=ALL-SYSTEM --add-opens=java.base/java.util=ALL-UNNAMED --add-opens=java.base/java.lang=ALL-UNNAMED --add-opens=java.base/sun.nio.fs=ALL-UNNAMED -Declipse.application=org.eclipse.jdt.ls.core.id1 -Dosgi.bundles.defaultStartLevel=4 -Declipse.product=org.eclipse.jdt.ls.core.product -Djava.import.generatesMetadataFilesAtProjectRoot=false -DDetectVMInstallationsJob.disabled=true -Dfile.encoding=utf8 -XX:+UseParallelGC -XX:GCTimeRatio=4 -XX:AdaptiveSizePolicyWeight=90 -Dsun.zip.disableMemoryMapping=true -Xmx1G -Xms100m -Xlog:disable -javaagent:c:\Users\91993\.vscode\extensions\redhat.java-1.25.1-win32-x64\lombok\lombok-1.18.30.jar -XX:+HeapDumpOnOutOfMemoryError -XX:HeapDumpPath=c:\Users\91993\AppData\Roaming\Code\User\workspaceStorage\244ba854a01daa398e900e74784e95ac\redhat.java -Daether.dependencyCollector.impl=bf 
java_command: c:\Users\91993\.vscode\extensions\redhat.java-1.25.1-win32-x64\server\plugins\org.eclipse.equinox.launcher_1.6.600.v20231106-1826.jar -configuration c:\Users\91993\AppData\Roaming\Code\User\globalStorage\redhat.java\1.25.1\config_win -data c:\Users\91993\AppData\Roaming\Code\User\workspaceStorage\244ba854a01daa398e900e74784e95ac\redhat.java\jdt_ws --stdio
java_class_path (initial): c:\Users\91993\.vscode\extensions\redhat.java-1.25.1-win32-x64\server\plugins\org.eclipse.equinox.launcher_1.6.600.v20231106-1826.jar
Launcher Type: SUN_STANDARD

[Global flags]
    uintx AdaptiveSizePolicyWeight                 = 90                                        {product} {command line}
     intx CICompilerCount                          = 4                                         {product} {ergonomic}
    uintx GCTimeRatio                              = 4                                         {product} {command line}
     bool HeapDumpOnOutOfMemoryError               = true                                   {manageable} {command line}
    ccstr HeapDumpPath                             = c:\Users\91993\AppData\Roaming\Code\User\workspaceStorage\244ba854a01daa398e900e74784e95ac\redhat.java         {manageable} {command line}
   size_t InitialHeapSize                          = 104857600                                 {product} {command line}
   size_t MaxHeapSize                              = 1073741824                                {product} {command line}
   size_t MaxNewSize                               = 357564416                                 {product} {ergonomic}
   size_t MinHeapDeltaBytes                        = 524288                                    {product} {ergonomic}
   size_t MinHeapSize                              = 104857600                                 {product} {command line}
   size_t NewSize                                  = 34603008                                  {product} {ergonomic}
    uintx NonNMethodCodeHeapSize                   = 5839372                                {pd product} {ergonomic}
    uintx NonProfiledCodeHeapSize                  = 122909434                              {pd product} {ergonomic}
   size_t OldSize                                  = 70254592                                  {product} {ergonomic}
    uintx ProfiledCodeHeapSize                     = 122909434                              {pd product} {ergonomic}
    uintx ReservedCodeCacheSize                    = 251658240                              {pd product} {ergonomic}
     bool SegmentedCodeCache                       = true                                      {product} {ergonomic}
   size_t SoftMaxHeapSize                          = 1073741824                             {manageable} {ergonomic}
     bool UseCompressedClassPointers               = true                           {product lp64_product} {ergonomic}
     bool UseCompressedOops                        = true                           {product lp64_product} {ergonomic}
     bool UseLargePagesIndividualAllocation        = false                                  {pd product} {ergonomic}
     bool UseParallelGC                            = true                                      {product} {command line}

Logging:
Log output configuration:
 #0: stdout all=off uptime,level,tags
 #1: stderr all=off uptime,level,tags

Environment Variables:
JAVA_HOME=C:\Program Files\Java\jdk-19
PATH=C:\Python311\Scripts\;C:\Python311\;C:\Program Files\Common Files\Oracle\Java\javapath;C:\Program Files (x86)\Common Files\Oracle\Java\javapath;C:\WINDOWS\system32;C:\WINDOWS;C:\WINDOWS\System32\Wbem;C:\WINDOWS\System32\WindowsPowerShell\v1.0\;C:\WINDOWS\System32\OpenSSH\;C:\msys64\mingw64\bin;C:\Users\91993\AppData\Local\Programs\Python\Python310\Scripts\;C:\Users\91993\AppData\Local\Programs\Python\Python310\;C:\Users\91993\AppData\Local\Programs\Python\Python310\Lib\site-packages;C:\Program Files\dotnet\;C:\Program Files\MySQL\MySQL Server 8.0\bin;C:\Program Files\Git\cmd;C:\ProgramData\chocolatey\bin;C:\Program Files\nodejs\;C:\Users\91993\AppData\Local\Android\Sdk\emulator;C:\Users\91993\AppData\Local\Android\Sdk\platform-tools;C:\Users\91993\AppData\Local\Android\Sdk\tools\bin;C:\Users\91993\AppData\Local\Android\Sdk\gradle-7.6\bin;C:\Program Files\PowerShell\7\;C:\Users\91993\AppData\Local\Programs\Python\Python39\Scripts\;C:\Users\91993\AppData\Local\Programs\Python\Python39\;C:\Users\91993\AppData\Local\Microsoft\WindowsApps;D:\Microsoft VS Code\bin;C:\Users\91993\AppData\Local\Programs\Microsoft VS Code\bin;C:\Program Files\Azure Data Studio\bin;C:\Users\91993\AppData\Roaming\Python\Python38\Scripts;C:\Users\91993\AppData\Roaming\Python\Python38;C:\Users\91993\AppData\Local\Programs\Python\Python38-32\Scripts;C:\msys64\mingw64\bin;C:\Users\91993\AppData\Local\Programs\Python\Python310\Lib\site-packages;C:\Users\91993\AppData\Local\Microsoft\WindowsApps;C:\Users\91993\AppData\Roaming\npm;C:\Users\91993\AppData\Roaming\Python\Python311\Scripts;D:\flutter\bin;C:\tools\dart-sdk\bin;C:\Users\91993\AppData\Local\Pub\Cache\bin;C:\Users\91993\AppData\Local\Android\Sdk\cmdline-tools\latest\bin;C:\Users\91993\AppData\Local\Android\Sdk\emulator;C:\Users\91993\AppData\Local\Android\Sdk\platform-tools;C:\Users\91993\AppData\Local\Android\Sdk\tools\bin;
USERNAME=91993
OS=Windows_NT
PROCESSOR_IDENTIFIER=Intel64 Family 6 Model 126 Stepping 5, GenuineIntel
TMP=C:\Users\91993\AppData\Local\Temp
TEMP=C:\Users\91993\AppData\Local\Temp



Periodic native trim disabled


---------------  S Y S T E M  ---------------

OS:
 Windows 11 , 64 bit Build 22621 (10.0.22621.2506)
OS uptime: 2 days 20:36 hours
Hyper-V role detected

CPU: total 8 (initial active 8) (4 cores per cpu, 2 threads per core) family 6 model 126 stepping 5 microcode 0xbc, cx8, cmov, fxsr, ht, mmx, 3dnowpref, sse, sse2, sse3, ssse3, sse4.1, sse4.2, popcnt, lzcnt, tsc, tscinvbit, avx, avx2, aes, erms, clmul, bmi1, bmi2, adx, avx512f, avx512dq, avx512cd, avx512bw, avx512vl, sha, fma, vzeroupper, avx512_vpopcntdq, avx512_vpclmulqdq, avx512_vaes, avx512_vnni, clflush, clflushopt, avx512_vbmi2, avx512_vbmi, hv
Processor Information for all 8 processors :
  Max Mhz: 1190, Current Mhz: 991, Mhz Limit: 987

Memory: 4k page, system-wide physical 7946M (336M free)
TotalPageFile size 9994M (AvailPageFile size 3M)
current process WorkingSet (physical memory assigned to process): 266M, peak: 278M
current process commit charge ("private bytes"): 297M, peak: 910M

vm_info: OpenJDK 64-Bit Server VM (17.0.9+9) for windows-amd64 JRE (17.0.9+9), built on Oct 26 2023 14:01:42 by "admin" with MS VC++ 16.10 / 16.11 (VS2019)

END.
